ninja: no work to do.
glipe_sim2
config
train.py
epoch 0:
loss: 2.1463 || cls: 1.0133
train: acc: 0.6174 || macc: 0.1768 || miou: 0.1257 || iou: [0.5398, 0.8047, 0.0643, 0.1663, 0.3236, 0.1119, 0.2474, 0.0052, 0.0274, 0.0743, 0.0001, 0.0436, 0.0358, 0.0002, 0.0, 0.0001, 0.025, 0.002, 0.0193, 0.024]
val:   acc: 0.6662 || macc: 0.3242 || miou: 0.2247 || iou: [0.6201, 0.9016, 0.1938, 0.3686, 0.5342, 0.1695, 0.4407, 0.0054, 0.1623, 0.1001, 0.0, 0.2873, 0.1649, 0.0, 0.0, 0.0, 0.2621, 0.0292, 0.22, 0.0351]
duration: 967.8225617408752
new best!
epoch 1:
loss: 1.7292 || cls: 0.1746
train: acc: 0.7092 || macc: 0.3598 || miou: 0.2825 || iou: [0.6275, 0.9079, 0.2585, 0.4299, 0.5437, 0.4205, 0.403, 0.0621, 0.1819, 0.2621, 0.0, 0.1996, 0.1737, 0.1249, 0.0215, 0.1658, 0.247, 0.1508, 0.3378, 0.1315]
val:   acc: 0.7586 || macc: 0.4645 || miou: 0.3767 || iou: [0.6748, 0.9072, 0.3071, 0.6111, 0.7395, 0.5278, 0.4384, 0.0613, 0.1029, 0.512, 0.0, 0.38, 0.3537, 0.1673, 0.1598, 0.0783, 0.6311, 0.311, 0.4205, 0.1504]
duration: 1027.884902715683
new best!
epoch 2:
loss: 1.597 || cls: 0.133
train: acc: 0.7602 || macc: 0.5004 || miou: 0.405 || iou: [0.6824, 0.9233, 0.3495, 0.552, 0.6281, 0.5252, 0.4609, 0.1817, 0.3112, 0.4118, 0.0108, 0.2704, 0.2821, 0.3824, 0.1856, 0.3911, 0.4934, 0.3204, 0.5197, 0.2179]
val:   acc: 0.8291 || macc: 0.6542 || miou: 0.5485 || iou: [0.7449, 0.9505, 0.4718, 0.6959, 0.8109, 0.71, 0.6179, 0.3278, 0.3801, 0.6941, 0.0201, 0.4989, 0.4479, 0.5463, 0.3127, 0.4126, 0.7784, 0.4855, 0.747, 0.3166]
duration: 1033.3782346248627
new best!
epoch 3:
loss: 1.5206 || cls: 0.0972
train: acc: 0.7894 || macc: 0.5812 || miou: 0.4787 || iou: [0.7122, 0.9311, 0.3857, 0.6226, 0.6721, 0.5823, 0.5001, 0.2762, 0.3921, 0.4804, 0.106, 0.3332, 0.3442, 0.4787, 0.3163, 0.4918, 0.6274, 0.4199, 0.6236, 0.2781]
val:   acc: 0.8404 || macc: 0.7127 || miou: 0.5849 || iou: [0.7664, 0.9582, 0.473, 0.7436, 0.834, 0.7073, 0.6142, 0.4376, 0.4765, 0.7199, 0.1064, 0.5276, 0.4843, 0.5672, 0.3002, 0.52, 0.8286, 0.5156, 0.7659, 0.3515]
duration: 1035.9382228851318
new best!
epoch 4:
loss: 1.4662 || cls: 0.073
train: acc: 0.8121 || macc: 0.627 || miou: 0.5236 || iou: [0.736, 0.9397, 0.4265, 0.6593, 0.7098, 0.6177, 0.5477, 0.3475, 0.441, 0.5371, 0.1856, 0.3669, 0.4028, 0.5468, 0.3507, 0.5398, 0.6678, 0.4501, 0.6685, 0.3298]
val:   acc: 0.8511 || macc: 0.7453 || miou: 0.6145 || iou: [0.7905, 0.9577, 0.4931, 0.7473, 0.8006, 0.6177, 0.6276, 0.497, 0.5275, 0.6866, 0.2133, 0.5537, 0.5429, 0.6302, 0.4008, 0.6114, 0.8419, 0.5532, 0.7921, 0.4041]
duration: 1037.096783399582
new best!
epoch 5:
loss: 1.4454 || cls: 0.0721
train: acc: 0.8203 || macc: 0.653 || miou: 0.5473 || iou: [0.7473, 0.9412, 0.4587, 0.6729, 0.7168, 0.6264, 0.5415, 0.3813, 0.4606, 0.5378, 0.2484, 0.405, 0.4282, 0.5942, 0.411, 0.5644, 0.6923, 0.4719, 0.6869, 0.3597]
val:   acc: 0.8632 || macc: 0.7295 || miou: 0.6301 || iou: [0.7909, 0.957, 0.495, 0.7275, 0.8643, 0.8191, 0.6422, 0.5136, 0.5176, 0.7302, 0.1979, 0.5236, 0.5387, 0.6697, 0.4083, 0.6436, 0.7933, 0.5742, 0.796, 0.3988]
duration: 1062.6525807380676
new best!
epoch 6:
loss: 1.4403 || cls: 0.1476
train: acc: 0.8275 || macc: 0.6652 || miou: 0.5605 || iou: [0.7545, 0.9431, 0.4614, 0.7038, 0.728, 0.6408, 0.5719, 0.4007, 0.4571, 0.5636, 0.252, 0.4141, 0.4456, 0.6011, 0.4253, 0.5792, 0.6933, 0.4966, 0.7023, 0.3751]
val:   acc: 0.8667 || macc: 0.7349 || miou: 0.6359 || iou: [0.8003, 0.9593, 0.5509, 0.6955, 0.8718, 0.759, 0.6551, 0.5279, 0.4946, 0.7489, 0.1824, 0.6004, 0.61, 0.641, 0.4207, 0.5648, 0.8587, 0.5961, 0.825, 0.3565]
duration: 1078.4534459114075
new best!
epoch 7:
loss: 1.4281 || cls: 0.1176
train: acc: 0.8311 || macc: 0.6752 || miou: 0.5703 || iou: [0.7591, 0.9435, 0.4794, 0.6894, 0.7327, 0.6436, 0.5738, 0.4205, 0.4811, 0.5632, 0.2746, 0.4393, 0.4476, 0.6111, 0.4455, 0.5823, 0.7194, 0.5059, 0.7079, 0.3858]
val:   acc: 0.8631 || macc: 0.7504 || miou: 0.6189 || iou: [0.8035, 0.9605, 0.5301, 0.7256, 0.8745, 0.8244, 0.6351, 0.5039, 0.5185, 0.7409, 0.1994, 0.5928, 0.4586, 0.6287, 0.4346, 0.6073, 0.7443, 0.5721, 0.6384, 0.3842]
duration: 1068.8282494544983
epoch 8:
loss: 1.4116 || cls: 0.0775
train: acc: 0.8359 || macc: 0.6828 || miou: 0.579 || iou: [0.7657, 0.9446, 0.4833, 0.7068, 0.7392, 0.6632, 0.5737, 0.4259, 0.4909, 0.6037, 0.305, 0.4194, 0.4496, 0.6129, 0.4543, 0.5886, 0.7173, 0.5202, 0.7134, 0.4018]
val:   acc: 0.8253 || macc: 0.7357 || miou: 0.5669 || iou: [0.7611, 0.9509, 0.402, 0.7064, 0.8197, 0.7379, 0.5879, 0.4441, 0.4911, 0.6347, 0.2557, 0.4374, 0.4958, 0.5579, 0.2901, 0.4706, 0.7334, 0.5224, 0.7747, 0.2651]
duration: 1069.6256654262543
epoch 9:
loss: 1.4266 || cls: 0.1396
train: acc: 0.8322 || macc: 0.6775 || miou: 0.5738 || iou: [0.7596, 0.9441, 0.4807, 0.7062, 0.7379, 0.6546, 0.5693, 0.4203, 0.4565, 0.5649, 0.2924, 0.423, 0.4472, 0.6113, 0.443, 0.5998, 0.7198, 0.5234, 0.7264, 0.3957]
val:   acc: 0.8664 || macc: 0.7512 || miou: 0.6397 || iou: [0.7991, 0.9604, 0.5466, 0.7781, 0.862, 0.7733, 0.6777, 0.5111, 0.529, 0.7439, 0.301, 0.6296, 0.5508, 0.5676, 0.458, 0.4228, 0.8679, 0.5871, 0.8453, 0.3824]
duration: 1074.2253477573395
new best!
epoch 10:
loss: 1.4025 || cls: 0.0805
train: acc: 0.8398 || macc: 0.6917 || miou: 0.5886 || iou: [0.7693, 0.9469, 0.5014, 0.7176, 0.7477, 0.6463, 0.5891, 0.4426, 0.5021, 0.6039, 0.3025, 0.4345, 0.4703, 0.6215, 0.458, 0.612, 0.7316, 0.5388, 0.7253, 0.4114]
val:   acc: 0.8621 || macc: 0.7223 || miou: 0.6189 || iou: [0.8048, 0.96, 0.5577, 0.7297, 0.8326, 0.6671, 0.6604, 0.5034, 0.5355, 0.6369, 0.2536, 0.6212, 0.5646, 0.5439, 0.4624, 0.4306, 0.8188, 0.583, 0.8246, 0.3876]
duration: 1077.5238723754883
epoch 11:
loss: 1.4263 || cls: 0.3039
train: acc: 0.839 || macc: 0.691 || miou: 0.5872 || iou: [0.7676, 0.9449, 0.4983, 0.7203, 0.7452, 0.6683, 0.5846, 0.4442, 0.5042, 0.5936, 0.2947, 0.4499, 0.468, 0.5924, 0.4837, 0.6, 0.7201, 0.5257, 0.7224, 0.4158]
val:   acc: 0.8696 || macc: 0.7451 || miou: 0.626 || iou: [0.8054, 0.9618, 0.5461, 0.7566, 0.874, 0.7758, 0.6475, 0.5751, 0.4775, 0.7965, 0.1994, 0.4999, 0.5034, 0.6765, 0.4279, 0.4486, 0.8436, 0.5878, 0.7425, 0.3746]
duration: 1077.003042936325
epoch 12:
loss: 1.3837 || cls: 0.0783
train: acc: 0.8477 || macc: 0.7093 || miou: 0.6061 || iou: [0.7785, 0.9485, 0.5106, 0.7274, 0.7588, 0.6764, 0.6024, 0.4781, 0.5162, 0.6323, 0.3297, 0.4623, 0.4871, 0.6286, 0.4875, 0.6284, 0.7489, 0.5482, 0.737, 0.4348]
val:   acc: 0.8666 || macc: 0.7408 || miou: 0.6411 || iou: [0.8043, 0.9525, 0.5448, 0.7632, 0.8475, 0.7059, 0.6477, 0.5478, 0.5128, 0.7277, 0.1651, 0.6011, 0.5002, 0.7047, 0.5262, 0.5928, 0.88, 0.5738, 0.822, 0.4028]
duration: 1058.0649507045746
new best!
epoch 13:
loss: 1.3768 || cls: 0.0825
train: acc: 0.8507 || macc: 0.717 || miou: 0.6141 || iou: [0.7829, 0.9485, 0.5259, 0.7472, 0.7595, 0.692, 0.5969, 0.4776, 0.5191, 0.6412, 0.3419, 0.4682, 0.5024, 0.6345, 0.5215, 0.6321, 0.7433, 0.561, 0.7356, 0.4514]
val:   acc: 0.8752 || macc: 0.7802 || miou: 0.6671 || iou: [0.8149, 0.9599, 0.5847, 0.7774, 0.8808, 0.8082, 0.626, 0.599, 0.512, 0.7499, 0.3129, 0.5545, 0.5521, 0.7022, 0.4686, 0.6629, 0.8955, 0.6123, 0.82, 0.4473]
duration: 1074.952475786209
new best!
epoch 14:
loss: 1.3747 || cls: 0.0959
train: acc: 0.8519 || macc: 0.7198 || miou: 0.6172 || iou: [0.7827, 0.9481, 0.5268, 0.7374, 0.7658, 0.6914, 0.6101, 0.4894, 0.5184, 0.6449, 0.3511, 0.4617, 0.5048, 0.6268, 0.5194, 0.6386, 0.7548, 0.5645, 0.751, 0.4556]
val:   acc: 0.8812 || macc: 0.7506 || miou: 0.6627 || iou: [0.821, 0.9612, 0.5592, 0.745, 0.892, 0.8331, 0.6682, 0.5578, 0.5931, 0.7451, 0.3143, 0.5271, 0.5537, 0.7007, 0.4873, 0.5475, 0.8445, 0.6091, 0.8186, 0.4751]
duration: 1073.9973249435425
epoch 15:
loss: 1.368 || cls: 0.0824
train: acc: 0.8543 || macc: 0.7238 || miou: 0.621 || iou: [0.787, 0.9495, 0.5273, 0.7435, 0.7731, 0.6915, 0.6145, 0.4966, 0.5306, 0.6342, 0.3399, 0.4786, 0.4978, 0.6527, 0.5103, 0.644, 0.7541, 0.5775, 0.7491, 0.4677]
val:   acc: 0.8769 || macc: 0.7335 || miou: 0.6462 || iou: [0.8141, 0.9617, 0.6004, 0.775, 0.8779, 0.7923, 0.6338, 0.469, 0.5729, 0.7681, 0.1181, 0.5968, 0.5257, 0.6769, 0.4052, 0.551, 0.8728, 0.6135, 0.7935, 0.5055]
duration: 1072.1851303577423
epoch 16:
loss: 1.3702 || cls: 0.1611
train: acc: 0.8562 || macc: 0.7279 || miou: 0.6257 || iou: [0.7888, 0.95, 0.5357, 0.7515, 0.7694, 0.702, 0.6135, 0.4961, 0.5277, 0.6459, 0.3523, 0.4819, 0.5099, 0.6527, 0.5227, 0.6638, 0.7584, 0.5763, 0.7494, 0.465]
val:   acc: 0.8682 || macc: 0.7425 || miou: 0.6396 || iou: [0.8056, 0.9575, 0.5698, 0.6714, 0.8321, 0.6924, 0.6581, 0.5351, 0.5731, 0.7582, 0.2766, 0.5655, 0.5902, 0.557, 0.4958, 0.5607, 0.8872, 0.5803, 0.7996, 0.4262]
duration: 1065.503518819809
epoch 17:
loss: 1.3524 || cls: 0.0654
train: acc: 0.8602 || macc: 0.7376 || miou: 0.6362 || iou: [0.7926, 0.9509, 0.5455, 0.757, 0.7792, 0.7067, 0.6161, 0.514, 0.5492, 0.6741, 0.3648, 0.4787, 0.5203, 0.6587, 0.5327, 0.6671, 0.7738, 0.5853, 0.7651, 0.4916]
val:   acc: 0.8887 || macc: 0.7902 || miou: 0.6871 || iou: [0.8345, 0.9631, 0.617, 0.7867, 0.8754, 0.7486, 0.7084, 0.6048, 0.578, 0.7405, 0.2988, 0.6079, 0.5976, 0.7404, 0.5511, 0.6372, 0.8941, 0.5834, 0.8175, 0.5576]
duration: 1067.9664759635925
new best!
epoch 18:
loss: 1.3521 || cls: 0.0921
train: acc: 0.8611 || macc: 0.7401 || miou: 0.6391 || iou: [0.7939, 0.9509, 0.5456, 0.7587, 0.7818, 0.7169, 0.6247, 0.5162, 0.5548, 0.6688, 0.3685, 0.4832, 0.5244, 0.6739, 0.5504, 0.6663, 0.7698, 0.5863, 0.7641, 0.4827]
val:   acc: 0.8832 || macc: 0.7733 || miou: 0.6707 || iou: [0.8166, 0.9595, 0.5474, 0.8089, 0.8755, 0.7923, 0.7136, 0.591, 0.584, 0.767, 0.2431, 0.6057, 0.6115, 0.6871, 0.5183, 0.6253, 0.8628, 0.5748, 0.7862, 0.4442]
duration: 1062.937034368515
epoch 19:
loss: 1.3465 || cls: 0.0759
train: acc: 0.8635 || macc: 0.7434 || miou: 0.6431 || iou: [0.7957, 0.9514, 0.5566, 0.7655, 0.7873, 0.7144, 0.6313, 0.5206, 0.5588, 0.6803, 0.3644, 0.4918, 0.5293, 0.6714, 0.5435, 0.67, 0.778, 0.5805, 0.7705, 0.5]
val:   acc: 0.8867 || macc: 0.7756 || miou: 0.6817 || iou: [0.8224, 0.9631, 0.5838, 0.7915, 0.886, 0.8284, 0.7096, 0.6282, 0.5485, 0.7495, 0.3131, 0.5835, 0.6158, 0.7064, 0.5386, 0.5942, 0.9042, 0.6122, 0.7876, 0.4667]
duration: 1054.2338421344757
epoch 20:
loss: 1.346 || cls: 0.101
train: acc: 0.8646 || macc: 0.7444 || miou: 0.6443 || iou: [0.7978, 0.9513, 0.5533, 0.7679, 0.7877, 0.7181, 0.632, 0.5246, 0.5476, 0.6726, 0.3675, 0.5001, 0.5389, 0.6686, 0.5459, 0.6818, 0.7722, 0.5838, 0.7717, 0.5027]
val:   acc: 0.8739 || macc: 0.7454 || miou: 0.6561 || iou: [0.8038, 0.9615, 0.5416, 0.7561, 0.8723, 0.8332, 0.6791, 0.4715, 0.5531, 0.7917, 0.2869, 0.6182, 0.5783, 0.6554, 0.3974, 0.6228, 0.8893, 0.5727, 0.8302, 0.4075]
duration: 1057.109603881836
epoch 21:
loss: 1.3394 || cls: 0.0691
train: acc: 0.8659 || macc: 0.7487 || miou: 0.6492 || iou: [0.7991, 0.9527, 0.5614, 0.7785, 0.7862, 0.7184, 0.6369, 0.5268, 0.5713, 0.6658, 0.3675, 0.5011, 0.545, 0.6776, 0.5668, 0.6658, 0.7829, 0.5959, 0.781, 0.503]
val:   acc: 0.8825 || macc: 0.7527 || miou: 0.668 || iou: [0.8211, 0.9599, 0.5991, 0.7849, 0.8703, 0.8, 0.7034, 0.6002, 0.523, 0.7714, 0.3264, 0.5613, 0.553, 0.706, 0.4513, 0.5853, 0.8824, 0.5892, 0.8419, 0.4303]
duration: 1066.127510547638
epoch 22:
loss: 1.338 || cls: 0.1222
train: acc: 0.868 || macc: 0.7502 || miou: 0.6511 || iou: [0.8022, 0.9519, 0.572, 0.7694, 0.7916, 0.7238, 0.6404, 0.5301, 0.551, 0.6898, 0.3768, 0.5111, 0.5313, 0.6752, 0.5685, 0.674, 0.7812, 0.5963, 0.7755, 0.51]
val:   acc: 0.8736 || macc: 0.7584 || miou: 0.6606 || iou: [0.828, 0.9541, 0.5309, 0.7894, 0.8618, 0.7764, 0.6567, 0.4737, 0.5871, 0.7631, 0.2666, 0.6169, 0.5916, 0.6401, 0.4646, 0.5842, 0.9152, 0.6261, 0.8332, 0.4518]
duration: 1068.226737499237
epoch 23:
loss: 1.3306 || cls: 0.0708
train: acc: 0.87 || macc: 0.7556 || miou: 0.6567 || iou: [0.8064, 0.9522, 0.5732, 0.7741, 0.7903, 0.725, 0.6407, 0.54, 0.5729, 0.6925, 0.3771, 0.5163, 0.534, 0.6922, 0.572, 0.6811, 0.7857, 0.5931, 0.7889, 0.5263]
val:   acc: 0.8755 || macc: 0.7576 || miou: 0.6628 || iou: [0.8215, 0.9596, 0.538, 0.7872, 0.8735, 0.8182, 0.5243, 0.5896, 0.5656, 0.7411, 0.3361, 0.6302, 0.5534, 0.6597, 0.4738, 0.6334, 0.8438, 0.6276, 0.8459, 0.4335]
duration: 1058.8902032375336
epoch 24:
loss: 1.3258 || cls: 0.068
train: acc: 0.8716 || macc: 0.7596 || miou: 0.6609 || iou: [0.8055, 0.9532, 0.5815, 0.7846, 0.7974, 0.7371, 0.6491, 0.5373, 0.5805, 0.6885, 0.4003, 0.522, 0.5464, 0.6951, 0.5689, 0.6765, 0.7873, 0.5956, 0.7894, 0.5223]
val:   acc: 0.888 || macc: 0.7632 || miou: 0.6783 || iou: [0.8339, 0.9609, 0.6065, 0.7785, 0.8864, 0.8145, 0.7145, 0.5969, 0.6034, 0.7362, 0.2935, 0.6384, 0.6452, 0.6423, 0.4589, 0.5814, 0.8979, 0.5988, 0.8042, 0.4733]
duration: 1059.4573237895966
epoch 25:
loss: 1.3305 || cls: 0.1231
train: acc: 0.8708 || macc: 0.7596 || miou: 0.6601 || iou: [0.8058, 0.953, 0.5805, 0.7766, 0.7966, 0.7273, 0.6442, 0.5431, 0.5729, 0.6878, 0.413, 0.5179, 0.5449, 0.6803, 0.5824, 0.6941, 0.7846, 0.5963, 0.7835, 0.5162]
val:   acc: 0.8877 || macc: 0.7605 || miou: 0.68 || iou: [0.8309, 0.9613, 0.5793, 0.7753, 0.8803, 0.7832, 0.7291, 0.621, 0.5344, 0.7205, 0.3131, 0.6481, 0.6121, 0.7109, 0.5325, 0.5638, 0.887, 0.6329, 0.7872, 0.4979]
duration: 1068.3990285396576
epoch 26:
loss: 1.3219 || cls: 0.0685
train: acc: 0.8735 || macc: 0.7624 || miou: 0.6641 || iou: [0.8109, 0.953, 0.5831, 0.7795, 0.8016, 0.7354, 0.656, 0.5477, 0.5836, 0.7058, 0.3987, 0.5083, 0.5563, 0.6839, 0.572, 0.6854, 0.7897, 0.6096, 0.7895, 0.5323]
val:   acc: 0.8873 || macc: 0.7569 || miou: 0.6692 || iou: [0.8318, 0.961, 0.5928, 0.7656, 0.8791, 0.7908, 0.7178, 0.6006, 0.6064, 0.7396, 0.2738, 0.3085, 0.6305, 0.7004, 0.5181, 0.6537, 0.8761, 0.6148, 0.8365, 0.4865]
duration: 1073.1975297927856
epoch 27:
loss: 1.3159 || cls: 0.0703
train: acc: 0.8757 || macc: 0.7675 || miou: 0.6697 || iou: [0.813, 0.9545, 0.5951, 0.7841, 0.7999, 0.7283, 0.6469, 0.5566, 0.588, 0.7159, 0.3992, 0.5331, 0.5582, 0.689, 0.5905, 0.6939, 0.8004, 0.6066, 0.8, 0.5414]
val:   acc: 0.8896 || macc: 0.771 || miou: 0.682 || iou: [0.8353, 0.9622, 0.6142, 0.7786, 0.8674, 0.757, 0.7244, 0.6168, 0.5867, 0.787, 0.3145, 0.6665, 0.6482, 0.6555, 0.5569, 0.5053, 0.8584, 0.5952, 0.8259, 0.483]
duration: 1063.3091187477112
epoch 28:
loss: 1.3199 || cls: 0.0816
train: acc: 0.8741 || macc: 0.7655 || miou: 0.6676 || iou: [0.8091, 0.9533, 0.5923, 0.7868, 0.8029, 0.7317, 0.6525, 0.5476, 0.5822, 0.7172, 0.4018, 0.5243, 0.5601, 0.692, 0.5752, 0.6876, 0.7916, 0.6143, 0.7897, 0.5401]
val:   acc: 0.8898 || macc: 0.7629 || miou: 0.6767 || iou: [0.8391, 0.9608, 0.611, 0.775, 0.8888, 0.8047, 0.7096, 0.583, 0.5678, 0.7425, 0.2214, 0.4249, 0.6003, 0.7664, 0.5528, 0.6286, 0.8853, 0.5924, 0.8313, 0.5492]
duration: 1066.7001836299896
epoch 29:
loss: 1.3138 || cls: 0.0917
train: acc: 0.8772 || macc: 0.7709 || miou: 0.6735 || iou: [0.8118, 0.9547, 0.5959, 0.7897, 0.8097, 0.7454, 0.6588, 0.5583, 0.5897, 0.7147, 0.3922, 0.5312, 0.5464, 0.6976, 0.6158, 0.7102, 0.7933, 0.6084, 0.7934, 0.5522]
val:   acc: 0.8927 || macc: 0.7657 || miou: 0.6825 || iou: [0.8401, 0.9622, 0.586, 0.7966, 0.881, 0.7754, 0.7234, 0.6511, 0.62, 0.7595, 0.2793, 0.6631, 0.6376, 0.6606, 0.456, 0.5225, 0.9099, 0.5947, 0.8292, 0.5012]
duration: 1065.4821701049805
epoch 30:
loss: 1.3133 || cls: 0.0913
train: acc: 0.8774 || macc: 0.7732 || miou: 0.6763 || iou: [0.8138, 0.9535, 0.6013, 0.7897, 0.8039, 0.7457, 0.6611, 0.5604, 0.59, 0.6968, 0.4185, 0.543, 0.5525, 0.706, 0.6072, 0.7061, 0.8061, 0.6154, 0.8025, 0.5534]
val:   acc: 0.8949 || macc: 0.7638 || miou: 0.6798 || iou: [0.8489, 0.9621, 0.5958, 0.7725, 0.8938, 0.8024, 0.7185, 0.6546, 0.6325, 0.7568, 0.2092, 0.6085, 0.5772, 0.6942, 0.4564, 0.5504, 0.926, 0.5931, 0.8263, 0.5164]
duration: 1065.4579842090607
epoch 31:
loss: 1.31 || cls: 0.088
train: acc: 0.8787 || macc: 0.7737 || miou: 0.6769 || iou: [0.815, 0.9546, 0.5976, 0.7878, 0.8079, 0.7423, 0.6696, 0.5626, 0.5948, 0.7052, 0.4199, 0.5318, 0.5771, 0.7006, 0.5999, 0.6914, 0.7983, 0.615, 0.8105, 0.5563]
val:   acc: 0.8904 || macc: 0.7797 || miou: 0.6916 || iou: [0.8336, 0.9614, 0.6121, 0.8078, 0.8734, 0.8115, 0.6998, 0.5905, 0.6068, 0.7866, 0.3124, 0.6563, 0.5883, 0.7406, 0.5283, 0.6225, 0.8697, 0.6183, 0.8462, 0.465]
duration: 1059.5613903999329
new best!
epoch 32:
loss: 1.3058 || cls: 0.0882
train: acc: 0.8806 || macc: 0.7778 || miou: 0.6816 || iou: [0.8165, 0.9553, 0.6037, 0.7993, 0.8122, 0.7512, 0.6621, 0.5652, 0.5928, 0.7233, 0.4254, 0.5426, 0.5773, 0.7136, 0.5923, 0.7054, 0.8035, 0.618, 0.8056, 0.567]
val:   acc: 0.8907 || macc: 0.75 || miou: 0.6806 || iou: [0.8193, 0.9623, 0.598, 0.8079, 0.8916, 0.8707, 0.7207, 0.5362, 0.6037, 0.8125, 0.1733, 0.5014, 0.6292, 0.7231, 0.4794, 0.6158, 0.898, 0.6182, 0.8207, 0.531]
duration: 1064.0049908161163
epoch 33:
loss: 1.3063 || cls: 0.1162
train: acc: 0.8807 || macc: 0.7816 || miou: 0.6857 || iou: [0.8173, 0.9543, 0.6099, 0.7936, 0.8102, 0.7414, 0.6681, 0.5633, 0.6039, 0.719, 0.4448, 0.5544, 0.5795, 0.7117, 0.6145, 0.728, 0.8018, 0.6284, 0.8049, 0.564]
val:   acc: 0.8961 || macc: 0.794 || miou: 0.703 || iou: [0.8431, 0.9641, 0.6198, 0.773, 0.8875, 0.797, 0.7051, 0.6499, 0.6562, 0.8044, 0.3421, 0.6781, 0.5802, 0.7419, 0.5686, 0.6812, 0.8716, 0.6164, 0.7971, 0.483]
duration: 1061.5350980758667
new best!
epoch 34:
loss: 1.3002 || cls: 0.0851
train: acc: 0.8826 || macc: 0.7805 || miou: 0.6847 || iou: [0.8195, 0.9555, 0.6089, 0.7984, 0.8143, 0.7555, 0.6702, 0.571, 0.6136, 0.7188, 0.3963, 0.5428, 0.5843, 0.7201, 0.6031, 0.7137, 0.7993, 0.6247, 0.8128, 0.5716]
val:   acc: 0.8901 || macc: 0.7666 || miou: 0.6841 || iou: [0.8259, 0.9635, 0.6093, 0.7878, 0.8732, 0.7669, 0.7235, 0.6097, 0.5349, 0.7984, 0.2151, 0.6439, 0.642, 0.7141, 0.5651, 0.5416, 0.9003, 0.6053, 0.8341, 0.5269]
duration: 1053.282154083252
epoch 35:
loss: 1.2962 || cls: 0.085
train: acc: 0.8845 || macc: 0.7866 || miou: 0.6912 || iou: [0.8223, 0.9555, 0.62, 0.7944, 0.817, 0.7532, 0.6736, 0.5829, 0.6264, 0.7201, 0.4424, 0.5569, 0.5736, 0.7154, 0.619, 0.7115, 0.8167, 0.6368, 0.8039, 0.5828]
val:   acc: 0.8909 || macc: 0.7913 || miou: 0.6878 || iou: [0.8385, 0.9636, 0.617, 0.7232, 0.8882, 0.7563, 0.7121, 0.6068, 0.6335, 0.8061, 0.3409, 0.628, 0.6174, 0.7161, 0.5716, 0.4644, 0.8939, 0.6376, 0.847, 0.493]
duration: 1048.7463719844818
epoch 36:
loss: 1.298 || cls: 0.1038
train: acc: 0.8839 || macc: 0.7863 || miou: 0.691 || iou: [0.8203, 0.9561, 0.6101, 0.8122, 0.8134, 0.7486, 0.6802, 0.577, 0.6025, 0.7412, 0.4387, 0.5473, 0.5812, 0.7106, 0.6211, 0.7258, 0.8049, 0.6272, 0.8233, 0.5777]
val:   acc: 0.892 || macc: 0.7788 || miou: 0.6916 || iou: [0.8441, 0.9598, 0.6326, 0.8064, 0.8733, 0.7624, 0.7065, 0.6151, 0.5897, 0.7812, 0.2965, 0.6513, 0.58, 0.7203, 0.5534, 0.5997, 0.8831, 0.6382, 0.8437, 0.4941]
duration: 1052.5787026882172
epoch 37:
loss: 1.2939 || cls: 0.1027
train: acc: 0.8857 || macc: 0.7889 || miou: 0.6936 || iou: [0.8246, 0.9557, 0.6214, 0.8065, 0.8186, 0.7579, 0.6775, 0.5848, 0.6103, 0.7257, 0.4294, 0.5518, 0.5868, 0.7315, 0.6294, 0.7237, 0.8195, 0.6214, 0.8115, 0.585]
val:   acc: 0.8955 || macc: 0.7756 || miou: 0.6971 || iou: [0.8439, 0.9586, 0.606, 0.7928, 0.8942, 0.8345, 0.7098, 0.6437, 0.6312, 0.7802, 0.2941, 0.5409, 0.6519, 0.7204, 0.4887, 0.6911, 0.8975, 0.6413, 0.8409, 0.4804]
duration: 1055.9714863300323
epoch 38:
loss: 1.2894 || cls: 0.0898
train: acc: 0.8875 || macc: 0.7927 || miou: 0.6983 || iou: [0.8253, 0.9562, 0.6267, 0.8087, 0.8243, 0.7584, 0.6901, 0.5844, 0.6259, 0.7354, 0.4553, 0.5508, 0.6009, 0.7232, 0.6262, 0.7233, 0.8099, 0.6387, 0.8166, 0.585]
val:   acc: 0.895 || macc: 0.7754 || miou: 0.6874 || iou: [0.8505, 0.9581, 0.6192, 0.7841, 0.8925, 0.7991, 0.673, 0.644, 0.5963, 0.7988, 0.2918, 0.5854, 0.5972, 0.659, 0.565, 0.5769, 0.8561, 0.602, 0.8445, 0.5536]
duration: 1058.0000212192535
epoch 39:
loss: 1.2882 || cls: 0.0927
train: acc: 0.8881 || macc: 0.7946 || miou: 0.7005 || iou: [0.8265, 0.9568, 0.6295, 0.8095, 0.8213, 0.7528, 0.6887, 0.5864, 0.6295, 0.7428, 0.4558, 0.5598, 0.5962, 0.734, 0.6389, 0.732, 0.814, 0.6289, 0.8097, 0.5962]
val:   acc: 0.8969 || macc: 0.7856 || miou: 0.7032 || iou: [0.8505, 0.9639, 0.6338, 0.7983, 0.8935, 0.8191, 0.7146, 0.6121, 0.5792, 0.771, 0.3486, 0.6478, 0.5638, 0.6968, 0.5483, 0.6839, 0.9114, 0.6271, 0.8616, 0.5386]
duration: 1070.9322319030762
new best!
epoch 40:
loss: 1.2854 || cls: 0.1016
train: acc: 0.8896 || macc: 0.7969 || miou: 0.7038 || iou: [0.8284, 0.9566, 0.6346, 0.809, 0.8222, 0.762, 0.6866, 0.5927, 0.6252, 0.7435, 0.4469, 0.5662, 0.6085, 0.7463, 0.6486, 0.7226, 0.8175, 0.6327, 0.8276, 0.5976]
val:   acc: 0.8948 || macc: 0.7878 || miou: 0.7033 || iou: [0.8422, 0.9608, 0.627, 0.7822, 0.8955, 0.8366, 0.7017, 0.6115, 0.5738, 0.7121, 0.3171, 0.6925, 0.6406, 0.759, 0.5369, 0.6632, 0.9005, 0.634, 0.8568, 0.5215]
duration: 1065.1698286533356
new best!
epoch 41:
loss: 1.2871 || cls: 0.1237
train: acc: 0.8884 || macc: 0.7937 || miou: 0.6999 || iou: [0.8274, 0.9558, 0.6351, 0.8143, 0.8213, 0.7624, 0.6894, 0.5949, 0.6125, 0.7312, 0.4476, 0.5725, 0.5963, 0.7246, 0.6352, 0.7149, 0.8169, 0.6336, 0.8136, 0.5988]
val:   acc: 0.894 || macc: 0.7904 || miou: 0.6966 || iou: [0.8371, 0.9615, 0.6588, 0.8084, 0.8948, 0.8106, 0.7388, 0.591, 0.6408, 0.7761, 0.3464, 0.6373, 0.6528, 0.6285, 0.4912, 0.5571, 0.9007, 0.6183, 0.85, 0.5315]
duration: 1072.2602434158325
epoch 42:
loss: 1.2818 || cls: 0.092
train: acc: 0.8907 || macc: 0.8018 || miou: 0.7082 || iou: [0.8303, 0.9568, 0.6411, 0.8116, 0.8279, 0.7751, 0.6916, 0.5934, 0.631, 0.7414, 0.4722, 0.5696, 0.6082, 0.7316, 0.6614, 0.7349, 0.8215, 0.6484, 0.8164, 0.5994]
val:   acc: 0.8818 || macc: 0.7548 || miou: 0.6715 || iou: [0.8279, 0.9297, 0.6234, 0.7707, 0.8569, 0.8027, 0.6065, 0.6021, 0.5982, 0.7744, 0.2267, 0.603, 0.6291, 0.743, 0.5217, 0.592, 0.8743, 0.5785, 0.8273, 0.4412]
duration: 1066.443681716919
epoch 43:
loss: 1.2808 || cls: 0.119
train: acc: 0.8914 || macc: 0.8006 || miou: 0.7075 || iou: [0.8302, 0.9566, 0.6451, 0.8167, 0.8252, 0.7647, 0.7001, 0.5986, 0.6322, 0.7411, 0.4594, 0.5651, 0.6188, 0.7301, 0.6498, 0.7197, 0.8196, 0.6483, 0.8165, 0.6122]
val:   acc: 0.8988 || macc: 0.7904 || miou: 0.7052 || iou: [0.8432, 0.9625, 0.6486, 0.7986, 0.8954, 0.8124, 0.7135, 0.6517, 0.6182, 0.785, 0.339, 0.6426, 0.6423, 0.7485, 0.4972, 0.6844, 0.8818, 0.6432, 0.7884, 0.5078]
duration: 1077.9324595928192
new best!
epoch 44:
loss: 1.2742 || cls: 0.0958
train: acc: 0.8942 || macc: 0.8061 || miou: 0.7144 || iou: [0.8343, 0.9575, 0.6484, 0.824, 0.8281, 0.764, 0.7072, 0.6051, 0.6344, 0.7623, 0.4585, 0.5704, 0.6241, 0.7369, 0.661, 0.7444, 0.8277, 0.6484, 0.825, 0.6272]
val:   acc: 0.9014 || macc: 0.7959 || miou: 0.7152 || iou: [0.8538, 0.9619, 0.6682, 0.7928, 0.8915, 0.8028, 0.7149, 0.6315, 0.5913, 0.7706, 0.2959, 0.6978, 0.6243, 0.764, 0.5839, 0.6951, 0.8939, 0.6638, 0.8308, 0.5747]
duration: 1067.0191485881805
new best!
epoch 45:
loss: 1.2745 || cls: 0.107
train: acc: 0.894 || macc: 0.8047 || miou: 0.7123 || iou: [0.8343, 0.9576, 0.6483, 0.8209, 0.8296, 0.7758, 0.7015, 0.6077, 0.6467, 0.7484, 0.4615, 0.5722, 0.6113, 0.7358, 0.6494, 0.7432, 0.8223, 0.6334, 0.8334, 0.6137]
val:   acc: 0.8988 || macc: 0.7762 || miou: 0.7041 || iou: [0.8399, 0.9599, 0.6406, 0.7691, 0.8948, 0.8238, 0.7361, 0.616, 0.6277, 0.7922, 0.1982, 0.6889, 0.6501, 0.7402, 0.5439, 0.655, 0.8871, 0.6346, 0.8311, 0.5527]
duration: 1064.4578790664673
epoch 46:
loss: 1.2701 || cls: 0.103
train: acc: 0.8958 || macc: 0.8108 || miou: 0.7199 || iou: [0.8358, 0.9576, 0.6561, 0.8279, 0.8361, 0.7817, 0.7051, 0.6119, 0.6503, 0.7529, 0.4737, 0.5871, 0.6201, 0.759, 0.6611, 0.7513, 0.8251, 0.6491, 0.8273, 0.6287]
val:   acc: 0.9015 || macc: 0.7926 || miou: 0.7122 || iou: [0.849, 0.9635, 0.6331, 0.7929, 0.915, 0.8721, 0.7273, 0.6224, 0.6129, 0.7488, 0.3057, 0.6845, 0.6556, 0.7502, 0.5584, 0.634, 0.9071, 0.6477, 0.8185, 0.5461]
duration: 1067.3130633831024
epoch 47:
loss: 1.2685 || cls: 0.1105
train: acc: 0.8967 || macc: 0.8113 || miou: 0.721 || iou: [0.8378, 0.9575, 0.6555, 0.8282, 0.831, 0.7738, 0.7089, 0.6159, 0.6578, 0.7581, 0.4801, 0.5963, 0.6248, 0.7506, 0.6625, 0.7464, 0.8267, 0.6501, 0.8236, 0.6336]
val:   acc: 0.8997 || macc: 0.7927 || miou: 0.7096 || iou: [0.848, 0.9642, 0.6026, 0.8036, 0.9012, 0.7962, 0.7111, 0.6446, 0.6592, 0.763, 0.3057, 0.6636, 0.5833, 0.7479, 0.6315, 0.6156, 0.9027, 0.6489, 0.8535, 0.5456]
duration: 1072.6578867435455
epoch 48:
loss: 1.2665 || cls: 0.1258
train: acc: 0.8976 || macc: 0.8133 || miou: 0.7232 || iou: [0.8379, 0.9574, 0.6668, 0.8272, 0.8369, 0.7813, 0.7109, 0.6151, 0.6476, 0.7706, 0.4564, 0.5946, 0.6331, 0.761, 0.6764, 0.7469, 0.825, 0.6668, 0.8199, 0.6325]
val:   acc: 0.9046 || macc: 0.7943 || miou: 0.7119 || iou: [0.8546, 0.9649, 0.666, 0.8044, 0.9029, 0.826, 0.7377, 0.6411, 0.6414, 0.8102, 0.2534, 0.6583, 0.6257, 0.7494, 0.5405, 0.6231, 0.9045, 0.6285, 0.8393, 0.5659]
duration: 1071.2995557785034
epoch 49:
loss: 1.2657 || cls: 0.1104
train: acc: 0.8977 || macc: 0.8139 || miou: 0.7239 || iou: [0.8393, 0.9579, 0.6639, 0.8292, 0.8381, 0.7827, 0.7082, 0.6186, 0.6504, 0.7678, 0.4666, 0.596, 0.6256, 0.757, 0.6715, 0.7605, 0.8289, 0.6578, 0.8321, 0.6257]
val:   acc: 0.8994 || macc: 0.7999 || miou: 0.713 || iou: [0.8484, 0.962, 0.6496, 0.7935, 0.9114, 0.836, 0.7128, 0.6404, 0.6265, 0.7619, 0.3544, 0.6492, 0.6183, 0.7378, 0.6188, 0.6275, 0.8961, 0.6487, 0.8452, 0.5212]
duration: 1065.0005979537964
epoch 50:
loss: 1.2609 || cls: 0.0975
train: acc: 0.8997 || macc: 0.8166 || miou: 0.7276 || iou: [0.8409, 0.9585, 0.6689, 0.8341, 0.8346, 0.7857, 0.7208, 0.6237, 0.658, 0.7652, 0.4742, 0.5996, 0.636, 0.7586, 0.6774, 0.7438, 0.8315, 0.6642, 0.8322, 0.6444]
val:   acc: 0.9017 || macc: 0.786 || miou: 0.7071 || iou: [0.8442, 0.9655, 0.6467, 0.7756, 0.9042, 0.8225, 0.7347, 0.6351, 0.6442, 0.8146, 0.295, 0.6101, 0.6193, 0.735, 0.531, 0.6045, 0.899, 0.644, 0.8489, 0.567]
duration: 1067.7518260478973
epoch 51:
loss: 1.2595 || cls: 0.1037
train: acc: 0.9003 || macc: 0.8199 || miou: 0.7307 || iou: [0.8423, 0.959, 0.6757, 0.8287, 0.838, 0.7828, 0.7196, 0.6248, 0.6627, 0.7697, 0.4962, 0.6063, 0.6299, 0.7593, 0.6867, 0.7568, 0.8393, 0.6558, 0.841, 0.64]
val:   acc: 0.9021 || macc: 0.7872 || miou: 0.7085 || iou: [0.8499, 0.9642, 0.6566, 0.7595, 0.8995, 0.8151, 0.7298, 0.6264, 0.6501, 0.8001, 0.2953, 0.6499, 0.6551, 0.6936, 0.4641, 0.6297, 0.9302, 0.6583, 0.8612, 0.5824]
duration: 1071.9216213226318
epoch 52:
loss: 1.2549 || cls: 0.1158
train: acc: 0.9025 || macc: 0.8217 || miou: 0.7333 || iou: [0.8451, 0.9588, 0.6788, 0.8377, 0.8429, 0.7942, 0.7276, 0.6373, 0.6653, 0.7759, 0.4836, 0.6101, 0.6474, 0.7612, 0.6879, 0.7462, 0.8301, 0.6535, 0.8328, 0.6498]
val:   acc: 0.902 || macc: 0.7878 || miou: 0.7072 || iou: [0.856, 0.96, 0.6499, 0.7872, 0.9009, 0.8172, 0.7327, 0.6292, 0.6311, 0.8002, 0.3237, 0.6661, 0.6377, 0.6934, 0.5058, 0.5709, 0.9104, 0.6449, 0.8491, 0.5769]
duration: 1073.184157371521
epoch 53:
loss: 1.2521 || cls: 0.1062
train: acc: 0.904 || macc: 0.8264 || miou: 0.7393 || iou: [0.8457, 0.9596, 0.6849, 0.8329, 0.8448, 0.7973, 0.7262, 0.6297, 0.6728, 0.7755, 0.5103, 0.6147, 0.651, 0.7719, 0.6939, 0.7744, 0.8386, 0.6597, 0.8436, 0.659]
val:   acc: 0.8989 || macc: 0.792 || miou: 0.7149 || iou: [0.8437, 0.9616, 0.6101, 0.7775, 0.9105, 0.8569, 0.7376, 0.6088, 0.6265, 0.8196, 0.3383, 0.6522, 0.6535, 0.7343, 0.5992, 0.6759, 0.9169, 0.6587, 0.8323, 0.4843]
duration: 1067.6883020401
epoch 54:
loss: 1.2497 || cls: 0.0992
train: acc: 0.9049 || macc: 0.8266 || miou: 0.7396 || iou: [0.8479, 0.9593, 0.6873, 0.8414, 0.8457, 0.8008, 0.729, 0.64, 0.67, 0.7869, 0.519, 0.6031, 0.6493, 0.7572, 0.6955, 0.7477, 0.8419, 0.6651, 0.8419, 0.6634]
val:   acc: 0.9054 || macc: 0.8059 || miou: 0.7245 || iou: [0.855, 0.9624, 0.6365, 0.8122, 0.9072, 0.8365, 0.7515, 0.6608, 0.6605, 0.7412, 0.3442, 0.6603, 0.6401, 0.7555, 0.5548, 0.6942, 0.9217, 0.6462, 0.8486, 0.5999]
duration: 1068.3204827308655
new best!
