ninja: no work to do.
glipe_sim
config
train.py
epoch 0:
loss: 2.1159 || cls: 0.914
train: acc: 0.6212 || macc: 0.1858 || miou: 0.1338 || iou: [0.544, 0.8142, 0.0767, 0.1901, 0.3329, 0.1207, 0.2528, 0.0052, 0.0359, 0.082, 0.0002, 0.0487, 0.0477, 0.0006, 0.0, 0.0002, 0.034, 0.0028, 0.0453, 0.0412]
val:   acc: 0.7051 || macc: 0.3216 || miou: 0.2415 || iou: [0.6418, 0.939, 0.2676, 0.4364, 0.5749, 0.4286, 0.3909, 0.0068, 0.1109, 0.2396, 0.0, 0.1073, 0.1268, 0.0034, 0.0, 0.0005, 0.2938, 0.0075, 0.2184, 0.036]
duration: 830.8416616916656
new best!
epoch 1:
loss: 1.7099 || cls: 0.1487
train: acc: 0.7145 || macc: 0.375 || miou: 0.2956 || iou: [0.6338, 0.909, 0.2657, 0.4536, 0.5467, 0.4263, 0.4139, 0.0616, 0.2058, 0.2778, 0.0001, 0.2084, 0.1957, 0.1322, 0.0454, 0.1934, 0.2887, 0.1548, 0.3605, 0.1392]
val:   acc: 0.7734 || macc: 0.5399 || miou: 0.4152 || iou: [0.715, 0.948, 0.3974, 0.4121, 0.7383, 0.5711, 0.5512, 0.1098, 0.342, 0.3007, 0.0, 0.0929, 0.2176, 0.4038, 0.2063, 0.4455, 0.6365, 0.3495, 0.6921, 0.1747]
duration: 877.3979599475861
new best!
epoch 2:
loss: 1.587 || cls: 0.1197
train: acc: 0.7644 || macc: 0.511 || miou: 0.4151 || iou: [0.6849, 0.9264, 0.3524, 0.5704, 0.6307, 0.5291, 0.4746, 0.1733, 0.3283, 0.4063, 0.0073, 0.2875, 0.2966, 0.4068, 0.2277, 0.4016, 0.5164, 0.3301, 0.538, 0.2137]
val:   acc: 0.8031 || macc: 0.6426 || miou: 0.5052 || iou: [0.7406, 0.9519, 0.3698, 0.6249, 0.7933, 0.6985, 0.5654, 0.3148, 0.4185, 0.6376, 0.0507, 0.4983, 0.3501, 0.2882, 0.2518, 0.4755, 0.7626, 0.4892, 0.6773, 0.1453]
duration: 894.9396975040436
new best!
epoch 3:
loss: 1.5273 || cls: 0.1367
train: acc: 0.7899 || macc: 0.5792 || miou: 0.4776 || iou: [0.7118, 0.9334, 0.3939, 0.6334, 0.6748, 0.5809, 0.504, 0.2696, 0.3855, 0.4799, 0.101, 0.3406, 0.3525, 0.5012, 0.3333, 0.4658, 0.6007, 0.4105, 0.604, 0.2752]
val:   acc: 0.8099 || macc: 0.6862 || miou: 0.5545 || iou: [0.7251, 0.9576, 0.4558, 0.7035, 0.8333, 0.7284, 0.6473, 0.3798, 0.4023, 0.674, 0.1975, 0.4979, 0.5245, 0.1994, 0.3628, 0.3899, 0.7794, 0.5481, 0.7904, 0.2922]
duration: 891.0437240600586
new best!
epoch 4:
loss: 1.4674 || cls: 0.0694
train: acc: 0.8107 || macc: 0.6258 || miou: 0.5214 || iou: [0.7355, 0.9392, 0.4254, 0.6639, 0.7049, 0.6152, 0.5333, 0.3461, 0.4249, 0.5366, 0.1876, 0.3843, 0.3987, 0.5481, 0.3556, 0.5271, 0.6703, 0.4438, 0.6622, 0.3259]
val:   acc: 0.8521 || macc: 0.7175 || miou: 0.6068 || iou: [0.7796, 0.9569, 0.5015, 0.7083, 0.8413, 0.7078, 0.6556, 0.4544, 0.4397, 0.7022, 0.1628, 0.574, 0.5407, 0.6614, 0.3719, 0.6141, 0.8637, 0.5808, 0.7407, 0.2788]
duration: 894.5681285858154
new best!
epoch 5:
loss: 1.4404 || cls: 0.0682
train: acc: 0.8225 || macc: 0.6542 || miou: 0.5492 || iou: [0.7496, 0.9415, 0.4459, 0.6918, 0.7248, 0.6311, 0.5548, 0.3822, 0.467, 0.5571, 0.2276, 0.409, 0.4317, 0.6006, 0.3906, 0.571, 0.6836, 0.4851, 0.6843, 0.3543]
val:   acc: 0.8645 || macc: 0.7335 || miou: 0.627 || iou: [0.8, 0.961, 0.5354, 0.7433, 0.8481, 0.7075, 0.681, 0.4917, 0.5237, 0.7132, 0.2397, 0.6004, 0.543, 0.6639, 0.4217, 0.5495, 0.8455, 0.5432, 0.7886, 0.3388]
duration: 901.874993801117
new best!
epoch 6:
loss: 1.4286 || cls: 0.0788
train: acc: 0.8286 || macc: 0.6681 || miou: 0.5636 || iou: [0.7555, 0.9434, 0.4662, 0.6925, 0.7313, 0.6514, 0.5653, 0.409, 0.4726, 0.5738, 0.25, 0.4219, 0.4361, 0.5967, 0.4362, 0.5929, 0.6886, 0.5043, 0.704, 0.3797]
val:   acc: 0.8645 || macc: 0.7582 || miou: 0.6359 || iou: [0.8103, 0.9595, 0.568, 0.689, 0.8514, 0.696, 0.656, 0.5136, 0.5453, 0.6752, 0.2458, 0.6277, 0.5709, 0.6812, 0.4283, 0.5921, 0.8663, 0.533, 0.8429, 0.3652]
duration: 898.519540309906
new best!
epoch 7:
loss: 1.4465 || cls: 0.2103
train: acc: 0.8287 || macc: 0.6679 || miou: 0.5647 || iou: [0.7545, 0.9415, 0.4625, 0.6991, 0.7346, 0.6507, 0.5723, 0.4056, 0.475, 0.5672, 0.2788, 0.3933, 0.4516, 0.5926, 0.4223, 0.6008, 0.7066, 0.5064, 0.704, 0.3737]
val:   acc: 0.8578 || macc: 0.7194 || miou: 0.6063 || iou: [0.8015, 0.9577, 0.4959, 0.7563, 0.8564, 0.7537, 0.6544, 0.4309, 0.4758, 0.726, 0.2724, 0.3291, 0.465, 0.534, 0.4254, 0.5658, 0.875, 0.5231, 0.8151, 0.4133]
duration: 899.0494627952576
epoch 8:
loss: 1.4156 || cls: 0.0804
train: acc: 0.8343 || macc: 0.6824 || miou: 0.5781 || iou: [0.7622, 0.9446, 0.4869, 0.7119, 0.7405, 0.6527, 0.5767, 0.4252, 0.4818, 0.5812, 0.2933, 0.4359, 0.4635, 0.6086, 0.4698, 0.5906, 0.7171, 0.5113, 0.7064, 0.4009]
val:   acc: 0.855 || macc: 0.7135 || miou: 0.6057 || iou: [0.7974, 0.9603, 0.5375, 0.6916, 0.8199, 0.6755, 0.6669, 0.5087, 0.4746, 0.7489, 0.2463, 0.6181, 0.534, 0.392, 0.4101, 0.4692, 0.8826, 0.5563, 0.8074, 0.3173]
duration: 896.8534009456635
epoch 9:
loss: 1.4363 || cls: 0.2139
train: acc: 0.8317 || macc: 0.6734 || miou: 0.5694 || iou: [0.7576, 0.9441, 0.4757, 0.6985, 0.7389, 0.659, 0.5721, 0.427, 0.4783, 0.5784, 0.2653, 0.4092, 0.4485, 0.5873, 0.4546, 0.5859, 0.7004, 0.5066, 0.7143, 0.3856]
val:   acc: 0.8685 || macc: 0.7484 || miou: 0.6369 || iou: [0.8081, 0.96, 0.5153, 0.7711, 0.8684, 0.8162, 0.646, 0.5356, 0.5266, 0.7448, 0.269, 0.583, 0.5107, 0.6074, 0.4422, 0.45, 0.8692, 0.5506, 0.8249, 0.4385]
duration: 886.9552145004272
new best!
epoch 10:
loss: 1.3945 || cls: 0.0681
train: acc: 0.8426 || macc: 0.6969 || miou: 0.593 || iou: [0.7725, 0.9468, 0.4985, 0.7264, 0.754, 0.6698, 0.5858, 0.4444, 0.5084, 0.6014, 0.3115, 0.4571, 0.4753, 0.6067, 0.4607, 0.6223, 0.7301, 0.5352, 0.7342, 0.4196]
val:   acc: 0.8753 || macc: 0.7554 || miou: 0.6549 || iou: [0.8105, 0.9612, 0.5526, 0.7882, 0.8692, 0.8122, 0.6945, 0.556, 0.5204, 0.7515, 0.2152, 0.5792, 0.6267, 0.6618, 0.4148, 0.6168, 0.8582, 0.5895, 0.8021, 0.4181]
duration: 896.1845459938049
new best!
epoch 11:
loss: 1.4047 || cls: 0.138
train: acc: 0.8413 || macc: 0.6942 || miou: 0.5912 || iou: [0.7708, 0.9456, 0.4942, 0.725, 0.7538, 0.6682, 0.5827, 0.4457, 0.5062, 0.6207, 0.3021, 0.4353, 0.4647, 0.6186, 0.4723, 0.611, 0.731, 0.5371, 0.7294, 0.4088]
val:   acc: 0.8774 || macc: 0.7433 || miou: 0.6427 || iou: [0.822, 0.9615, 0.5843, 0.7804, 0.8641, 0.7637, 0.6996, 0.5442, 0.5699, 0.7735, 0.1528, 0.4215, 0.598, 0.6747, 0.4696, 0.5803, 0.7699, 0.5549, 0.8202, 0.4493]
duration: 902.9770319461823
epoch 12:
loss: 1.3875 || cls: 0.1041
train: acc: 0.847 || macc: 0.7086 || miou: 0.6057 || iou: [0.7769, 0.9478, 0.5139, 0.7319, 0.7629, 0.6849, 0.5974, 0.4659, 0.5036, 0.6157, 0.315, 0.4641, 0.4869, 0.6408, 0.5067, 0.6304, 0.738, 0.5455, 0.7432, 0.4413]
val:   acc: 0.8531 || macc: 0.7018 || miou: 0.593 || iou: [0.8007, 0.9536, 0.5378, 0.7112, 0.8148, 0.6586, 0.6341, 0.4762, 0.5315, 0.7417, 0.263, 0.5484, 0.5194, 0.4942, 0.4367, 0.5641, 0.6555, 0.4527, 0.8166, 0.2496]
duration: 893.8958010673523
epoch 13:
loss: 1.3806 || cls: 0.0707
train: acc: 0.8488 || macc: 0.713 || miou: 0.6103 || iou: [0.78, 0.9475, 0.5242, 0.7351, 0.7621, 0.6892, 0.5961, 0.4761, 0.5191, 0.6238, 0.3174, 0.4761, 0.4879, 0.6342, 0.4971, 0.6381, 0.7537, 0.5574, 0.7479, 0.443]
val:   acc: 0.8769 || macc: 0.7443 || miou: 0.6487 || iou: [0.8247, 0.9595, 0.5328, 0.7818, 0.8902, 0.8341, 0.6757, 0.5542, 0.5374, 0.7001, 0.3061, 0.2085, 0.5942, 0.7383, 0.4833, 0.6867, 0.8781, 0.5066, 0.827, 0.4555]
duration: 894.0160100460052
epoch 14:
loss: 1.3735 || cls: 0.0732
train: acc: 0.852 || macc: 0.7182 || miou: 0.6159 || iou: [0.7841, 0.949, 0.5237, 0.7388, 0.7684, 0.6907, 0.6127, 0.4851, 0.5082, 0.6368, 0.3353, 0.4653, 0.5103, 0.6447, 0.5087, 0.6488, 0.7484, 0.5537, 0.7509, 0.4542]
val:   acc: 0.8756 || macc: 0.7663 || miou: 0.6588 || iou: [0.8097, 0.9585, 0.6076, 0.8098, 0.8748, 0.8012, 0.7024, 0.5606, 0.4374, 0.7705, 0.2865, 0.6346, 0.606, 0.5266, 0.4145, 0.6123, 0.8784, 0.603, 0.8289, 0.4526]
duration: 888.470671415329
new best!
epoch 15:
loss: 1.3636 || cls: 0.06
train: acc: 0.8556 || macc: 0.7284 || miou: 0.6265 || iou: [0.7869, 0.9496, 0.5411, 0.7489, 0.7763, 0.6989, 0.6075, 0.4967, 0.5361, 0.654, 0.3515, 0.4836, 0.5154, 0.6555, 0.525, 0.6403, 0.7653, 0.577, 0.7587, 0.4613]
val:   acc: 0.8747 || macc: 0.759 || miou: 0.6626 || iou: [0.8096, 0.961, 0.5492, 0.7633, 0.8732, 0.7792, 0.675, 0.5373, 0.5147, 0.7578, 0.2954, 0.6407, 0.522, 0.6778, 0.4805, 0.635, 0.8982, 0.6287, 0.8023, 0.4518]
duration: 890.2062602043152
new best!
epoch 16:
loss: 1.3678 || cls: 0.1409
train: acc: 0.8565 || macc: 0.7279 || miou: 0.6253 || iou: [0.7881, 0.9498, 0.5319, 0.7444, 0.7757, 0.6968, 0.624, 0.5065, 0.524, 0.6567, 0.334, 0.4907, 0.5132, 0.6338, 0.5199, 0.6498, 0.754, 0.5709, 0.7662, 0.4756]
val:   acc: 0.8791 || macc: 0.7399 || miou: 0.6449 || iou: [0.8302, 0.953, 0.5579, 0.7861, 0.8945, 0.8155, 0.664, 0.5878, 0.5727, 0.6687, 0.1812, 0.5909, 0.515, 0.6877, 0.4432, 0.5389, 0.8223, 0.5638, 0.7929, 0.4315]
duration: 885.5594265460968
epoch 17:
loss: 1.3491 || cls: 0.0539
train: acc: 0.8615 || macc: 0.7393 || miou: 0.6388 || iou: [0.7946, 0.9506, 0.5405, 0.7613, 0.7835, 0.7076, 0.6259, 0.5163, 0.5584, 0.6697, 0.3795, 0.4976, 0.5214, 0.6758, 0.5241, 0.6664, 0.7665, 0.5788, 0.7759, 0.4808]
val:   acc: 0.8742 || macc: 0.7506 || miou: 0.6588 || iou: [0.8131, 0.96, 0.5562, 0.7527, 0.8812, 0.8073, 0.6755, 0.4961, 0.5694, 0.7005, 0.3245, 0.6341, 0.5972, 0.7119, 0.4424, 0.6423, 0.8667, 0.5765, 0.8217, 0.3473]
duration: 889.3839423656464
epoch 18:
loss: 1.3504 || cls: 0.0746
train: acc: 0.8614 || macc: 0.738 || miou: 0.6366 || iou: [0.7948, 0.9506, 0.5479, 0.7586, 0.7845, 0.6996, 0.6293, 0.5113, 0.5423, 0.657, 0.3716, 0.4847, 0.5187, 0.6587, 0.5279, 0.6645, 0.7736, 0.5908, 0.7735, 0.4918]
val:   acc: 0.8839 || macc: 0.7771 || miou: 0.6775 || iou: [0.8297, 0.9583, 0.5893, 0.7656, 0.8843, 0.8062, 0.6681, 0.6056, 0.5564, 0.7733, 0.2683, 0.6013, 0.5945, 0.6833, 0.5036, 0.6625, 0.9063, 0.5732, 0.8376, 0.4821]
duration: 887.4348795413971
new best!
epoch 19:
loss: 1.346 || cls: 0.0697
train: acc: 0.8634 || macc: 0.7423 || miou: 0.6416 || iou: [0.7967, 0.9514, 0.5504, 0.7597, 0.7912, 0.7117, 0.6265, 0.5212, 0.552, 0.6588, 0.3586, 0.499, 0.5335, 0.6744, 0.5564, 0.6653, 0.7688, 0.5908, 0.7694, 0.4972]
val:   acc: 0.8706 || macc: 0.7387 || miou: 0.6437 || iou: [0.8055, 0.96, 0.5409, 0.7952, 0.8616, 0.7546, 0.6629, 0.5665, 0.4475, 0.7389, 0.1654, 0.5938, 0.5305, 0.6805, 0.4739, 0.5983, 0.8498, 0.6161, 0.8323, 0.3997]
duration: 887.1866977214813
epoch 20:
loss: 1.3429 || cls: 0.093
train: acc: 0.8651 || macc: 0.7467 || miou: 0.6466 || iou: [0.7982, 0.9523, 0.5631, 0.7713, 0.7875, 0.711, 0.6349, 0.5234, 0.5407, 0.6707, 0.3765, 0.5148, 0.5343, 0.676, 0.5531, 0.6803, 0.7749, 0.5904, 0.7817, 0.4969]
val:   acc: 0.8894 || macc: 0.7856 || miou: 0.6849 || iou: [0.835, 0.9604, 0.62, 0.7676, 0.8953, 0.8176, 0.6917, 0.5996, 0.6158, 0.7855, 0.3352, 0.5929, 0.615, 0.689, 0.5091, 0.585, 0.8727, 0.6095, 0.8364, 0.4647]
duration: 895.4129660129547
new best!
epoch 21:
loss: 1.3331 || cls: 0.063
train: acc: 0.8685 || macc: 0.7535 || miou: 0.6535 || iou: [0.8025, 0.9526, 0.562, 0.7804, 0.7949, 0.7271, 0.6419, 0.5351, 0.5665, 0.6806, 0.4011, 0.5028, 0.5364, 0.6835, 0.5611, 0.6692, 0.7844, 0.5877, 0.7871, 0.5124]
val:   acc: 0.8827 || macc: 0.7529 || miou: 0.6645 || iou: [0.8255, 0.9589, 0.5871, 0.7811, 0.873, 0.8012, 0.6786, 0.577, 0.5918, 0.7555, 0.3407, 0.3862, 0.5864, 0.7186, 0.4519, 0.6672, 0.8921, 0.6036, 0.764, 0.4497]
duration: 883.6388955116272
epoch 22:
loss: 1.3354 || cls: 0.0743
train: acc: 0.8682 || macc: 0.7505 || miou: 0.6509 || iou: [0.8023, 0.9519, 0.5679, 0.7746, 0.7917, 0.7161, 0.6412, 0.5314, 0.5763, 0.6759, 0.3682, 0.5021, 0.5345, 0.676, 0.5609, 0.6753, 0.7729, 0.5993, 0.7808, 0.5182]
val:   acc: 0.8897 || macc: 0.7964 || miou: 0.696 || iou: [0.8437, 0.9591, 0.5587, 0.8034, 0.8786, 0.847, 0.7102, 0.6198, 0.6136, 0.8071, 0.328, 0.6499, 0.6256, 0.6858, 0.5428, 0.6629, 0.9069, 0.6158, 0.8282, 0.4325]
duration: 889.4764895439148
new best!
epoch 23:
loss: 1.3336 || cls: 0.0916
train: acc: 0.8689 || macc: 0.7532 || miou: 0.6533 || iou: [0.8041, 0.9525, 0.5685, 0.7759, 0.7951, 0.724, 0.6421, 0.5328, 0.5676, 0.6839, 0.3951, 0.5117, 0.5398, 0.676, 0.5618, 0.6694, 0.7857, 0.591, 0.7766, 0.5121]
val:   acc: 0.8843 || macc: 0.7708 || miou: 0.6757 || iou: [0.8353, 0.9617, 0.5987, 0.7492, 0.8683, 0.7864, 0.6304, 0.6103, 0.6044, 0.7044, 0.3516, 0.5363, 0.5661, 0.7431, 0.5343, 0.6756, 0.9002, 0.583, 0.8133, 0.4609]
duration: 889.3976786136627
epoch 24:
loss: 1.3272 || cls: 0.1031
train: acc: 0.8722 || macc: 0.7614 || miou: 0.6624 || iou: [0.8076, 0.9528, 0.5778, 0.7832, 0.8, 0.7316, 0.6428, 0.5429, 0.5718, 0.694, 0.4134, 0.5243, 0.5418, 0.6914, 0.5736, 0.6979, 0.7802, 0.5998, 0.784, 0.5368]
val:   acc: 0.8794 || macc: 0.7573 || miou: 0.6664 || iou: [0.8113, 0.9625, 0.5489, 0.7578, 0.8874, 0.7834, 0.6932, 0.5917, 0.5582, 0.7828, 0.2999, 0.6418, 0.569, 0.4741, 0.525, 0.6405, 0.8836, 0.6278, 0.8294, 0.4605]
duration: 889.6000556945801
epoch 25:
loss: 1.3249 || cls: 0.0637
train: acc: 0.8725 || macc: 0.7628 || miou: 0.6638 || iou: [0.808, 0.9535, 0.5817, 0.7795, 0.8015, 0.7263, 0.6499, 0.546, 0.5719, 0.7016, 0.4121, 0.5156, 0.5561, 0.6885, 0.5778, 0.6873, 0.7943, 0.5994, 0.7963, 0.5279]
val:   acc: 0.8719 || macc: 0.7495 || miou: 0.6488 || iou: [0.8149, 0.9576, 0.5681, 0.7744, 0.8241, 0.6598, 0.6593, 0.4872, 0.4742, 0.7431, 0.1492, 0.6293, 0.5866, 0.7039, 0.5356, 0.6298, 0.8853, 0.5958, 0.8353, 0.4616]
duration: 888.7186572551727
epoch 26:
loss: 1.3209 || cls: 0.0677
train: acc: 0.8741 || macc: 0.7663 || miou: 0.6685 || iou: [0.8084, 0.9532, 0.5967, 0.786, 0.803, 0.7376, 0.6555, 0.547, 0.5757, 0.704, 0.4, 0.5248, 0.5668, 0.6956, 0.5837, 0.6933, 0.7931, 0.6122, 0.7993, 0.5345]
val:   acc: 0.8846 || macc: 0.7777 || miou: 0.6841 || iou: [0.8193, 0.9611, 0.6324, 0.7812, 0.8635, 0.761, 0.7157, 0.6038, 0.4647, 0.7752, 0.3191, 0.6508, 0.6185, 0.7185, 0.5254, 0.6428, 0.8971, 0.6285, 0.8454, 0.4585]
duration: 890.3919506072998
epoch 27:
loss: 1.3201 || cls: 0.0708
train: acc: 0.8744 || macc: 0.7641 || miou: 0.6661 || iou: [0.8106, 0.9536, 0.5824, 0.7872, 0.8055, 0.7443, 0.6494, 0.5495, 0.5853, 0.7053, 0.4127, 0.5132, 0.5607, 0.6948, 0.5728, 0.68, 0.7884, 0.5964, 0.7923, 0.5383]
val:   acc: 0.8841 || macc: 0.7898 || miou: 0.6781 || iou: [0.8376, 0.9543, 0.5757, 0.7465, 0.883, 0.8039, 0.6636, 0.6029, 0.5941, 0.7399, 0.3061, 0.6744, 0.6097, 0.6863, 0.4693, 0.6525, 0.8947, 0.6068, 0.8414, 0.4188]
duration: 890.8970742225647
epoch 28:
loss: 1.3167 || cls: 0.0874
train: acc: 0.8759 || macc: 0.7694 || miou: 0.671 || iou: [0.813, 0.9545, 0.5967, 0.7819, 0.8031, 0.7311, 0.6584, 0.5605, 0.5943, 0.6995, 0.3977, 0.5395, 0.5591, 0.6979, 0.5974, 0.7005, 0.7882, 0.6138, 0.7921, 0.5404]
val:   acc: 0.8887 || macc: 0.7785 || miou: 0.6889 || iou: [0.8326, 0.9641, 0.606, 0.7979, 0.8865, 0.812, 0.7155, 0.6076, 0.5709, 0.7823, 0.3086, 0.6424, 0.6405, 0.6608, 0.4892, 0.6363, 0.8896, 0.6273, 0.8637, 0.4446]
duration: 886.711181640625
epoch 29:
loss: 1.3142 || cls: 0.0743
train: acc: 0.8773 || macc: 0.7715 || miou: 0.6745 || iou: [0.8131, 0.9546, 0.5969, 0.791, 0.8051, 0.7436, 0.6546, 0.5543, 0.5957, 0.7204, 0.4197, 0.5203, 0.5567, 0.6987, 0.5952, 0.7056, 0.8009, 0.6042, 0.8094, 0.5499]
val:   acc: 0.8925 || macc: 0.7788 || miou: 0.6871 || iou: [0.8426, 0.959, 0.6242, 0.8059, 0.8907, 0.8091, 0.6888, 0.6285, 0.6138, 0.7482, 0.2896, 0.6652, 0.6021, 0.6399, 0.4967, 0.5823, 0.8795, 0.6304, 0.8362, 0.5092]
duration: 882.8187656402588
epoch 30:
loss: 1.3082 || cls: 0.0683
train: acc: 0.8791 || macc: 0.7754 || miou: 0.6778 || iou: [0.8144, 0.9549, 0.6047, 0.7912, 0.8082, 0.7395, 0.6628, 0.5683, 0.5887, 0.7136, 0.4368, 0.5273, 0.5648, 0.7059, 0.6037, 0.7002, 0.8023, 0.6149, 0.7943, 0.5597]
val:   acc: 0.863 || macc: 0.7377 || miou: 0.6416 || iou: [0.8236, 0.9603, 0.4666, 0.7416, 0.8061, 0.5851, 0.7086, 0.5586, 0.5918, 0.5589, 0.3058, 0.5713, 0.6116, 0.6452, 0.5403, 0.6645, 0.8988, 0.6013, 0.8361, 0.3569]
duration: 886.4522790908813
epoch 31:
loss: 1.311 || cls: 0.079
train: acc: 0.8783 || macc: 0.7744 || miou: 0.6768 || iou: [0.8144, 0.954, 0.6015, 0.793, 0.8084, 0.7481, 0.664, 0.5594, 0.6033, 0.7048, 0.4308, 0.5347, 0.5681, 0.6979, 0.6055, 0.6923, 0.7958, 0.6057, 0.7953, 0.5586]
val:   acc: 0.8876 || macc: 0.7793 || miou: 0.6873 || iou: [0.8329, 0.9626, 0.5862, 0.7911, 0.883, 0.7747, 0.7095, 0.5386, 0.5604, 0.7806, 0.3072, 0.6367, 0.6436, 0.7123, 0.5315, 0.6075, 0.909, 0.629, 0.8648, 0.4852]
duration: 886.899377822876
epoch 32:
loss: 1.3081 || cls: 0.0842
train: acc: 0.8794 || macc: 0.7769 || miou: 0.6801 || iou: [0.8162, 0.9555, 0.5986, 0.8013, 0.8089, 0.7397, 0.6622, 0.5662, 0.6011, 0.7112, 0.4218, 0.5421, 0.5687, 0.7022, 0.5955, 0.7236, 0.8023, 0.617, 0.8162, 0.5519]
val:   acc: 0.8861 || macc: 0.7666 || miou: 0.677 || iou: [0.8356, 0.9589, 0.5853, 0.7907, 0.8756, 0.8225, 0.6878, 0.6086, 0.5936, 0.7399, 0.2707, 0.593, 0.6097, 0.7123, 0.4509, 0.6795, 0.8764, 0.6029, 0.8071, 0.4381]
duration: 887.6927740573883
epoch 33:
loss: 1.3006 || cls: 0.0624
train: acc: 0.8824 || macc: 0.7809 || miou: 0.6846 || iou: [0.8205, 0.9563, 0.6093, 0.8023, 0.8174, 0.7473, 0.6719, 0.5733, 0.5985, 0.7216, 0.4185, 0.5472, 0.5768, 0.702, 0.6052, 0.7143, 0.8142, 0.6181, 0.8138, 0.5637]
val:   acc: 0.8859 || macc: 0.7697 || miou: 0.6809 || iou: [0.8368, 0.9596, 0.5954, 0.7884, 0.8616, 0.7184, 0.6826, 0.5568, 0.6032, 0.7662, 0.3257, 0.6392, 0.5988, 0.6822, 0.4446, 0.681, 0.9134, 0.6256, 0.8434, 0.4956]
duration: 885.2976181507111
epoch 34:
loss: 1.2993 || cls: 0.0776
train: acc: 0.8833 || macc: 0.7855 || miou: 0.6895 || iou: [0.8213, 0.9552, 0.6151, 0.8008, 0.8127, 0.7512, 0.6763, 0.576, 0.6152, 0.7235, 0.4361, 0.5545, 0.5819, 0.724, 0.6158, 0.7153, 0.8106, 0.6232, 0.8147, 0.5676]
val:   acc: 0.8856 || macc: 0.7549 || miou: 0.6665 || iou: [0.8408, 0.9595, 0.6008, 0.7945, 0.8577, 0.7721, 0.6866, 0.6472, 0.5433, 0.6999, 0.2964, 0.4603, 0.5165, 0.7429, 0.5093, 0.5858, 0.9065, 0.5806, 0.8363, 0.4937]
duration: 883.5534288883209
epoch 35:
loss: 1.3013 || cls: 0.0841
train: acc: 0.8823 || macc: 0.7819 || miou: 0.6864 || iou: [0.8198, 0.9555, 0.6104, 0.7997, 0.82, 0.7512, 0.6701, 0.5709, 0.6026, 0.7037, 0.4316, 0.5513, 0.5853, 0.7164, 0.6076, 0.7122, 0.8102, 0.6311, 0.8122, 0.5655]
val:   acc: 0.8947 || macc: 0.7842 || miou: 0.6957 || iou: [0.8429, 0.9626, 0.5855, 0.7844, 0.9035, 0.8107, 0.7331, 0.613, 0.6389, 0.7435, 0.272, 0.6558, 0.6522, 0.7509, 0.4957, 0.6644, 0.8728, 0.5914, 0.85, 0.49]
duration: 887.571008682251
epoch 36:
loss: 1.2946 || cls: 0.0868
train: acc: 0.8855 || macc: 0.7884 || miou: 0.6937 || iou: [0.8224, 0.9565, 0.6189, 0.8069, 0.8235, 0.7668, 0.6805, 0.5768, 0.6212, 0.7233, 0.4396, 0.5569, 0.5921, 0.7265, 0.6292, 0.6996, 0.8064, 0.6295, 0.8221, 0.5743]
val:   acc: 0.8963 || macc: 0.7985 || miou: 0.7058 || iou: [0.8468, 0.9644, 0.6379, 0.8005, 0.8994, 0.8317, 0.6877, 0.6348, 0.679, 0.7421, 0.2802, 0.6936, 0.6169, 0.7599, 0.5936, 0.6013, 0.8977, 0.624, 0.85, 0.4738]
duration: 889.8629360198975
new best!
epoch 37:
loss: 1.2926 || cls: 0.0801
train: acc: 0.886 || macc: 0.7901 || miou: 0.6952 || iou: [0.8255, 0.9557, 0.6194, 0.8053, 0.818, 0.7609, 0.6778, 0.584, 0.6238, 0.7354, 0.4447, 0.5584, 0.5854, 0.7154, 0.6377, 0.7133, 0.8176, 0.6208, 0.8202, 0.5847]
val:   acc: 0.8964 || macc: 0.7942 || miou: 0.7012 || iou: [0.85, 0.9619, 0.5857, 0.8054, 0.8866, 0.8139, 0.7142, 0.6378, 0.6121, 0.7384, 0.3025, 0.6552, 0.6552, 0.7153, 0.5513, 0.6469, 0.8833, 0.6336, 0.8519, 0.5224]
duration: 879.0617341995239
epoch 38:
loss: 1.2915 || cls: 0.0761
train: acc: 0.8864 || macc: 0.7915 || miou: 0.697 || iou: [0.824, 0.9558, 0.6215, 0.8106, 0.8216, 0.7597, 0.6887, 0.582, 0.6215, 0.7341, 0.4545, 0.5522, 0.5972, 0.7229, 0.6273, 0.736, 0.8058, 0.6333, 0.8088, 0.5826]
val:   acc: 0.8914 || macc: 0.7603 || miou: 0.681 || iou: [0.8334, 0.9624, 0.5866, 0.7987, 0.888, 0.8155, 0.7262, 0.646, 0.5411, 0.7842, 0.3098, 0.3535, 0.6705, 0.7022, 0.5083, 0.6469, 0.8943, 0.6206, 0.8417, 0.4893]
duration: 881.7141242027283
epoch 39:
loss: 1.2859 || cls: 0.0785
train: acc: 0.8892 || macc: 0.7953 || miou: 0.7022 || iou: [0.8273, 0.957, 0.6357, 0.811, 0.8243, 0.7637, 0.6908, 0.5902, 0.6163, 0.7471, 0.4592, 0.5639, 0.6054, 0.721, 0.6322, 0.7304, 0.8163, 0.6351, 0.8256, 0.591]
val:   acc: 0.8918 || macc: 0.7866 || miou: 0.7005 || iou: [0.8264, 0.9632, 0.6486, 0.8091, 0.8936, 0.8375, 0.7177, 0.556, 0.5203, 0.7847, 0.3019, 0.6693, 0.6174, 0.7061, 0.5666, 0.7068, 0.8946, 0.6363, 0.8523, 0.5013]
duration: 882.4637279510498
epoch 40:
loss: 1.2868 || cls: 0.091
train: acc: 0.8887 || macc: 0.7959 || miou: 0.7023 || iou: [0.8278, 0.9563, 0.645, 0.8142, 0.8192, 0.7614, 0.6843, 0.5921, 0.6314, 0.7378, 0.4434, 0.5706, 0.5978, 0.7237, 0.6383, 0.736, 0.8163, 0.6341, 0.822, 0.5936]
val:   acc: 0.8975 || macc: 0.78 || miou: 0.702 || iou: [0.845, 0.9612, 0.625, 0.8097, 0.89, 0.8243, 0.7298, 0.6519, 0.5447, 0.8013, 0.3524, 0.6442, 0.6278, 0.7036, 0.5408, 0.5678, 0.9071, 0.6137, 0.8509, 0.549]
duration: 882.3802349567413
epoch 41:
loss: 1.2841 || cls: 0.0783
train: acc: 0.8895 || macc: 0.7967 || miou: 0.7035 || iou: [0.8285, 0.9571, 0.6376, 0.8137, 0.8247, 0.7636, 0.6868, 0.6032, 0.6152, 0.7373, 0.4523, 0.5698, 0.5965, 0.7238, 0.6373, 0.734, 0.8192, 0.6426, 0.8217, 0.6042]
val:   acc: 0.8946 || macc: 0.7875 || miou: 0.6992 || iou: [0.8454, 0.9575, 0.6049, 0.7762, 0.8996, 0.8124, 0.6914, 0.6624, 0.5887, 0.7493, 0.2947, 0.6359, 0.6381, 0.7513, 0.5923, 0.6147, 0.8839, 0.6288, 0.8502, 0.5061]
duration: 888.0461850166321
epoch 42:
loss: 1.2788 || cls: 0.0866
train: acc: 0.892 || macc: 0.8014 || miou: 0.7091 || iou: [0.8311, 0.9566, 0.6443, 0.816, 0.8312, 0.7766, 0.6989, 0.594, 0.6294, 0.7489, 0.4664, 0.5779, 0.6091, 0.7281, 0.6464, 0.7278, 0.8189, 0.6524, 0.8185, 0.6103]
val:   acc: 0.8941 || macc: 0.7874 || miou: 0.7001 || iou: [0.8415, 0.9584, 0.6277, 0.7907, 0.8774, 0.773, 0.7041, 0.6063, 0.6124, 0.7945, 0.3218, 0.6971, 0.6264, 0.7347, 0.5463, 0.6919, 0.8501, 0.6019, 0.8432, 0.5035]
duration: 885.8055362701416
epoch 43:
loss: 1.2779 || cls: 0.0783
train: acc: 0.892 || macc: 0.8007 || miou: 0.7088 || iou: [0.8312, 0.9567, 0.6521, 0.8227, 0.8235, 0.7735, 0.6944, 0.6036, 0.6311, 0.7351, 0.4359, 0.5857, 0.6036, 0.7326, 0.6418, 0.751, 0.8137, 0.6529, 0.8253, 0.6102]
val:   acc: 0.8929 || macc: 0.7647 || miou: 0.6846 || iou: [0.8387, 0.9602, 0.5932, 0.8159, 0.8858, 0.8021, 0.7105, 0.6148, 0.5752, 0.7868, 0.2942, 0.4634, 0.6415, 0.6698, 0.551, 0.5503, 0.913, 0.6258, 0.8553, 0.5438]
duration: 880.1469879150391
epoch 44:
loss: 1.2764 || cls: 0.1065
train: acc: 0.8933 || macc: 0.8057 || miou: 0.7141 || iou: [0.8343, 0.9573, 0.6492, 0.822, 0.8296, 0.772, 0.6974, 0.6025, 0.6493, 0.7393, 0.4805, 0.5752, 0.608, 0.7395, 0.6669, 0.7538, 0.832, 0.6354, 0.8247, 0.613]
val:   acc: 0.9005 || macc: 0.7881 || miou: 0.7033 || iou: [0.858, 0.9642, 0.6196, 0.7618, 0.8966, 0.8046, 0.7122, 0.6631, 0.6154, 0.7736, 0.2736, 0.6813, 0.6038, 0.7274, 0.5167, 0.6452, 0.8973, 0.6206, 0.8556, 0.5751]
duration: 888.2501089572906
epoch 45:
loss: 1.2686 || cls: 0.0718
train: acc: 0.8965 || macc: 0.8089 || miou: 0.7181 || iou: [0.8392, 0.9577, 0.6568, 0.8228, 0.8322, 0.7807, 0.7063, 0.6107, 0.6498, 0.7702, 0.4701, 0.5787, 0.6234, 0.7387, 0.6461, 0.742, 0.8212, 0.6571, 0.8306, 0.6285]
val:   acc: 0.8953 || macc: 0.7841 || miou: 0.6985 || iou: [0.8491, 0.9616, 0.6095, 0.778, 0.8877, 0.8305, 0.6816, 0.6621, 0.6489, 0.7264, 0.3467, 0.6667, 0.616, 0.7002, 0.5513, 0.6384, 0.8766, 0.6186, 0.8376, 0.4823]
duration: 886.8331847190857
epoch 46:
loss: 1.2687 || cls: 0.0773
train: acc: 0.8961 || macc: 0.8097 || miou: 0.7185 || iou: [0.837, 0.9582, 0.652, 0.8291, 0.8341, 0.7858, 0.7057, 0.6086, 0.6586, 0.7511, 0.4797, 0.5783, 0.6147, 0.7476, 0.6411, 0.7527, 0.8335, 0.6532, 0.8276, 0.621]
val:   acc: 0.8998 || macc: 0.8012 || miou: 0.7101 || iou: [0.8488, 0.9645, 0.6478, 0.7658, 0.8915, 0.7917, 0.7178, 0.6232, 0.6385, 0.7842, 0.3326, 0.6704, 0.6221, 0.7316, 0.5796, 0.648, 0.8936, 0.6375, 0.8727, 0.5395]
duration: 883.6068441867828
new best!
epoch 47:
loss: 1.2692 || cls: 0.0842
train: acc: 0.8965 || macc: 0.8095 || miou: 0.7194 || iou: [0.8373, 0.9566, 0.6586, 0.8236, 0.833, 0.7743, 0.7076, 0.6176, 0.6386, 0.7617, 0.4555, 0.5914, 0.6223, 0.7492, 0.6618, 0.7549, 0.8304, 0.6476, 0.8309, 0.6353]
val:   acc: 0.8939 || macc: 0.7956 || miou: 0.6994 || iou: [0.8399, 0.9639, 0.6183, 0.7976, 0.8954, 0.8281, 0.7304, 0.62, 0.555, 0.7518, 0.3427, 0.6441, 0.6274, 0.6782, 0.5197, 0.6347, 0.9314, 0.6512, 0.834, 0.5244]
duration: 886.7070710659027
epoch 48:
loss: 1.265 || cls: 0.0948
train: acc: 0.898 || macc: 0.8128 || miou: 0.7229 || iou: [0.8406, 0.9582, 0.6626, 0.8243, 0.8369, 0.7783, 0.7131, 0.6195, 0.6537, 0.7502, 0.4786, 0.5961, 0.6273, 0.7573, 0.6604, 0.7517, 0.833, 0.6521, 0.8345, 0.6297]
val:   acc: 0.9026 || macc: 0.7844 || miou: 0.7039 || iou: [0.8587, 0.9608, 0.6791, 0.7827, 0.8947, 0.7689, 0.7132, 0.6658, 0.624, 0.7899, 0.2634, 0.6462, 0.6437, 0.7549, 0.5195, 0.61, 0.8503, 0.6232, 0.8599, 0.5698]
duration: 892.2408289909363
epoch 49:
loss: 1.2638 || cls: 0.0839
train: acc: 0.8986 || macc: 0.8158 || miou: 0.7266 || iou: [0.839, 0.9587, 0.6694, 0.8238, 0.8382, 0.786, 0.7132, 0.6186, 0.6437, 0.7764, 0.4843, 0.5989, 0.6238, 0.7611, 0.6804, 0.7562, 0.8342, 0.6531, 0.8342, 0.6386]
val:   acc: 0.9009 || macc: 0.8051 || miou: 0.7163 || iou: [0.8529, 0.9641, 0.6118, 0.7948, 0.8908, 0.8089, 0.7021, 0.6885, 0.6517, 0.7688, 0.3519, 0.6575, 0.6561, 0.7467, 0.5902, 0.6601, 0.8961, 0.6458, 0.8673, 0.5192]
duration: 890.5545053482056
new best!
epoch 50:
loss: 1.2605 || cls: 0.0789
train: acc: 0.8998 || macc: 0.8192 || miou: 0.7301 || iou: [0.8416, 0.9586, 0.6704, 0.8256, 0.8427, 0.791, 0.7181, 0.6251, 0.6496, 0.7669, 0.5072, 0.591, 0.6313, 0.7457, 0.6719, 0.7641, 0.8436, 0.6626, 0.8467, 0.6479]
val:   acc: 0.9002 || macc: 0.7953 || miou: 0.7122 || iou: [0.8469, 0.965, 0.6065, 0.8082, 0.8943, 0.8226, 0.7357, 0.6547, 0.5938, 0.7825, 0.3248, 0.6449, 0.6546, 0.7223, 0.6027, 0.6238, 0.9237, 0.6345, 0.8539, 0.5492]
duration: 883.5344161987305
epoch 51:
loss: 1.2576 || cls: 0.0877
train: acc: 0.9012 || macc: 0.8203 || miou: 0.7321 || iou: [0.8421, 0.959, 0.6769, 0.8374, 0.8415, 0.7877, 0.7224, 0.6256, 0.6603, 0.7777, 0.4997, 0.6033, 0.6266, 0.759, 0.6804, 0.7532, 0.8392, 0.6598, 0.847, 0.6432]
val:   acc: 0.9027 || macc: 0.8032 || miou: 0.7145 || iou: [0.851, 0.9629, 0.6547, 0.7895, 0.9044, 0.8417, 0.6979, 0.6585, 0.6489, 0.7828, 0.3224, 0.6792, 0.629, 0.7353, 0.5798, 0.6238, 0.8648, 0.6479, 0.8547, 0.5605]
duration: 884.7843120098114
epoch 52:
loss: 1.2535 || cls: 0.0833
train: acc: 0.9029 || macc: 0.824 || miou: 0.736 || iou: [0.8454, 0.9594, 0.6848, 0.8377, 0.8406, 0.7878, 0.725, 0.6315, 0.6712, 0.7727, 0.5178, 0.6149, 0.6452, 0.7569, 0.6914, 0.7413, 0.8333, 0.6684, 0.8447, 0.6497]
val:   acc: 0.9058 || macc: 0.8164 || miou: 0.7209 || iou: [0.8626, 0.9628, 0.6365, 0.7937, 0.8982, 0.8457, 0.7163, 0.6724, 0.6968, 0.8017, 0.3834, 0.586, 0.6261, 0.7173, 0.5608, 0.6149, 0.9332, 0.6624, 0.8606, 0.5869]
duration: 883.1675000190735
new best!
epoch 53:
loss: 1.2539 || cls: 0.0852
train: acc: 0.9027 || macc: 0.8236 || miou: 0.7359 || iou: [0.8452, 0.9589, 0.6846, 0.8366, 0.8455, 0.7923, 0.7268, 0.6352, 0.6422, 0.7833, 0.484, 0.6158, 0.6434, 0.7614, 0.6848, 0.7706, 0.8384, 0.6755, 0.8412, 0.6519]
val:   acc: 0.9029 || macc: 0.7942 || miou: 0.7102 || iou: [0.8606, 0.9617, 0.6327, 0.795, 0.889, 0.8065, 0.6927, 0.6731, 0.6716, 0.7732, 0.3759, 0.5573, 0.6313, 0.7399, 0.5129, 0.6381, 0.9107, 0.6455, 0.8521, 0.5843]
duration: 883.3328189849854
epoch 54:
loss: 1.2472 || cls: 0.0751
train: acc: 0.9057 || macc: 0.8301 || miou: 0.7444 || iou: [0.8482, 0.9591, 0.6895, 0.8505, 0.8483, 0.7967, 0.73, 0.6414, 0.6636, 0.7891, 0.503, 0.6194, 0.6546, 0.7753, 0.6817, 0.7809, 0.8551, 0.6783, 0.8555, 0.6679]
val:   acc: 0.9053 || macc: 0.8036 || miou: 0.7182 || iou: [0.857, 0.9633, 0.6444, 0.8002, 0.9085, 0.8498, 0.7356, 0.6743, 0.6443, 0.8216, 0.3578, 0.3739, 0.6632, 0.7287, 0.614, 0.719, 0.9236, 0.6595, 0.8704, 0.5554]
duration: 878.6264865398407
epoch 55:
loss: 1.2478 || cls: 0.0716
train: acc: 0.9052 || macc: 0.8285 || miou: 0.742 || iou: [0.8503, 0.9595, 0.6958, 0.8415, 0.844, 0.7966, 0.726, 0.6384, 0.6727, 0.7812, 0.5014, 0.6333, 0.6409, 0.769, 0.7047, 0.754, 0.8461, 0.6668, 0.8499, 0.6688]
val:   acc: 0.9017 || macc: 0.8117 || miou: 0.716 || iou: [0.8571, 0.9629, 0.6797, 0.7674, 0.8878, 0.7712, 0.6853, 0.6543, 0.6417, 0.8048, 0.3769, 0.6777, 0.6066, 0.7047, 0.5794, 0.6704, 0.8986, 0.6501, 0.8671, 0.5752]
duration: 884.5245792865753
epoch 56:
loss: 1.2445 || cls: 0.0928
train: acc: 0.9069 || macc: 0.8322 || miou: 0.7463 || iou: [0.8528, 0.9589, 0.7037, 0.8385, 0.8502, 0.8005, 0.7338, 0.6471, 0.6835, 0.7899, 0.5195, 0.6252, 0.6559, 0.7681, 0.6927, 0.7691, 0.8462, 0.6719, 0.8506, 0.6671]
val:   acc: 0.9036 || macc: 0.7916 || miou: 0.7159 || iou: [0.8552, 0.9643, 0.6449, 0.776, 0.8972, 0.8173, 0.7263, 0.6518, 0.6401, 0.8005, 0.3712, 0.6598, 0.6434, 0.7617, 0.5828, 0.6249, 0.8943, 0.5981, 0.8504, 0.5579]
duration: 890.6035573482513
epoch 57:
loss: 1.2398 || cls: 0.0772
train: acc: 0.909 || macc: 0.8351 || miou: 0.751 || iou: [0.8546, 0.96, 0.7033, 0.8457, 0.8523, 0.8037, 0.7317, 0.6543, 0.6812, 0.792, 0.528, 0.6259, 0.6459, 0.7906, 0.7005, 0.7876, 0.85, 0.6754, 0.8568, 0.68]
val:   acc: 0.9076 || macc: 0.8103 || miou: 0.7222 || iou: [0.8671, 0.9633, 0.6815, 0.7826, 0.9039, 0.783, 0.7364, 0.6819, 0.6917, 0.8018, 0.3042, 0.683, 0.6671, 0.7231, 0.6234, 0.5984, 0.9363, 0.6098, 0.8627, 0.542]
duration: 883.5246155261993
new best!
epoch 58:
loss: 1.2373 || cls: 0.0728
train: acc: 0.9102 || macc: 0.8377 || miou: 0.7537 || iou: [0.855, 0.9602, 0.7061, 0.8527, 0.8518, 0.8109, 0.7427, 0.6504, 0.6931, 0.8008, 0.5152, 0.6372, 0.6661, 0.7887, 0.7047, 0.7677, 0.8525, 0.6881, 0.8454, 0.6848]
val:   acc: 0.9071 || macc: 0.805 || miou: 0.7241 || iou: [0.862, 0.9639, 0.691, 0.7915, 0.908, 0.813, 0.7212, 0.661, 0.6386, 0.789, 0.3341, 0.6234, 0.6617, 0.772, 0.5546, 0.6906, 0.9182, 0.6474, 0.8709, 0.5698]
duration: 888.3998963832855
new best!
epoch 59:
loss: 1.2371 || cls: 0.0766
train: acc: 0.9104 || macc: 0.8377 || miou: 0.7539 || iou: [0.8566, 0.9604, 0.7084, 0.8472, 0.8545, 0.811, 0.7409, 0.6567, 0.6969, 0.7941, 0.5141, 0.6399, 0.6646, 0.789, 0.6784, 0.7819, 0.8563, 0.6852, 0.8549, 0.6862]
val:   acc: 0.9063 || macc: 0.7934 || miou: 0.7124 || iou: [0.8582, 0.9661, 0.6873, 0.8006, 0.9031, 0.8281, 0.7498, 0.6677, 0.606, 0.7932, 0.3644, 0.5902, 0.673, 0.7133, 0.5608, 0.4882, 0.9146, 0.6476, 0.8588, 0.5762]
duration: 888.7559700012207
epoch 60:
loss: 1.233 || cls: 0.0644
train: acc: 0.912 || macc: 0.8423 || miou: 0.7585 || iou: [0.8582, 0.9603, 0.7188, 0.8498, 0.8528, 0.8043, 0.7444, 0.662, 0.6944, 0.8167, 0.5333, 0.6409, 0.6625, 0.7848, 0.7178, 0.7747, 0.8519, 0.691, 0.8558, 0.696]
val:   acc: 0.9031 || macc: 0.7842 || miou: 0.7119 || iou: [0.851, 0.9629, 0.6549, 0.7915, 0.9108, 0.828, 0.7208, 0.6437, 0.5839, 0.8082, 0.3493, 0.5656, 0.6441, 0.7384, 0.6033, 0.5931, 0.9235, 0.6301, 0.8516, 0.5825]
duration: 891.8082127571106
epoch 61:
loss: 1.2313 || cls: 0.0758
train: acc: 0.9125 || macc: 0.844 || miou: 0.7605 || iou: [0.8585, 0.9601, 0.7179, 0.8557, 0.8563, 0.8172, 0.7504, 0.6637, 0.693, 0.8026, 0.5511, 0.6497, 0.6755, 0.7875, 0.7147, 0.7676, 0.8527, 0.6944, 0.8479, 0.6932]
val:   acc: 0.8994 || macc: 0.7899 || miou: 0.7056 || iou: [0.8608, 0.9631, 0.677, 0.7848, 0.8917, 0.7935, 0.7281, 0.6566, 0.62, 0.7225, 0.3808, 0.7204, 0.6577, 0.6062, 0.5351, 0.6039, 0.9074, 0.6585, 0.858, 0.4856]
duration: 894.644109249115
epoch 62:
loss: 1.2276 || cls: 0.0639
train: acc: 0.9145 || macc: 0.8469 || miou: 0.7649 || iou: [0.8624, 0.9609, 0.7231, 0.8531, 0.8564, 0.8215, 0.7533, 0.6698, 0.7079, 0.806, 0.5587, 0.6579, 0.6714, 0.7875, 0.7195, 0.7755, 0.861, 0.6873, 0.8635, 0.7021]
val:   acc: 0.9084 || macc: 0.8022 || miou: 0.7235 || iou: [0.8601, 0.9652, 0.6664, 0.8092, 0.9032, 0.8126, 0.7441, 0.6937, 0.6187, 0.7845, 0.352, 0.6773, 0.679, 0.7338, 0.6103, 0.5811, 0.905, 0.6552, 0.8235, 0.5947]
duration: 883.6953008174896
epoch 63:
loss: 1.2287 || cls: 0.0741
train: acc: 0.9139 || macc: 0.8458 || miou: 0.7641 || iou: [0.8611, 0.9607, 0.7189, 0.8591, 0.8615, 0.8219, 0.7456, 0.6706, 0.7022, 0.7991, 0.5513, 0.6519, 0.6784, 0.7947, 0.7123, 0.7846, 0.8565, 0.6901, 0.8601, 0.7006]
val:   acc: 0.9083 || macc: 0.8138 || miou: 0.7276 || iou: [0.8654, 0.965, 0.6543, 0.8244, 0.8974, 0.8141, 0.7375, 0.6807, 0.6764, 0.7839, 0.3548, 0.6579, 0.6652, 0.7445, 0.6233, 0.6045, 0.9209, 0.649, 0.874, 0.56]
duration: 886.2941920757294
new best!
epoch 64:
loss: 1.2232 || cls: 0.0609
train: acc: 0.9164 || macc: 0.8511 || miou: 0.7707 || iou: [0.8633, 0.961, 0.7304, 0.8621, 0.8611, 0.824, 0.7618, 0.6732, 0.711, 0.8149, 0.5517, 0.6633, 0.69, 0.793, 0.7262, 0.8005, 0.8633, 0.6887, 0.8653, 0.7096]
val:   acc: 0.9064 || macc: 0.7921 || miou: 0.7135 || iou: [0.8585, 0.9602, 0.6573, 0.8096, 0.9006, 0.8012, 0.7217, 0.7057, 0.6738, 0.7866, 0.2055, 0.6792, 0.6338, 0.7322, 0.5822, 0.5432, 0.9115, 0.6476, 0.8792, 0.5812]
duration: 886.667398929596
epoch 65:
loss: 1.2208 || cls: 0.068
train: acc: 0.9174 || macc: 0.8529 || miou: 0.7726 || iou: [0.8652, 0.9615, 0.7382, 0.8576, 0.8631, 0.8222, 0.7635, 0.6774, 0.7104, 0.8214, 0.5693, 0.6596, 0.6961, 0.7854, 0.733, 0.7943, 0.8612, 0.698, 0.8652, 0.7093]
val:   acc: 0.9074 || macc: 0.803 || miou: 0.7274 || iou: [0.8589, 0.9641, 0.659, 0.7884, 0.912, 0.8509, 0.689, 0.7072, 0.6336, 0.8268, 0.3751, 0.6837, 0.613, 0.7464, 0.5673, 0.638, 0.9182, 0.6593, 0.873, 0.5829]
duration: 896.0934488773346
epoch 66:
loss: 1.217 || cls: 0.0583
train: acc: 0.919 || macc: 0.8553 || miou: 0.7766 || iou: [0.8669, 0.9611, 0.744, 0.8678, 0.8642, 0.829, 0.7657, 0.6786, 0.7153, 0.8309, 0.5516, 0.6556, 0.6979, 0.8086, 0.7395, 0.7991, 0.8636, 0.7015, 0.8707, 0.7199]
val:   acc: 0.9084 || macc: 0.8084 || miou: 0.7281 || iou: [0.8562, 0.966, 0.6987, 0.8045, 0.912, 0.8218, 0.7408, 0.6842, 0.6156, 0.8206, 0.3689, 0.6522, 0.6691, 0.7364, 0.608, 0.6296, 0.8923, 0.647, 0.8677, 0.5697]
duration: 897.6293559074402
new best!
epoch 67:
loss: 1.2136 || cls: 0.0655
train: acc: 0.9206 || macc: 0.859 || miou: 0.7808 || iou: [0.8693, 0.9623, 0.7443, 0.8669, 0.8629, 0.8305, 0.7692, 0.6907, 0.7274, 0.8351, 0.5784, 0.6669, 0.7001, 0.8209, 0.7375, 0.809, 0.8594, 0.6914, 0.8669, 0.7266]
val:   acc: 0.9067 || macc: 0.8016 || miou: 0.7265 || iou: [0.8563, 0.9656, 0.6148, 0.8106, 0.9131, 0.8429, 0.7275, 0.6803, 0.699, 0.7944, 0.3516, 0.6692, 0.6797, 0.748, 0.5761, 0.6202, 0.9189, 0.6587, 0.8871, 0.5165]
duration: 895.0020372867584
epoch 68:
loss: 1.2117 || cls: 0.0588
train: acc: 0.9214 || macc: 0.8603 || miou: 0.7828 || iou: [0.8707, 0.9625, 0.7494, 0.866, 0.8708, 0.834, 0.7685, 0.6911, 0.7223, 0.8302, 0.5786, 0.675, 0.7021, 0.8167, 0.7373, 0.8048, 0.871, 0.7089, 0.8689, 0.7273]
val:   acc: 0.9104 || macc: 0.8175 || miou: 0.7313 || iou: [0.865, 0.9674, 0.6663, 0.7964, 0.9107, 0.8391, 0.7315, 0.6943, 0.6863, 0.7996, 0.3465, 0.6796, 0.6651, 0.7509, 0.5882, 0.6177, 0.9325, 0.6454, 0.8793, 0.5651]
duration: 889.4746749401093
new best!
epoch 69:
loss: 1.2084 || cls: 0.057
train: acc: 0.9227 || macc: 0.8633 || miou: 0.7869 || iou: [0.8728, 0.9621, 0.7595, 0.8735, 0.8709, 0.8262, 0.7718, 0.6971, 0.7297, 0.8401, 0.5674, 0.6918, 0.7056, 0.8185, 0.7477, 0.8108, 0.8739, 0.7105, 0.8717, 0.7368]
val:   acc: 0.9135 || macc: 0.8142 || miou: 0.7407 || iou: [0.8654, 0.9649, 0.7127, 0.8195, 0.9126, 0.8496, 0.7531, 0.6593, 0.6526, 0.822, 0.3234, 0.6855, 0.6714, 0.7522, 0.5958, 0.667, 0.9358, 0.667, 0.8748, 0.6292]
duration: 879.6839137077332
new best!
epoch 70:
loss: 1.2033 || cls: 0.0516
train: acc: 0.9252 || macc: 0.866 || miou: 0.791 || iou: [0.8759, 0.9633, 0.7564, 0.8756, 0.8755, 0.8414, 0.7875, 0.7047, 0.7391, 0.8393, 0.5897, 0.686, 0.7185, 0.8233, 0.7425, 0.8024, 0.8762, 0.712, 0.8725, 0.7381]
val:   acc: 0.905 || macc: 0.7974 || miou: 0.7211 || iou: [0.8547, 0.9651, 0.65, 0.7998, 0.9025, 0.8237, 0.7546, 0.6508, 0.6399, 0.831, 0.3099, 0.693, 0.6995, 0.7326, 0.588, 0.6074, 0.9183, 0.629, 0.8765, 0.4961]
duration: 889.0111935138702
epoch 71:
loss: 1.2026 || cls: 0.0537
train: acc: 0.9255 || macc: 0.8698 || miou: 0.7958 || iou: [0.8758, 0.9628, 0.762, 0.8751, 0.8762, 0.8458, 0.7819, 0.7047, 0.7475, 0.8421, 0.5934, 0.6924, 0.7159, 0.8321, 0.7576, 0.8296, 0.8815, 0.7162, 0.8796, 0.7427]
val:   acc: 0.9114 || macc: 0.8058 || miou: 0.7289 || iou: [0.8661, 0.9654, 0.6574, 0.8187, 0.9118, 0.8651, 0.7412, 0.6697, 0.688, 0.7991, 0.3983, 0.5436, 0.6803, 0.7316, 0.6174, 0.5574, 0.9041, 0.6858, 0.8701, 0.6063]
duration: 891.8911752700806
epoch 72:
loss: 1.1994 || cls: 0.0511
train: acc: 0.9269 || macc: 0.8711 || miou: 0.7965 || iou: [0.8791, 0.9635, 0.7684, 0.8786, 0.8757, 0.8363, 0.7872, 0.7125, 0.748, 0.8347, 0.5843, 0.7023, 0.7271, 0.8285, 0.7626, 0.8162, 0.8769, 0.7183, 0.8779, 0.7514]
val:   acc: 0.9073 || macc: 0.811 || miou: 0.7291 || iou: [0.8572, 0.9631, 0.6621, 0.7912, 0.9139, 0.8218, 0.7404, 0.6687, 0.6513, 0.805, 0.3787, 0.6706, 0.667, 0.7551, 0.6235, 0.5952, 0.9294, 0.6678, 0.8591, 0.5605]
duration: 892.2240166664124
epoch 73:
loss: 1.198 || cls: 0.0456
train: acc: 0.9277 || macc: 0.8726 || miou: 0.8001 || iou: [0.8777, 0.963, 0.7775, 0.8798, 0.8759, 0.8474, 0.7892, 0.7163, 0.7486, 0.8576, 0.5925, 0.7062, 0.7342, 0.8385, 0.7547, 0.8154, 0.8774, 0.7146, 0.8742, 0.7606]
val:   acc: 0.9121 || macc: 0.8103 || miou: 0.7345 || iou: [0.8666, 0.9655, 0.6647, 0.8322, 0.9128, 0.8394, 0.7507, 0.6955, 0.6891, 0.8128, 0.3895, 0.5558, 0.657, 0.7542, 0.6117, 0.6212, 0.9432, 0.6653, 0.8726, 0.5903]
duration: 894.9151327610016
epoch 74:
loss: 1.1945 || cls: 0.0433
train: acc: 0.929 || macc: 0.8749 || miou: 0.8023 || iou: [0.8815, 0.9633, 0.7763, 0.8857, 0.8784, 0.8473, 0.7865, 0.7188, 0.7579, 0.849, 0.6, 0.7079, 0.7307, 0.8401, 0.7664, 0.8204, 0.8783, 0.7255, 0.878, 0.7549]
val:   acc: 0.912 || macc: 0.8125 || miou: 0.734 || iou: [0.8688, 0.9644, 0.6998, 0.8044, 0.9162, 0.8355, 0.7131, 0.6905, 0.6686, 0.7887, 0.3871, 0.6699, 0.632, 0.745, 0.6363, 0.5811, 0.9391, 0.6568, 0.8715, 0.6118]
duration: 893.4819011688232
epoch 75:
loss: 1.1904 || cls: 0.0384
train: acc: 0.9311 || macc: 0.879 || miou: 0.8078 || iou: [0.8844, 0.9642, 0.7839, 0.8852, 0.882, 0.8485, 0.7987, 0.7279, 0.7614, 0.8579, 0.6201, 0.7094, 0.7357, 0.8445, 0.7778, 0.8273, 0.881, 0.7292, 0.8777, 0.7584]
val:   acc: 0.9138 || macc: 0.8097 || miou: 0.7416 || iou: [0.863, 0.9649, 0.6779, 0.8161, 0.9131, 0.8549, 0.7742, 0.7012, 0.6835, 0.8169, 0.3651, 0.6239, 0.7023, 0.7591, 0.6245, 0.6242, 0.936, 0.6691, 0.8767, 0.5853]
duration: 894.9409818649292
new best!
epoch 76:
loss: 1.1881 || cls: 0.0428
train: acc: 0.9322 || macc: 0.8821 || miou: 0.8122 || iou: [0.8856, 0.9646, 0.7869, 0.8843, 0.8835, 0.8549, 0.7989, 0.7276, 0.7688, 0.8636, 0.6145, 0.7196, 0.7444, 0.8412, 0.7984, 0.8358, 0.88, 0.7326, 0.8864, 0.7725]
val:   acc: 0.9071 || macc: 0.8029 || miou: 0.7303 || iou: [0.8527, 0.9651, 0.6686, 0.8028, 0.9134, 0.8242, 0.7454, 0.684, 0.629, 0.7981, 0.352, 0.6952, 0.6495, 0.6978, 0.6694, 0.6159, 0.9315, 0.6648, 0.8785, 0.5674]
duration: 887.6302659511566
epoch 77:
loss: 1.1846 || cls: 0.0364
train: acc: 0.9339 || macc: 0.8852 || miou: 0.8168 || iou: [0.888, 0.9644, 0.7901, 0.889, 0.8865, 0.8629, 0.8038, 0.7363, 0.7778, 0.865, 0.6298, 0.7372, 0.744, 0.8486, 0.7834, 0.8456, 0.8869, 0.7252, 0.8913, 0.7808]
val:   acc: 0.9077 || macc: 0.7984 || miou: 0.7271 || iou: [0.8545, 0.9647, 0.6624, 0.7919, 0.9168, 0.8434, 0.7641, 0.6705, 0.6309, 0.8027, 0.382, 0.636, 0.6894, 0.7284, 0.5918, 0.5981, 0.9155, 0.674, 0.8717, 0.5542]
duration: 885.1479172706604
epoch 78:
loss: 1.1822 || cls: 0.0383
train: acc: 0.9346 || macc: 0.8845 || miou: 0.8157 || iou: [0.8898, 0.9646, 0.7955, 0.8931, 0.8862, 0.8589, 0.8064, 0.7402, 0.7712, 0.8694, 0.6223, 0.731, 0.7472, 0.8361, 0.7892, 0.8306, 0.8867, 0.7325, 0.883, 0.7804]
val:   acc: 0.9101 || macc: 0.8064 || miou: 0.7347 || iou: [0.8598, 0.9647, 0.6829, 0.8266, 0.9203, 0.8501, 0.7351, 0.6553, 0.6142, 0.7994, 0.3675, 0.6954, 0.663, 0.7541, 0.5711, 0.6255, 0.9398, 0.6838, 0.8694, 0.6156]
duration: 893.9612808227539
epoch 79:
loss: 1.1805 || cls: 0.035
train: acc: 0.9354 || macc: 0.8869 || miou: 0.8183 || iou: [0.8913, 0.965, 0.7958, 0.8913, 0.8894, 0.864, 0.811, 0.7425, 0.7762, 0.8696, 0.6257, 0.7239, 0.758, 0.8476, 0.7909, 0.8362, 0.8848, 0.7304, 0.8843, 0.7887]
val:   acc: 0.9141 || macc: 0.8208 || miou: 0.7447 || iou: [0.8679, 0.9657, 0.6984, 0.8058, 0.9147, 0.8207, 0.7514, 0.6908, 0.6578, 0.8084, 0.4088, 0.6676, 0.6709, 0.7586, 0.6159, 0.6388, 0.9353, 0.7056, 0.8823, 0.6284]
duration: 893.969473361969
new best!
epoch 80:
loss: 1.1778 || cls: 0.031
train: acc: 0.9368 || macc: 0.8897 || miou: 0.8227 || iou: [0.8922, 0.9656, 0.804, 0.8944, 0.8893, 0.8646, 0.8172, 0.7486, 0.7807, 0.8713, 0.6428, 0.7223, 0.7571, 0.8559, 0.7924, 0.8512, 0.8926, 0.7397, 0.8839, 0.7878]
val:   acc: 0.9125 || macc: 0.8108 || miou: 0.7372 || iou: [0.8661, 0.9647, 0.6733, 0.8202, 0.9192, 0.8516, 0.7492, 0.6869, 0.6552, 0.8063, 0.3472, 0.6942, 0.6771, 0.7528, 0.6181, 0.5933, 0.9348, 0.6677, 0.8758, 0.5906]
duration: 897.2094557285309
epoch 81:
loss: 1.174 || cls: 0.0293
train: acc: 0.9384 || macc: 0.8929 || miou: 0.8273 || iou: [0.8949, 0.9659, 0.8089, 0.8974, 0.8913, 0.8713, 0.8251, 0.7488, 0.786, 0.8688, 0.6375, 0.7391, 0.7669, 0.8621, 0.803, 0.8494, 0.8927, 0.7447, 0.8935, 0.7982]
val:   acc: 0.9117 || macc: 0.8109 || miou: 0.7384 || iou: [0.8626, 0.9627, 0.6845, 0.8123, 0.9207, 0.8735, 0.7457, 0.6739, 0.6216, 0.8137, 0.3844, 0.698, 0.6563, 0.7303, 0.5973, 0.614, 0.9353, 0.6776, 0.8793, 0.6253]
duration: 887.8967435359955
epoch 82:
loss: 1.174 || cls: 0.0303
train: acc: 0.9383 || macc: 0.8937 || miou: 0.8279 || iou: [0.8952, 0.9655, 0.8067, 0.8958, 0.8905, 0.8642, 0.8196, 0.7541, 0.7929, 0.8774, 0.6575, 0.7362, 0.7707, 0.8597, 0.7922, 0.8569, 0.8959, 0.7396, 0.891, 0.7954]
val:   acc: 0.9126 || macc: 0.815 || miou: 0.7379 || iou: [0.8683, 0.9641, 0.6697, 0.8025, 0.9193, 0.8376, 0.7496, 0.6612, 0.6719, 0.8073, 0.3951, 0.6879, 0.6703, 0.7544, 0.574, 0.6248, 0.9185, 0.6801, 0.8837, 0.6185]
duration: 887.1088511943817
epoch 83:
loss: 1.1696 || cls: 0.0257
train: acc: 0.9406 || macc: 0.8968 || miou: 0.8329 || iou: [0.8981, 0.9658, 0.8168, 0.8991, 0.8951, 0.8797, 0.8262, 0.7618, 0.7986, 0.8685, 0.6539, 0.7519, 0.7743, 0.8699, 0.8135, 0.8492, 0.8929, 0.7494, 0.8896, 0.8042]
val:   acc: 0.9144 || macc: 0.8139 || miou: 0.7403 || iou: [0.868, 0.9653, 0.6843, 0.8108, 0.9154, 0.8347, 0.7614, 0.6916, 0.6721, 0.8127, 0.3654, 0.6184, 0.6631, 0.7738, 0.6316, 0.6178, 0.9352, 0.6896, 0.871, 0.6234]
duration: 895.0327270030975
epoch 84:
loss: 1.1693 || cls: 0.0249
train: acc: 0.9406 || macc: 0.8965 || miou: 0.8326 || iou: [0.8983, 0.9654, 0.8189, 0.9016, 0.8943, 0.8737, 0.8271, 0.7638, 0.7993, 0.8796, 0.6472, 0.7516, 0.7673, 0.8697, 0.8005, 0.8555, 0.8899, 0.7447, 0.8945, 0.8087]
val:   acc: 0.9168 || macc: 0.8212 || miou: 0.7481 || iou: [0.8704, 0.9627, 0.7131, 0.798, 0.9172, 0.8337, 0.758, 0.6995, 0.6941, 0.8166, 0.3601, 0.6857, 0.6933, 0.7581, 0.6363, 0.6228, 0.94, 0.6792, 0.8831, 0.639]
duration: 892.421115398407
new best!
epoch 85:
loss: 1.1663 || cls: 0.0231
train: acc: 0.942 || macc: 0.8995 || miou: 0.8367 || iou: [0.8997, 0.9668, 0.8222, 0.9001, 0.898, 0.8796, 0.8327, 0.7667, 0.8057, 0.8787, 0.663, 0.7558, 0.7808, 0.8705, 0.8182, 0.8588, 0.8912, 0.7421, 0.895, 0.8085]
val:   acc: 0.9159 || macc: 0.8276 || miou: 0.7546 || iou: [0.8651, 0.9655, 0.7147, 0.8324, 0.9163, 0.8701, 0.746, 0.6855, 0.685, 0.8286, 0.3676, 0.7059, 0.6786, 0.7751, 0.6474, 0.6805, 0.9422, 0.6857, 0.8886, 0.6103]
duration: 886.6220834255219
new best!
epoch 86:
loss: 1.1644 || cls: 0.0225
train: acc: 0.9429 || macc: 0.9024 || miou: 0.8403 || iou: [0.9031, 0.9659, 0.8236, 0.8995, 0.8961, 0.8727, 0.8317, 0.7713, 0.806, 0.8843, 0.6853, 0.7617, 0.7833, 0.8788, 0.8147, 0.8721, 0.9009, 0.7502, 0.8991, 0.8061]
val:   acc: 0.9142 || macc: 0.8205 || miou: 0.7465 || iou: [0.8649, 0.9621, 0.7042, 0.8238, 0.907, 0.837, 0.7458, 0.6973, 0.6936, 0.8148, 0.3867, 0.6763, 0.6775, 0.7645, 0.6006, 0.6284, 0.9404, 0.6954, 0.8889, 0.6201]
duration: 893.045773267746
epoch 87:
loss: 1.1635 || cls: 0.0209
train: acc: 0.9435 || macc: 0.9019 || miou: 0.8407 || iou: [0.902, 0.9663, 0.8307, 0.9032, 0.8986, 0.8838, 0.8409, 0.7722, 0.8035, 0.8832, 0.6731, 0.7619, 0.7915, 0.8662, 0.8098, 0.8647, 0.901, 0.7489, 0.8963, 0.8169]
val:   acc: 0.9153 || macc: 0.8223 || miou: 0.7484 || iou: [0.8672, 0.9651, 0.705, 0.8088, 0.9198, 0.8665, 0.7428, 0.6902, 0.6822, 0.8243, 0.3913, 0.6825, 0.6551, 0.7677, 0.6335, 0.6207, 0.9377, 0.7012, 0.8879, 0.6177]
duration: 892.9222521781921
epoch 88:
loss: 1.1607 || cls: 0.02
train: acc: 0.9445 || macc: 0.9044 || miou: 0.8433 || iou: [0.9037, 0.9668, 0.8306, 0.9061, 0.8996, 0.8795, 0.8441, 0.7737, 0.8159, 0.8882, 0.6763, 0.7661, 0.7953, 0.8756, 0.8181, 0.8596, 0.8988, 0.7562, 0.8958, 0.817]
val:   acc: 0.9162 || macc: 0.8206 || miou: 0.747 || iou: [0.8718, 0.9628, 0.7115, 0.829, 0.9122, 0.854, 0.7492, 0.6949, 0.6871, 0.8233, 0.3364, 0.6829, 0.6685, 0.7643, 0.6726, 0.5895, 0.9402, 0.6838, 0.8879, 0.6171]
duration: 896.1426494121552
epoch 89:
loss: 1.1597 || cls: 0.0193
train: acc: 0.9451 || macc: 0.9051 || miou: 0.8451 || iou: [0.9048, 0.967, 0.8329, 0.9058, 0.902, 0.8847, 0.8449, 0.7736, 0.8101, 0.8926, 0.6703, 0.7677, 0.7976, 0.88, 0.8277, 0.8633, 0.9021, 0.7505, 0.9015, 0.8224]
val:   acc: 0.9159 || macc: 0.8193 || miou: 0.7483 || iou: [0.8657, 0.9647, 0.7171, 0.8142, 0.9209, 0.8677, 0.7522, 0.7039, 0.6688, 0.8222, 0.3888, 0.7032, 0.6718, 0.7622, 0.6296, 0.5855, 0.945, 0.6785, 0.8902, 0.6131]
duration: 896.259758234024
epoch 90:
loss: 1.157 || cls: 0.0175
train: acc: 0.9463 || macc: 0.9081 || miou: 0.849 || iou: [0.9067, 0.9671, 0.8399, 0.907, 0.9044, 0.8892, 0.8438, 0.7854, 0.8212, 0.8876, 0.6874, 0.7786, 0.7995, 0.8811, 0.8274, 0.8669, 0.9042, 0.7555, 0.9018, 0.8252]
val:   acc: 0.9166 || macc: 0.8211 || miou: 0.7509 || iou: [0.8694, 0.9651, 0.6985, 0.8193, 0.9145, 0.8528, 0.7644, 0.7143, 0.6881, 0.8219, 0.3603, 0.685, 0.6952, 0.7737, 0.6734, 0.6261, 0.938, 0.6818, 0.887, 0.5882]
duration: 893.3044548034668
epoch 91:
loss: 1.1564 || cls: 0.0171
train: acc: 0.9467 || macc: 0.9094 || miou: 0.8507 || iou: [0.9072, 0.9671, 0.8398, 0.9078, 0.9045, 0.8884, 0.8474, 0.788, 0.8211, 0.8974, 0.6917, 0.7796, 0.8033, 0.8771, 0.8301, 0.8827, 0.9018, 0.7569, 0.8974, 0.8249]
val:   acc: 0.9165 || macc: 0.8179 || miou: 0.7489 || iou: [0.8681, 0.9639, 0.7123, 0.8227, 0.9158, 0.8656, 0.7555, 0.7062, 0.6789, 0.8168, 0.3488, 0.6666, 0.6846, 0.7654, 0.6451, 0.6279, 0.9498, 0.6813, 0.8817, 0.6205]
duration: 897.3697335720062
epoch 92:
loss: 1.1553 || cls: 0.016
train: acc: 0.9471 || macc: 0.9093 || miou: 0.8509 || iou: [0.9079, 0.9671, 0.8422, 0.9105, 0.9038, 0.8887, 0.8492, 0.7854, 0.8267, 0.8939, 0.6944, 0.7708, 0.801, 0.8854, 0.8273, 0.8747, 0.9023, 0.7578, 0.9053, 0.8243]
val:   acc: 0.9167 || macc: 0.8209 || miou: 0.7478 || iou: [0.8703, 0.9647, 0.7112, 0.8167, 0.9109, 0.8563, 0.7606, 0.7085, 0.6968, 0.8164, 0.3756, 0.6529, 0.6757, 0.7581, 0.6501, 0.5916, 0.94, 0.6923, 0.8885, 0.6178]
duration: 895.7232518196106
epoch 93:
loss: 1.1543 || cls: 0.015
train: acc: 0.9477 || macc: 0.9113 || miou: 0.8534 || iou: [0.9083, 0.9677, 0.8475, 0.91, 0.9053, 0.8871, 0.8538, 0.786, 0.8199, 0.8945, 0.6914, 0.7872, 0.8074, 0.8844, 0.8399, 0.8702, 0.908, 0.7626, 0.9071, 0.829]
val:   acc: 0.9154 || macc: 0.8134 || miou: 0.743 || iou: [0.8662, 0.9649, 0.6923, 0.8224, 0.9198, 0.8716, 0.7671, 0.7024, 0.678, 0.8157, 0.3711, 0.6476, 0.6781, 0.7513, 0.6288, 0.5675, 0.9335, 0.684, 0.8898, 0.6075]
duration: 894.724039554596
epoch 94:
loss: 1.1545 || cls: 0.0145
train: acc: 0.9476 || macc: 0.9111 || miou: 0.8529 || iou: [0.9089, 0.9672, 0.8428, 0.9081, 0.9058, 0.8897, 0.8509, 0.7879, 0.8239, 0.8936, 0.7151, 0.7797, 0.8039, 0.883, 0.8306, 0.8711, 0.9041, 0.7613, 0.903, 0.8266]
val:   acc: 0.9176 || macc: 0.8202 || miou: 0.7497 || iou: [0.8695, 0.9649, 0.7091, 0.8216, 0.9168, 0.8668, 0.7624, 0.7211, 0.6878, 0.8229, 0.3791, 0.6622, 0.6843, 0.7609, 0.6444, 0.583, 0.9381, 0.6911, 0.8874, 0.6214]
duration: 884.9462966918945
epoch 95:
loss: 1.1539 || cls: 0.014
train: acc: 0.948 || macc: 0.9114 || miou: 0.8542 || iou: [0.909, 0.9672, 0.8462, 0.9088, 0.9057, 0.8905, 0.8538, 0.7898, 0.823, 0.8907, 0.6918, 0.7908, 0.8113, 0.8862, 0.8337, 0.8809, 0.9039, 0.7637, 0.9048, 0.8331]
val:   acc: 0.9176 || macc: 0.8223 || miou: 0.7514 || iou: [0.8681, 0.965, 0.7153, 0.8226, 0.9157, 0.8668, 0.7663, 0.707, 0.6906, 0.8219, 0.3809, 0.6632, 0.6847, 0.7703, 0.6476, 0.5994, 0.9335, 0.6968, 0.8839, 0.6283]
duration: 892.5877351760864
epoch 96:
loss: 1.1524 || cls: 0.0133
train: acc: 0.9486 || macc: 0.9117 || miou: 0.8545 || iou: [0.9098, 0.9677, 0.8456, 0.9127, 0.9069, 0.8938, 0.8531, 0.7877, 0.8292, 0.8969, 0.6924, 0.7791, 0.8102, 0.8869, 0.8258, 0.873, 0.9084, 0.7649, 0.91, 0.836]
val:   acc: 0.9184 || macc: 0.8238 || miou: 0.753 || iou: [0.8704, 0.9645, 0.72, 0.8273, 0.92, 0.8705, 0.7589, 0.7097, 0.6916, 0.826, 0.3767, 0.6759, 0.6788, 0.7619, 0.6609, 0.5921, 0.9417, 0.6937, 0.8863, 0.6329]
duration: 895.0855357646942
epoch 97:
loss: 1.1535 || cls: 0.0129
train: acc: 0.948 || macc: 0.9108 || miou: 0.8531 || iou: [0.9089, 0.9675, 0.845, 0.9089, 0.9066, 0.8907, 0.8519, 0.7943, 0.8274, 0.8898, 0.6905, 0.7884, 0.8101, 0.8899, 0.8252, 0.8706, 0.905, 0.7599, 0.9033, 0.8281]
val:   acc: 0.9181 || macc: 0.8221 || miou: 0.7511 || iou: [0.8707, 0.9647, 0.716, 0.8194, 0.9156, 0.8583, 0.7657, 0.7095, 0.6868, 0.8214, 0.3648, 0.6757, 0.6899, 0.7692, 0.6553, 0.589, 0.9322, 0.6963, 0.8843, 0.6364]
duration: 891.9144566059113
epoch 98:
loss: 1.1523 || cls: 0.0129
train: acc: 0.9486 || macc: 0.9121 || miou: 0.8551 || iou: [0.9104, 0.968, 0.8426, 0.9133, 0.9079, 0.8941, 0.8525, 0.7919, 0.8285, 0.8975, 0.6914, 0.7843, 0.8117, 0.8898, 0.8262, 0.881, 0.9064, 0.7663, 0.9088, 0.8292]
val:   acc: 0.9182 || macc: 0.823 || miou: 0.7523 || iou: [0.8704, 0.965, 0.7147, 0.8258, 0.9167, 0.8715, 0.7659, 0.7009, 0.695, 0.8182, 0.375, 0.6716, 0.6851, 0.764, 0.654, 0.598, 0.94, 0.6909, 0.8874, 0.636]
duration: 886.3138542175293
epoch 99:
loss: 1.1523 || cls: 0.0129
train: acc: 0.9487 || macc: 0.9117 || miou: 0.8548 || iou: [0.9109, 0.9672, 0.8452, 0.9125, 0.9079, 0.8934, 0.8551, 0.7942, 0.8267, 0.8972, 0.6986, 0.7783, 0.8118, 0.8943, 0.8311, 0.8695, 0.9048, 0.7604, 0.9052, 0.831]
val:   acc: 0.9174 || macc: 0.8212 || miou: 0.7494 || iou: [0.8712, 0.9645, 0.7123, 0.8221, 0.9168, 0.86, 0.7594, 0.7037, 0.6855, 0.8204, 0.3803, 0.6623, 0.6753, 0.7706, 0.6314, 0.6111, 0.9384, 0.6877, 0.8866, 0.6281]
duration: 893.9150187969208
