ninja: no work to do.
lasa03
config
base
epoch 0:
loss: 1.6887 || cls: 1.828
train: acc: 0.7166 || macc: 0.3677 || miou: 0.2947 || iou: [0.6385, 0.8895, 0.2415, 0.4423, 0.5137, 0.4109, 0.3915, 0.0952, 0.2361, 0.307, 0.0, 0.1612, 0.1794, 0.3095, 0.0593, 0.1828, 0.2297, 0.1421, 0.3177, 0.1458]
val:   acc: 0.7988 || macc: 0.6583 || miou: 0.5232 || iou: [0.6875, 0.9531, 0.4466, 0.6491, 0.7993, 0.7244, 0.6044, 0.3512, 0.3161, 0.7013, 0.0, 0.4497, 0.4362, 0.5154, 0.3091, 0.4844, 0.6929, 0.4377, 0.7357, 0.1701]
duration: 686.6856961250305
new best!
epoch 1:
loss: 1.4891 || cls: 1.3808
train: acc: 0.7973 || macc: 0.5819 || miou: 0.482 || iou: [0.7206, 0.9324, 0.3927, 0.6447, 0.6881, 0.6037, 0.514, 0.2733, 0.4105, 0.5037, 0.0432, 0.3182, 0.3754, 0.5557, 0.2883, 0.4748, 0.5929, 0.4083, 0.6145, 0.2843]
val:   acc: 0.8251 || macc: 0.6957 || miou: 0.5526 || iou: [0.7864, 0.9492, 0.4334, 0.6538, 0.7349, 0.6516, 0.528, 0.3593, 0.4486, 0.6628, 0.1036, 0.4912, 0.3977, 0.6803, 0.2941, 0.6229, 0.766, 0.5561, 0.7088, 0.2239]
duration: 682.1860628128052
new best!
epoch 2:
loss: 1.4356 || cls: 1.3212
train: acc: 0.8207 || macc: 0.6443 || miou: 0.5393 || iou: [0.7471, 0.9404, 0.4432, 0.6764, 0.7216, 0.6433, 0.5481, 0.378, 0.4521, 0.5677, 0.1829, 0.3643, 0.4292, 0.6087, 0.3883, 0.567, 0.6577, 0.4739, 0.652, 0.3445]
val:   acc: 0.8527 || macc: 0.7632 || miou: 0.6134 || iou: [0.7846, 0.9594, 0.5342, 0.7735, 0.8437, 0.6745, 0.6686, 0.4993, 0.5513, 0.5581, 0.2278, 0.594, 0.5627, 0.6475, 0.4081, 0.5121, 0.8201, 0.5566, 0.6943, 0.3977]
duration: 676.2951111793518
new best!
epoch 3:
loss: 1.3979 || cls: 1.2644
train: acc: 0.8379 || macc: 0.6861 || miou: 0.5816 || iou: [0.7676, 0.9447, 0.4792, 0.7168, 0.7475, 0.68, 0.5758, 0.4226, 0.4906, 0.6124, 0.2759, 0.4194, 0.4775, 0.6401, 0.458, 0.5973, 0.7071, 0.5084, 0.715, 0.3954]
val:   acc: 0.8653 || macc: 0.7461 || miou: 0.6428 || iou: [0.7985, 0.9567, 0.4972, 0.7719, 0.8636, 0.791, 0.6792, 0.4898, 0.5025, 0.7377, 0.2815, 0.5671, 0.5286, 0.7044, 0.462, 0.5982, 0.8599, 0.5654, 0.8159, 0.3856]
duration: 678.8578088283539
new best!
epoch 4:
loss: 1.3797 || cls: 1.1999
train: acc: 0.8456 || macc: 0.7027 || miou: 0.5972 || iou: [0.7764, 0.9469, 0.4989, 0.7317, 0.7622, 0.6859, 0.5925, 0.4549, 0.5151, 0.6254, 0.2966, 0.4442, 0.4896, 0.6272, 0.4797, 0.6143, 0.722, 0.5385, 0.7273, 0.4146]
val:   acc: 0.8663 || macc: 0.7577 || miou: 0.6375 || iou: [0.8119, 0.9604, 0.543, 0.7102, 0.8671, 0.7634, 0.6831, 0.5878, 0.5476, 0.6087, 0.2227, 0.4689, 0.5921, 0.7064, 0.4994, 0.6141, 0.8869, 0.5837, 0.7767, 0.3159]
duration: 680.6347002983093
epoch 5:
loss: 1.3644 || cls: 1.1247
train: acc: 0.8527 || macc: 0.7156 || miou: 0.6115 || iou: [0.7853, 0.9488, 0.5171, 0.7415, 0.7713, 0.7066, 0.6063, 0.4775, 0.5226, 0.6408, 0.3208, 0.4527, 0.5073, 0.6451, 0.5137, 0.6193, 0.7418, 0.5369, 0.7296, 0.4455]
val:   acc: 0.8542 || macc: 0.7414 || miou: 0.6368 || iou: [0.7715, 0.961, 0.5002, 0.7777, 0.8769, 0.8013, 0.6938, 0.5479, 0.4056, 0.7511, 0.2914, 0.5993, 0.4906, 0.6002, 0.3937, 0.5856, 0.876, 0.5823, 0.8153, 0.4145]
duration: 677.2219734191895
epoch 6:
loss: 1.354 || cls: 1.0473
train: acc: 0.8569 || macc: 0.7281 || miou: 0.6247 || iou: [0.7891, 0.9499, 0.5372, 0.7517, 0.7799, 0.7193, 0.6153, 0.4884, 0.5405, 0.6393, 0.333, 0.4708, 0.523, 0.6613, 0.5287, 0.649, 0.7508, 0.548, 0.7525, 0.4661]
val:   acc: 0.8766 || macc: 0.7726 || miou: 0.6593 || iou: [0.8345, 0.9609, 0.5804, 0.6403, 0.8124, 0.6759, 0.6694, 0.6034, 0.5729, 0.7776, 0.2829, 0.6301, 0.5217, 0.7116, 0.498, 0.6666, 0.8754, 0.6119, 0.8044, 0.4559]
duration: 677.7163424491882
new best!
epoch 7:
loss: 1.3474 || cls: 1.0081
train: acc: 0.8598 || macc: 0.733 || miou: 0.6303 || iou: [0.7932, 0.9511, 0.5363, 0.7575, 0.7841, 0.7009, 0.6167, 0.4972, 0.5406, 0.6526, 0.3597, 0.4727, 0.5297, 0.6873, 0.5203, 0.6467, 0.7614, 0.5632, 0.7576, 0.4774]
val:   acc: 0.8779 || macc: 0.7723 || miou: 0.6642 || iou: [0.8297, 0.9606, 0.5917, 0.7017, 0.88, 0.6966, 0.6585, 0.5944, 0.5777, 0.7251, 0.2897, 0.6747, 0.5357, 0.6759, 0.5186, 0.6471, 0.8927, 0.6073, 0.8296, 0.3973]
duration: 677.845507144928
new best!
epoch 8:
loss: 1.3425 || cls: 0.9856
train: acc: 0.863 || macc: 0.737 || miou: 0.6355 || iou: [0.7966, 0.9508, 0.5436, 0.7556, 0.7888, 0.7117, 0.6331, 0.5138, 0.5549, 0.6533, 0.3373, 0.4763, 0.5324, 0.6897, 0.5329, 0.6779, 0.7616, 0.5643, 0.7525, 0.4822]
val:   acc: 0.8861 || macc: 0.78 || miou: 0.6774 || iou: [0.8301, 0.9628, 0.6058, 0.7923, 0.872, 0.7703, 0.7212, 0.5573, 0.5814, 0.751, 0.2891, 0.6357, 0.5874, 0.7206, 0.5065, 0.6267, 0.8712, 0.6084, 0.7864, 0.4718]
duration: 677.4037616252899
new best!
epoch 9:
loss: 1.3387 || cls: 0.9683
train: acc: 0.8648 || macc: 0.74 || miou: 0.6386 || iou: [0.8007, 0.9512, 0.553, 0.7629, 0.7927, 0.7291, 0.6314, 0.5223, 0.5545, 0.6685, 0.3745, 0.4675, 0.5267, 0.6756, 0.5267, 0.6532, 0.7613, 0.5692, 0.7575, 0.4944]
val:   acc: 0.8818 || macc: 0.7837 || miou: 0.6625 || iou: [0.8338, 0.9584, 0.5953, 0.7732, 0.847, 0.7381, 0.6708, 0.5598, 0.598, 0.7794, 0.2909, 0.6274, 0.5655, 0.6341, 0.4718, 0.6217, 0.8542, 0.5476, 0.7866, 0.4965]
duration: 678.7647716999054
epoch 10:
loss: 1.3328 || cls: 0.9502
train: acc: 0.8669 || macc: 0.7474 || miou: 0.6459 || iou: [0.8032, 0.9515, 0.5557, 0.7738, 0.7924, 0.7312, 0.6315, 0.533, 0.5536, 0.6792, 0.3662, 0.4999, 0.546, 0.672, 0.5643, 0.657, 0.7723, 0.5801, 0.7564, 0.4988]
val:   acc: 0.8795 || macc: 0.7718 || miou: 0.6701 || iou: [0.8107, 0.9598, 0.5827, 0.7855, 0.8792, 0.839, 0.6849, 0.6099, 0.5614, 0.7189, 0.1931, 0.6354, 0.6051, 0.7313, 0.4672, 0.6608, 0.8481, 0.5804, 0.8026, 0.4455]
duration: 678.9573705196381
epoch 11:
loss: 1.3189 || cls: 0.9392
train: acc: 0.8737 || macc: 0.7599 || miou: 0.6601 || iou: [0.812, 0.953, 0.571, 0.7795, 0.8077, 0.7409, 0.6467, 0.5489, 0.5892, 0.681, 0.4007, 0.4861, 0.5514, 0.7004, 0.5879, 0.6787, 0.7759, 0.5867, 0.7843, 0.519]
val:   acc: 0.8833 || macc: 0.743 || miou: 0.6568 || iou: [0.8218, 0.9591, 0.5868, 0.7752, 0.8883, 0.8157, 0.7064, 0.6176, 0.5667, 0.7074, 0.2022, 0.6263, 0.5823, 0.6986, 0.5088, 0.3889, 0.8724, 0.6002, 0.7777, 0.4335]
duration: 678.78440117836
epoch 12:
loss: 1.3177 || cls: 0.9327
train: acc: 0.8743 || macc: 0.7633 || miou: 0.6637 || iou: [0.8124, 0.9529, 0.5845, 0.7762, 0.7992, 0.7398, 0.6513, 0.5556, 0.584, 0.6968, 0.3956, 0.509, 0.5554, 0.7062, 0.5911, 0.6768, 0.7888, 0.5832, 0.7842, 0.5311]
val:   acc: 0.8821 || macc: 0.7535 || miou: 0.6705 || iou: [0.8287, 0.96, 0.6011, 0.7789, 0.8887, 0.8221, 0.6325, 0.5869, 0.582, 0.7583, 0.2863, 0.6427, 0.4892, 0.6276, 0.5549, 0.598, 0.9003, 0.6327, 0.8207, 0.4191]
duration: 677.6812183856964
epoch 13:
loss: 1.3111 || cls: 0.9293
train: acc: 0.8771 || macc: 0.768 || miou: 0.6694 || iou: [0.8167, 0.9536, 0.59, 0.7928, 0.8096, 0.744, 0.6546, 0.5567, 0.5822, 0.6952, 0.4165, 0.515, 0.5685, 0.6947, 0.5777, 0.6794, 0.8026, 0.5998, 0.7959, 0.5432]
val:   acc: 0.8885 || macc: 0.7827 || miou: 0.6868 || iou: [0.8398, 0.9633, 0.5866, 0.7438, 0.9012, 0.8219, 0.6193, 0.6127, 0.6164, 0.7895, 0.3062, 0.636, 0.511, 0.752, 0.5352, 0.6621, 0.8937, 0.6089, 0.8171, 0.5195]
duration: 678.0021359920502
new best!
epoch 14:
loss: 1.3057 || cls: 0.9305
train: acc: 0.8791 || macc: 0.7735 || miou: 0.6751 || iou: [0.818, 0.9539, 0.6042, 0.7914, 0.8101, 0.7597, 0.6561, 0.5636, 0.5905, 0.7173, 0.4261, 0.5228, 0.5725, 0.7139, 0.5914, 0.6862, 0.7906, 0.6009, 0.7815, 0.5521]
val:   acc: 0.8863 || macc: 0.7723 || miou: 0.6714 || iou: [0.8441, 0.962, 0.6002, 0.7713, 0.8873, 0.8025, 0.7071, 0.6044, 0.6167, 0.6128, 0.2725, 0.661, 0.5905, 0.7036, 0.4795, 0.6305, 0.8561, 0.5886, 0.8031, 0.4348]
duration: 677.0537688732147
epoch 15:
loss: 1.2992 || cls: 0.9277
train: acc: 0.8823 || macc: 0.7775 || miou: 0.6805 || iou: [0.8218, 0.9542, 0.5987, 0.7972, 0.8192, 0.7594, 0.6725, 0.5726, 0.5951, 0.73, 0.4267, 0.5143, 0.5767, 0.7113, 0.6018, 0.711, 0.7896, 0.6102, 0.7899, 0.5571]
val:   acc: 0.8919 || macc: 0.7981 || miou: 0.684 || iou: [0.8443, 0.9616, 0.6409, 0.8038, 0.8717, 0.7747, 0.6746, 0.6204, 0.6132, 0.7865, 0.3444, 0.6028, 0.5618, 0.7109, 0.5152, 0.5693, 0.8605, 0.5466, 0.8264, 0.5513]
duration: 678.6752247810364
epoch 16:
loss: 1.2953 || cls: 0.9271
train: acc: 0.8843 || macc: 0.7832 || miou: 0.6872 || iou: [0.8233, 0.9549, 0.6098, 0.806, 0.8196, 0.7669, 0.6742, 0.5767, 0.6121, 0.724, 0.4294, 0.5253, 0.5794, 0.7249, 0.6289, 0.7102, 0.8026, 0.6071, 0.7989, 0.5703]
val:   acc: 0.8887 || macc: 0.7781 || miou: 0.6816 || iou: [0.8439, 0.9627, 0.6223, 0.7717, 0.8457, 0.7075, 0.7187, 0.6117, 0.5937, 0.7354, 0.3334, 0.6353, 0.6322, 0.7261, 0.5073, 0.6008, 0.8787, 0.6038, 0.8529, 0.4489]
duration: 679.6065073013306
epoch 17:
loss: 1.2945 || cls: 0.946
train: acc: 0.8843 || macc: 0.784 || miou: 0.6877 || iou: [0.8241, 0.9552, 0.6187, 0.7944, 0.8208, 0.7553, 0.6708, 0.575, 0.6133, 0.7209, 0.4327, 0.5408, 0.5847, 0.7327, 0.6251, 0.7146, 0.8095, 0.6042, 0.7914, 0.5702]
val:   acc: 0.896 || macc: 0.7932 || miou: 0.7002 || iou: [0.8439, 0.9619, 0.6219, 0.7914, 0.8936, 0.8015, 0.7167, 0.62, 0.6321, 0.7481, 0.3276, 0.6421, 0.6001, 0.7411, 0.5641, 0.6424, 0.8903, 0.6058, 0.832, 0.527]
duration: 680.5119450092316
new best!
epoch 18:
loss: 1.2906 || cls: 0.9375
train: acc: 0.8863 || macc: 0.7862 || miou: 0.6906 || iou: [0.8265, 0.9554, 0.6268, 0.804, 0.8202, 0.7649, 0.6796, 0.5855, 0.6095, 0.7263, 0.4194, 0.5415, 0.5986, 0.7265, 0.6094, 0.7152, 0.7996, 0.6155, 0.8051, 0.5816]
val:   acc: 0.8919 || macc: 0.7706 || miou: 0.6862 || iou: [0.8403, 0.9625, 0.641, 0.7928, 0.8912, 0.7762, 0.7417, 0.5618, 0.5951, 0.7421, 0.3549, 0.3801, 0.6377, 0.7195, 0.5742, 0.6686, 0.9206, 0.6083, 0.825, 0.4896]
duration: 679.6003823280334
epoch 19:
loss: 1.2857 || cls: 0.9421
train: acc: 0.8885 || macc: 0.7925 || miou: 0.6974 || iou: [0.8292, 0.9556, 0.6204, 0.8123, 0.8262, 0.7644, 0.6851, 0.5939, 0.6137, 0.731, 0.4563, 0.5377, 0.6044, 0.7277, 0.6284, 0.725, 0.8096, 0.6287, 0.8079, 0.5902]
val:   acc: 0.8939 || macc: 0.7881 || miou: 0.6923 || iou: [0.8458, 0.9641, 0.6038, 0.7789, 0.8966, 0.8415, 0.7476, 0.6091, 0.6158, 0.7271, 0.2856, 0.6224, 0.6766, 0.7107, 0.5694, 0.5968, 0.8873, 0.5745, 0.8571, 0.4346]
duration: 678.4124748706818
epoch 20:
loss: 1.2834 || cls: 0.9555
train: acc: 0.8894 || macc: 0.7926 || miou: 0.6988 || iou: [0.8306, 0.9559, 0.6297, 0.8141, 0.8239, 0.7661, 0.6836, 0.591, 0.6255, 0.7415, 0.4386, 0.5404, 0.6027, 0.7466, 0.6291, 0.7129, 0.8104, 0.6198, 0.8203, 0.5936]
val:   acc: 0.8995 || macc: 0.7921 || miou: 0.7104 || iou: [0.8495, 0.9614, 0.6399, 0.825, 0.8859, 0.8344, 0.7412, 0.608, 0.6015, 0.785, 0.3304, 0.6072, 0.6451, 0.7577, 0.6077, 0.6743, 0.9068, 0.5727, 0.8095, 0.5654]
duration: 678.1708669662476
new best!
epoch 21:
loss: 1.2785 || cls: 0.9554
train: acc: 0.8918 || macc: 0.7975 || miou: 0.7036 || iou: [0.8338, 0.9568, 0.6348, 0.8152, 0.829, 0.7752, 0.6871, 0.6042, 0.6203, 0.7559, 0.4613, 0.5433, 0.6076, 0.7326, 0.6404, 0.7307, 0.8141, 0.6272, 0.7998, 0.6025]
val:   acc: 0.8985 || macc: 0.794 || miou: 0.7011 || iou: [0.8462, 0.9625, 0.61, 0.7713, 0.8847, 0.8059, 0.7315, 0.6586, 0.6395, 0.784, 0.2895, 0.6432, 0.652, 0.7054, 0.5232, 0.5985, 0.9016, 0.6373, 0.838, 0.539]
duration: 678.8058483600616
epoch 22:
loss: 1.2824 || cls: 0.9748
train: acc: 0.8899 || macc: 0.794 || miou: 0.6995 || iou: [0.8327, 0.9559, 0.6308, 0.8108, 0.8232, 0.7615, 0.6895, 0.5963, 0.6244, 0.7414, 0.4543, 0.5477, 0.606, 0.7296, 0.6244, 0.7258, 0.8073, 0.6231, 0.8059, 0.599]
val:   acc: 0.895 || macc: 0.7797 || miou: 0.705 || iou: [0.8327, 0.9622, 0.6427, 0.8043, 0.8798, 0.803, 0.7407, 0.5923, 0.6074, 0.8022, 0.2136, 0.6747, 0.6378, 0.7546, 0.5971, 0.6677, 0.9314, 0.6489, 0.8284, 0.4795]
duration: 677.867262840271
epoch 23:
loss: 1.2748 || cls: 0.9723
train: acc: 0.8934 || macc: 0.8008 || miou: 0.7079 || iou: [0.8364, 0.9567, 0.6436, 0.8179, 0.8324, 0.7791, 0.6896, 0.6072, 0.6321, 0.759, 0.4718, 0.5584, 0.6092, 0.7411, 0.6404, 0.7246, 0.8207, 0.6138, 0.8221, 0.6026]
val:   acc: 0.9012 || macc: 0.8094 || miou: 0.7159 || iou: [0.8473, 0.9624, 0.6164, 0.787, 0.9057, 0.8293, 0.7503, 0.6309, 0.6135, 0.801, 0.3267, 0.6329, 0.6745, 0.7394, 0.5678, 0.6974, 0.9054, 0.6184, 0.8374, 0.5745]
duration: 678.3932373523712
new best!
epoch 24:
loss: 1.2746 || cls: 0.987
train: acc: 0.8937 || macc: 0.8025 || miou: 0.7095 || iou: [0.8365, 0.9568, 0.648, 0.8155, 0.8315, 0.7778, 0.6954, 0.6033, 0.6321, 0.7425, 0.4595, 0.5662, 0.6119, 0.7445, 0.6514, 0.7376, 0.8259, 0.6225, 0.8268, 0.6032]
val:   acc: 0.8961 || macc: 0.7791 || miou: 0.6917 || iou: [0.8459, 0.9622, 0.5848, 0.791, 0.9048, 0.871, 0.7463, 0.6344, 0.6535, 0.7308, 0.2665, 0.6429, 0.6259, 0.6103, 0.5097, 0.6085, 0.8957, 0.5862, 0.8285, 0.536]
duration: 678.8449218273163
epoch 25:
loss: 1.2732 || cls: 0.9961
train: acc: 0.894 || macc: 0.8041 || miou: 0.711 || iou: [0.8366, 0.9562, 0.6443, 0.817, 0.8367, 0.7879, 0.6946, 0.6135, 0.6313, 0.7491, 0.4625, 0.5618, 0.6058, 0.7442, 0.6589, 0.7456, 0.8187, 0.622, 0.8184, 0.614]
val:   acc: 0.8989 || macc: 0.7877 || miou: 0.6988 || iou: [0.8451, 0.9599, 0.6748, 0.7756, 0.8986, 0.8332, 0.7317, 0.6107, 0.6096, 0.7828, 0.3031, 0.697, 0.6436, 0.6768, 0.5359, 0.5424, 0.8488, 0.5953, 0.8276, 0.5827]
duration: 677.1234655380249
epoch 26:
loss: 1.2709 || cls: 1.0091
train: acc: 0.8953 || macc: 0.8044 || miou: 0.7123 || iou: [0.8382, 0.9572, 0.6553, 0.8149, 0.8352, 0.7769, 0.7016, 0.6129, 0.6382, 0.7533, 0.464, 0.5625, 0.6255, 0.739, 0.6587, 0.7316, 0.8182, 0.6369, 0.8169, 0.6084]
val:   acc: 0.8921 || macc: 0.7775 || miou: 0.6896 || iou: [0.849, 0.9619, 0.5801, 0.7556, 0.9033, 0.8185, 0.7377, 0.6393, 0.6397, 0.5619, 0.2152, 0.6682, 0.6053, 0.7607, 0.5568, 0.68, 0.8924, 0.6225, 0.8353, 0.5088]
duration: 678.0109553337097
epoch 27:
loss: 1.2677 || cls: 1.0101
train: acc: 0.8967 || macc: 0.8087 || miou: 0.7172 || iou: [0.8408, 0.9566, 0.6555, 0.8294, 0.8326, 0.7845, 0.7013, 0.6213, 0.6353, 0.7435, 0.4799, 0.5684, 0.6145, 0.7573, 0.6527, 0.7477, 0.8249, 0.6391, 0.8311, 0.6275]
val:   acc: 0.8934 || macc: 0.7882 || miou: 0.6946 || iou: [0.8483, 0.962, 0.6405, 0.7659, 0.9022, 0.8317, 0.7252, 0.6372, 0.5802, 0.633, 0.345, 0.6215, 0.6178, 0.7116, 0.5562, 0.6482, 0.9131, 0.6119, 0.8499, 0.4905]
duration: 678.5890662670135
epoch 28:
loss: 1.2654 || cls: 1.0211
train: acc: 0.8978 || macc: 0.809 || miou: 0.7174 || iou: [0.8408, 0.9576, 0.6589, 0.8274, 0.8376, 0.7794, 0.7067, 0.6139, 0.6491, 0.7665, 0.4673, 0.5707, 0.6274, 0.7538, 0.6432, 0.7374, 0.8224, 0.6321, 0.8233, 0.6329]
val:   acc: 0.8963 || macc: 0.758 || miou: 0.687 || iou: [0.8396, 0.9611, 0.6275, 0.8049, 0.8782, 0.7636, 0.7185, 0.6372, 0.6468, 0.8162, 0.2794, 0.5648, 0.5844, 0.7225, 0.4626, 0.5324, 0.9087, 0.599, 0.8444, 0.5482]
duration: 676.9041004180908
epoch 29:
loss: 1.2646 || cls: 1.0417
train: acc: 0.8978 || macc: 0.8108 || miou: 0.72 || iou: [0.8401, 0.9577, 0.663, 0.8284, 0.8396, 0.7811, 0.7011, 0.6198, 0.6411, 0.7608, 0.4793, 0.5813, 0.6146, 0.7599, 0.6614, 0.7451, 0.8264, 0.638, 0.8297, 0.6326]
val:   acc: 0.898 || macc: 0.7921 || miou: 0.701 || iou: [0.8512, 0.9608, 0.6471, 0.7593, 0.9051, 0.8335, 0.7134, 0.6123, 0.6099, 0.8037, 0.3135, 0.6367, 0.6387, 0.6986, 0.5943, 0.525, 0.9197, 0.6443, 0.8201, 0.5327]
duration: 676.5651276111603
epoch 30:
loss: 1.2625 || cls: 1.0477
train: acc: 0.8991 || macc: 0.8128 || miou: 0.7222 || iou: [0.8434, 0.9577, 0.6631, 0.8254, 0.8366, 0.7881, 0.7091, 0.6279, 0.6496, 0.7701, 0.4763, 0.5826, 0.6226, 0.7568, 0.6576, 0.7517, 0.8322, 0.639, 0.8219, 0.6312]
val:   acc: 0.8865 || macc: 0.7727 || miou: 0.6756 || iou: [0.8364, 0.9605, 0.5663, 0.6295, 0.8916, 0.6593, 0.7579, 0.5966, 0.5881, 0.6441, 0.2835, 0.6326, 0.6448, 0.7714, 0.5664, 0.6132, 0.8924, 0.6228, 0.7733, 0.5811]
duration: 677.3116211891174
epoch 31:
loss: 1.2574 || cls: 1.0496
train: acc: 0.9014 || macc: 0.8179 || miou: 0.7286 || iou: [0.8452, 0.9577, 0.6761, 0.8341, 0.8439, 0.799, 0.7124, 0.631, 0.6558, 0.7869, 0.4837, 0.5863, 0.6342, 0.7576, 0.6749, 0.7394, 0.8335, 0.6463, 0.8344, 0.6392]
val:   acc: 0.9006 || macc: 0.7946 || miou: 0.7084 || iou: [0.8537, 0.9539, 0.6646, 0.7798, 0.8987, 0.8126, 0.6785, 0.6523, 0.6683, 0.8031, 0.2191, 0.6932, 0.5956, 0.7357, 0.5906, 0.6624, 0.8787, 0.6239, 0.8534, 0.5501]
duration: 678.0335423946381
epoch 32:
loss: 1.2596 || cls: 1.0682
train: acc: 0.9003 || macc: 0.8158 || miou: 0.7256 || iou: [0.8445, 0.9579, 0.6719, 0.8327, 0.8435, 0.7996, 0.7042, 0.6304, 0.6452, 0.7753, 0.4837, 0.5791, 0.635, 0.7473, 0.6861, 0.754, 0.8292, 0.6399, 0.8172, 0.6348]
val:   acc: 0.9009 || macc: 0.7921 || miou: 0.7087 || iou: [0.847, 0.9629, 0.6447, 0.8082, 0.8811, 0.8088, 0.7196, 0.6683, 0.5832, 0.7926, 0.2586, 0.6592, 0.6464, 0.7541, 0.5568, 0.6399, 0.887, 0.6362, 0.8441, 0.5744]
duration: 678.3175282478333
epoch 33:
loss: 1.2602 || cls: 1.0763
train: acc: 0.9002 || macc: 0.8155 || miou: 0.7263 || iou: [0.8438, 0.9577, 0.6773, 0.8334, 0.8375, 0.7822, 0.7114, 0.6245, 0.6613, 0.7711, 0.4611, 0.5888, 0.6357, 0.7634, 0.6668, 0.7552, 0.8378, 0.6458, 0.8349, 0.6366]
val:   acc: 0.8955 || macc: 0.7579 || miou: 0.6846 || iou: [0.845, 0.9628, 0.5761, 0.8013, 0.8994, 0.8205, 0.7562, 0.6272, 0.6165, 0.6783, 0.3013, 0.5276, 0.6474, 0.7216, 0.4562, 0.5552, 0.8812, 0.6195, 0.8255, 0.5731]
duration: 676.0156447887421
epoch 34:
loss: 1.2583 || cls: 1.09
train: acc: 0.9007 || macc: 0.8153 || miou: 0.7252 || iou: [0.8438, 0.9585, 0.6678, 0.8366, 0.8428, 0.7924, 0.7156, 0.6242, 0.6557, 0.7643, 0.477, 0.5911, 0.6358, 0.7549, 0.678, 0.7285, 0.8222, 0.639, 0.8346, 0.6418]
val:   acc: 0.9014 || macc: 0.8011 || miou: 0.7062 || iou: [0.8517, 0.9629, 0.6467, 0.7808, 0.8972, 0.8172, 0.7285, 0.6361, 0.6674, 0.8016, 0.3129, 0.6379, 0.6368, 0.7151, 0.5615, 0.5218, 0.9166, 0.6284, 0.854, 0.5488]
duration: 676.750748872757
epoch 35:
loss: 1.254 || cls: 1.097
train: acc: 0.9027 || macc: 0.8191 || miou: 0.7299 || iou: [0.8476, 0.958, 0.6826, 0.8306, 0.8451, 0.7982, 0.7151, 0.6348, 0.6565, 0.7773, 0.4768, 0.5887, 0.639, 0.7579, 0.6836, 0.745, 0.834, 0.6371, 0.8341, 0.6556]
val:   acc: 0.8908 || macc: 0.7669 || miou: 0.6759 || iou: [0.847, 0.9608, 0.6206, 0.7907, 0.8576, 0.705, 0.7544, 0.6375, 0.6125, 0.6851, 0.3406, 0.6201, 0.6765, 0.6193, 0.4996, 0.4885, 0.8989, 0.6, 0.7967, 0.5069]
duration: 677.5808651447296
epoch 36:
loss: 1.2528 || cls: 1.1168
train: acc: 0.9031 || macc: 0.822 || miou: 0.7327 || iou: [0.8489, 0.9575, 0.683, 0.8275, 0.8425, 0.7939, 0.7155, 0.6407, 0.6597, 0.7832, 0.5041, 0.5912, 0.6393, 0.769, 0.6861, 0.7416, 0.8335, 0.6461, 0.8345, 0.6555]
val:   acc: 0.9025 || macc: 0.7829 || miou: 0.709 || iou: [0.8513, 0.9606, 0.6479, 0.7917, 0.8931, 0.8415, 0.7363, 0.6524, 0.6393, 0.7944, 0.3168, 0.4907, 0.6577, 0.7526, 0.5498, 0.6503, 0.9359, 0.5783, 0.8666, 0.5732]
duration: 677.6094281673431
epoch 37:
loss: 1.249 || cls: 1.1294
train: acc: 0.9051 || macc: 0.825 || miou: 0.7375 || iou: [0.8504, 0.9588, 0.6774, 0.8411, 0.8459, 0.8045, 0.7217, 0.6446, 0.6759, 0.7769, 0.4917, 0.6029, 0.6415, 0.7711, 0.6906, 0.7626, 0.8416, 0.6504, 0.839, 0.6608]
val:   acc: 0.8976 || macc: 0.7903 || miou: 0.7111 || iou: [0.8368, 0.9638, 0.6477, 0.8099, 0.9017, 0.8128, 0.7257, 0.6451, 0.5582, 0.7822, 0.2912, 0.667, 0.6462, 0.7625, 0.4984, 0.7378, 0.9292, 0.6293, 0.8666, 0.5096]
duration: 675.4749281406403
epoch 38:
loss: 1.2484 || cls: 1.1341
train: acc: 0.9052 || macc: 0.8259 || miou: 0.738 || iou: [0.8525, 0.9583, 0.6807, 0.838, 0.8452, 0.7979, 0.7275, 0.6476, 0.6675, 0.7903, 0.4913, 0.5967, 0.6517, 0.7626, 0.6892, 0.7731, 0.8373, 0.652, 0.8442, 0.6562]
val:   acc: 0.9007 || macc: 0.7953 || miou: 0.7135 || iou: [0.8491, 0.9637, 0.6387, 0.7826, 0.907, 0.7978, 0.756, 0.6183, 0.6477, 0.7952, 0.2772, 0.6994, 0.6759, 0.7696, 0.4947, 0.7001, 0.9159, 0.6527, 0.8342, 0.4939]
duration: 676.2895486354828
epoch 39:
loss: 1.2464 || cls: 1.1447
train: acc: 0.906 || macc: 0.8265 || miou: 0.7396 || iou: [0.8522, 0.9591, 0.6875, 0.8481, 0.8481, 0.8046, 0.7215, 0.6462, 0.6746, 0.7832, 0.4965, 0.602, 0.6399, 0.77, 0.6885, 0.7673, 0.84, 0.66, 0.8451, 0.6579]
val:   acc: 0.9037 || macc: 0.8139 || miou: 0.7214 || iou: [0.8603, 0.9638, 0.66, 0.7857, 0.8888, 0.7997, 0.7002, 0.6194, 0.651, 0.8046, 0.3386, 0.6629, 0.5972, 0.7423, 0.6264, 0.7317, 0.9152, 0.6328, 0.8287, 0.6188]
duration: 677.5573868751526
new best!
epoch 40:
loss: 1.2451 || cls: 1.1617
train: acc: 0.9066 || macc: 0.8289 || miou: 0.7422 || iou: [0.8528, 0.9591, 0.687, 0.8403, 0.8473, 0.8001, 0.7257, 0.6556, 0.6716, 0.7906, 0.5171, 0.607, 0.6509, 0.7805, 0.6858, 0.7634, 0.8468, 0.6508, 0.846, 0.6649]
val:   acc: 0.9045 || macc: 0.8083 || miou: 0.7118 || iou: [0.86, 0.9632, 0.6379, 0.8153, 0.9069, 0.8097, 0.7593, 0.6493, 0.6444, 0.7961, 0.3356, 0.6232, 0.6752, 0.6592, 0.5885, 0.5366, 0.8984, 0.6395, 0.8451, 0.5926]
duration: 677.6585042476654
epoch 41:
loss: 1.2415 || cls: 1.1713
train: acc: 0.9083 || macc: 0.8318 || miou: 0.7451 || iou: [0.8555, 0.9587, 0.6971, 0.8429, 0.8531, 0.8085, 0.7246, 0.6558, 0.6769, 0.7965, 0.5133, 0.6071, 0.6485, 0.7774, 0.7142, 0.7657, 0.8436, 0.6566, 0.833, 0.6734]
val:   acc: 0.9012 || macc: 0.7976 || miou: 0.7161 || iou: [0.8433, 0.9616, 0.6616, 0.7906, 0.8893, 0.7893, 0.7411, 0.5946, 0.6132, 0.8104, 0.3398, 0.6288, 0.6609, 0.7655, 0.5226, 0.7074, 0.888, 0.6413, 0.8807, 0.5929]
duration: 674.564855337143
epoch 42:
loss: 1.2404 || cls: 1.1824
train: acc: 0.9089 || macc: 0.8314 || miou: 0.7454 || iou: [0.8559, 0.9597, 0.6941, 0.8498, 0.8523, 0.8105, 0.7366, 0.6535, 0.6774, 0.7876, 0.5009, 0.6066, 0.6562, 0.7874, 0.6978, 0.7548, 0.8505, 0.6637, 0.8457, 0.6679]
val:   acc: 0.8972 || macc: 0.7861 || miou: 0.6966 || iou: [0.8458, 0.9634, 0.6514, 0.8021, 0.9091, 0.7997, 0.7231, 0.573, 0.5864, 0.7988, 0.3485, 0.6251, 0.6435, 0.5999, 0.4762, 0.5778, 0.9073, 0.6155, 0.8619, 0.6231]
duration: 675.8855247497559
epoch 43:
loss: 1.2389 || cls: 1.1906
train: acc: 0.9096 || macc: 0.8336 || miou: 0.7482 || iou: [0.8562, 0.959, 0.7062, 0.8539, 0.8561, 0.8219, 0.7329, 0.6555, 0.6673, 0.8038, 0.5076, 0.6151, 0.659, 0.7713, 0.7011, 0.7683, 0.8486, 0.6613, 0.8409, 0.6782]
val:   acc: 0.9052 || macc: 0.794 || miou: 0.7114 || iou: [0.8575, 0.9624, 0.6833, 0.7911, 0.905, 0.8313, 0.6946, 0.6727, 0.6678, 0.8016, 0.3232, 0.693, 0.6096, 0.751, 0.4398, 0.6065, 0.8776, 0.6303, 0.8491, 0.5802]
duration: 673.6838238239288
epoch 44:
loss: 1.2391 || cls: 1.2
train: acc: 0.9094 || macc: 0.8349 || miou: 0.7495 || iou: [0.8567, 0.959, 0.7052, 0.847, 0.8525, 0.8207, 0.7353, 0.6589, 0.6726, 0.7936, 0.5236, 0.6198, 0.6582, 0.7783, 0.7058, 0.7736, 0.8436, 0.6615, 0.8507, 0.6743]
val:   acc: 0.9037 || macc: 0.8028 || miou: 0.7183 || iou: [0.8542, 0.9643, 0.6598, 0.7763, 0.9098, 0.8129, 0.731, 0.6241, 0.6376, 0.7677, 0.2657, 0.682, 0.6517, 0.7564, 0.5627, 0.6949, 0.9228, 0.6506, 0.8744, 0.566]
duration: 677.4286904335022
epoch 45:
loss: 1.2365 || cls: 1.2115
train: acc: 0.9105 || macc: 0.8367 || miou: 0.7514 || iou: [0.8587, 0.9597, 0.7004, 0.8505, 0.8526, 0.8036, 0.7403, 0.6682, 0.6859, 0.7869, 0.5169, 0.623, 0.6692, 0.7989, 0.7052, 0.778, 0.8469, 0.6623, 0.8443, 0.6768]
val:   acc: 0.905 || macc: 0.7967 || miou: 0.7166 || iou: [0.8609, 0.9616, 0.6443, 0.805, 0.9002, 0.8167, 0.738, 0.6729, 0.6285, 0.7815, 0.3251, 0.6365, 0.6823, 0.7341, 0.6146, 0.5894, 0.9452, 0.6157, 0.8474, 0.5329]
duration: 674.7454571723938
epoch 46:
loss: 1.2351 || cls: 1.2331
train: acc: 0.9106 || macc: 0.8378 || miou: 0.7526 || iou: [0.8576, 0.9603, 0.7027, 0.8514, 0.8567, 0.8155, 0.7429, 0.6598, 0.6734, 0.7991, 0.5404, 0.626, 0.6735, 0.7756, 0.7094, 0.7842, 0.8479, 0.6599, 0.8375, 0.6785]
val:   acc: 0.9013 || macc: 0.7829 || miou: 0.6996 || iou: [0.8462, 0.9635, 0.6198, 0.7833, 0.9059, 0.8465, 0.7252, 0.6748, 0.6454, 0.7767, 0.2866, 0.6299, 0.635, 0.7321, 0.5751, 0.4822, 0.917, 0.6209, 0.7675, 0.5586]
duration: 674.8839902877808
epoch 47:
loss: 1.2292 || cls: 1.2369
train: acc: 0.9139 || macc: 0.8445 || miou: 0.7616 || iou: [0.8622, 0.9598, 0.7182, 0.8501, 0.8592, 0.8155, 0.7409, 0.6753, 0.7077, 0.8177, 0.5472, 0.6454, 0.6772, 0.7872, 0.728, 0.7748, 0.8554, 0.6674, 0.851, 0.6923]
val:   acc: 0.9042 || macc: 0.7966 || miou: 0.707 || iou: [0.8588, 0.9631, 0.6617, 0.7687, 0.9066, 0.8492, 0.6861, 0.6584, 0.6352, 0.8054, 0.2504, 0.6434, 0.608, 0.7102, 0.5371, 0.5735, 0.909, 0.6259, 0.8559, 0.6331]
duration: 677.5878384113312
epoch 48:
loss: 1.2283 || cls: 1.2463
train: acc: 0.9143 || macc: 0.8437 || miou: 0.7612 || iou: [0.8637, 0.9601, 0.7194, 0.8562, 0.8618, 0.822, 0.7455, 0.6748, 0.6964, 0.8015, 0.5348, 0.6424, 0.6733, 0.7842, 0.7296, 0.7781, 0.8601, 0.6723, 0.8592, 0.6895]
val:   acc: 0.9026 || macc: 0.7908 || miou: 0.7096 || iou: [0.8583, 0.961, 0.6576, 0.7695, 0.9047, 0.7646, 0.6997, 0.6392, 0.6613, 0.7811, 0.3187, 0.7001, 0.6181, 0.7498, 0.4379, 0.6601, 0.9151, 0.6585, 0.8503, 0.5859]
duration: 677.6530888080597
epoch 49:
loss: 1.2293 || cls: 1.2684
train: acc: 0.9138 || macc: 0.8429 || miou: 0.7597 || iou: [0.8624, 0.9599, 0.718, 0.8455, 0.8593, 0.8106, 0.7513, 0.6694, 0.6922, 0.7988, 0.518, 0.6442, 0.6845, 0.7899, 0.7208, 0.7862, 0.8526, 0.6794, 0.8536, 0.697]
val:   acc: 0.9022 || macc: 0.797 || miou: 0.7192 || iou: [0.8509, 0.9626, 0.6429, 0.8048, 0.903, 0.814, 0.73, 0.6411, 0.6746, 0.8127, 0.355, 0.6807, 0.6363, 0.7094, 0.529, 0.6905, 0.9374, 0.6287, 0.8659, 0.5143]
duration: 675.8717460632324
epoch 50:
loss: 1.2247 || cls: 1.2744
train: acc: 0.9157 || macc: 0.8461 || miou: 0.7634 || iou: [0.8646, 0.9606, 0.7236, 0.8568, 0.8651, 0.8318, 0.7523, 0.6829, 0.6979, 0.8096, 0.5317, 0.6374, 0.6823, 0.782, 0.726, 0.7716, 0.8547, 0.6832, 0.8555, 0.6992]
val:   acc: 0.9029 || macc: 0.7929 || miou: 0.7121 || iou: [0.8513, 0.9619, 0.6523, 0.7962, 0.8943, 0.7978, 0.7256, 0.6706, 0.6618, 0.7904, 0.3512, 0.6944, 0.6682, 0.6983, 0.5079, 0.5053, 0.9328, 0.676, 0.8544, 0.5514]
duration: 678.2921738624573
epoch 51:
loss: 1.2226 || cls: 1.2798
train: acc: 0.9169 || macc: 0.8488 || miou: 0.7679 || iou: [0.8662, 0.9611, 0.7345, 0.857, 0.8615, 0.8237, 0.7508, 0.6843, 0.7042, 0.8252, 0.5324, 0.6399, 0.6898, 0.8013, 0.721, 0.7966, 0.8619, 0.6856, 0.8624, 0.6988]
val:   acc: 0.9067 || macc: 0.7942 || miou: 0.7178 || iou: [0.8547, 0.9617, 0.6881, 0.7811, 0.909, 0.7696, 0.7432, 0.6873, 0.6645, 0.8011, 0.3041, 0.661, 0.6774, 0.7499, 0.5716, 0.5982, 0.9318, 0.6101, 0.8275, 0.5633]
duration: 674.4108114242554
epoch 52:
loss: 1.2204 || cls: 1.2903
train: acc: 0.9179 || macc: 0.8501 || miou: 0.7693 || iou: [0.868, 0.9612, 0.7308, 0.8594, 0.8676, 0.8327, 0.7586, 0.6884, 0.7062, 0.8035, 0.5464, 0.6497, 0.6948, 0.792, 0.7303, 0.7905, 0.8582, 0.679, 0.859, 0.7099]
val:   acc: 0.9034 || macc: 0.7912 || miou: 0.7104 || iou: [0.8598, 0.9619, 0.6281, 0.7712, 0.8931, 0.7979, 0.7402, 0.6983, 0.6714, 0.8228, 0.3171, 0.5759, 0.6327, 0.747, 0.5487, 0.6368, 0.9259, 0.6067, 0.8612, 0.5117]
duration: 674.8799250125885
epoch 53:
loss: 1.218 || cls: 1.2964
train: acc: 0.9187 || macc: 0.8521 || miou: 0.7717 || iou: [0.8699, 0.9612, 0.7308, 0.8626, 0.8643, 0.8305, 0.7566, 0.6889, 0.7137, 0.8187, 0.5571, 0.6408, 0.6952, 0.8084, 0.7288, 0.7924, 0.8635, 0.6827, 0.8569, 0.7104]
val:   acc: 0.9025 || macc: 0.8049 || miou: 0.7236 || iou: [0.8471, 0.9632, 0.6763, 0.8065, 0.9002, 0.8077, 0.737, 0.585, 0.645, 0.8024, 0.3559, 0.669, 0.6522, 0.7323, 0.548, 0.7292, 0.9206, 0.6516, 0.8706, 0.572]
duration: 674.8085935115814
new best!
epoch 54:
loss: 1.2157 || cls: 1.3
train: acc: 0.9198 || macc: 0.8563 || miou: 0.777 || iou: [0.8709, 0.9612, 0.738, 0.8609, 0.8682, 0.8213, 0.7605, 0.6953, 0.718, 0.8267, 0.5646, 0.6669, 0.7015, 0.8088, 0.7417, 0.7985, 0.8696, 0.6908, 0.8626, 0.7146]
val:   acc: 0.9087 || macc: 0.8063 || miou: 0.7247 || iou: [0.8595, 0.9637, 0.6806, 0.7929, 0.9127, 0.8038, 0.7673, 0.6386, 0.651, 0.802, 0.3593, 0.6779, 0.654, 0.7385, 0.5491, 0.6248, 0.8978, 0.6525, 0.8443, 0.6239]
duration: 676.6771802902222
new best!
epoch 55:
loss: 1.2141 || cls: 1.3173
train: acc: 0.9206 || macc: 0.8566 || miou: 0.7775 || iou: [0.8727, 0.9614, 0.7367, 0.8639, 0.8707, 0.8358, 0.7617, 0.7007, 0.7152, 0.8133, 0.5651, 0.6596, 0.6894, 0.806, 0.7519, 0.7945, 0.8684, 0.69, 0.8655, 0.7284]
val:   acc: 0.9109 || macc: 0.8061 || miou: 0.7239 || iou: [0.8664, 0.9633, 0.7004, 0.7996, 0.9073, 0.7842, 0.747, 0.6729, 0.6609, 0.8115, 0.3135, 0.6865, 0.6932, 0.7417, 0.517, 0.6064, 0.9139, 0.6258, 0.8389, 0.6273]
duration: 678.4823777675629
epoch 56:
loss: 1.2105 || cls: 1.3293
train: acc: 0.9223 || macc: 0.8585 || miou: 0.7805 || iou: [0.8742, 0.9618, 0.7442, 0.8705, 0.8695, 0.8331, 0.7647, 0.7057, 0.7281, 0.8284, 0.5576, 0.6691, 0.6991, 0.8175, 0.7563, 0.8034, 0.8575, 0.6857, 0.8586, 0.7249]
val:   acc: 0.9 || macc: 0.799 || miou: 0.7149 || iou: [0.8454, 0.9616, 0.6536, 0.7534, 0.9163, 0.7805, 0.7085, 0.6356, 0.6334, 0.8121, 0.3501, 0.6715, 0.6649, 0.7568, 0.5532, 0.6292, 0.9227, 0.6542, 0.8726, 0.5224]
duration: 679.5408163070679
epoch 57:
loss: 1.2078 || cls: 1.3217
train: acc: 0.9237 || macc: 0.8619 || miou: 0.7852 || iou: [0.8755, 0.9621, 0.7547, 0.8664, 0.8724, 0.8419, 0.7732, 0.7046, 0.7264, 0.8418, 0.5696, 0.6689, 0.714, 0.8192, 0.753, 0.8081, 0.8657, 0.6918, 0.8656, 0.7287]
val:   acc: 0.906 || macc: 0.8006 || miou: 0.7235 || iou: [0.8549, 0.9602, 0.6727, 0.7901, 0.9146, 0.8239, 0.7256, 0.6935, 0.6354, 0.8157, 0.3779, 0.6921, 0.6684, 0.6051, 0.6118, 0.6287, 0.9123, 0.646, 0.8659, 0.5762]
duration: 684.6947205066681
epoch 58:
loss: 1.206 || cls: 1.3306
train: acc: 0.9245 || macc: 0.8623 || miou: 0.7859 || iou: [0.8771, 0.9621, 0.7489, 0.8733, 0.8759, 0.8465, 0.7783, 0.7056, 0.7293, 0.8337, 0.5541, 0.6659, 0.7182, 0.8227, 0.7506, 0.8011, 0.8709, 0.6969, 0.8709, 0.7365]
val:   acc: 0.9093 || macc: 0.8179 || miou: 0.7289 || iou: [0.8628, 0.9645, 0.6879, 0.783, 0.9024, 0.7855, 0.7357, 0.6879, 0.6385, 0.8233, 0.3059, 0.6979, 0.6703, 0.7388, 0.633, 0.5887, 0.9408, 0.6655, 0.8567, 0.6094]
duration: 681.9597342014313
new best!
epoch 59:
loss: 1.2027 || cls: 1.3437
train: acc: 0.9258 || macc: 0.8662 || miou: 0.7905 || iou: [0.88, 0.9626, 0.7622, 0.8769, 0.8743, 0.8418, 0.7717, 0.7113, 0.741, 0.8296, 0.5775, 0.6686, 0.7115, 0.8319, 0.7643, 0.827, 0.8671, 0.7006, 0.8731, 0.7365]
val:   acc: 0.9107 || macc: 0.8136 || miou: 0.7327 || iou: [0.8654, 0.9638, 0.6509, 0.8053, 0.9008, 0.809, 0.7577, 0.7027, 0.6669, 0.8059, 0.3848, 0.6935, 0.7018, 0.7387, 0.5597, 0.6079, 0.9171, 0.6619, 0.8691, 0.5909]
duration: 684.5295593738556
new best!
epoch 60:
loss: 1.2026 || cls: 1.3541
train: acc: 0.9257 || macc: 0.8656 || miou: 0.7899 || iou: [0.8804, 0.9626, 0.7606, 0.8731, 0.8721, 0.8433, 0.7792, 0.7156, 0.7374, 0.8379, 0.5805, 0.6792, 0.7173, 0.8217, 0.7581, 0.793, 0.8756, 0.7069, 0.8737, 0.7296]
val:   acc: 0.9082 || macc: 0.7974 || miou: 0.725 || iou: [0.852, 0.9639, 0.6714, 0.7915, 0.9184, 0.8146, 0.7589, 0.6632, 0.6396, 0.7989, 0.3263, 0.6827, 0.6624, 0.7685, 0.5134, 0.6544, 0.9238, 0.6453, 0.8337, 0.6168]
duration: 683.4429347515106
epoch 61:
loss: 1.2001 || cls: 1.3553
train: acc: 0.9268 || macc: 0.8687 || miou: 0.7936 || iou: [0.881, 0.9628, 0.7666, 0.8791, 0.875, 0.8426, 0.7815, 0.722, 0.7408, 0.8377, 0.5808, 0.6843, 0.7158, 0.8209, 0.7684, 0.8132, 0.8789, 0.706, 0.8751, 0.7395]
val:   acc: 0.9098 || macc: 0.8076 || miou: 0.7267 || iou: [0.8585, 0.9621, 0.6699, 0.7981, 0.9165, 0.8497, 0.7465, 0.7053, 0.6368, 0.8105, 0.356, 0.6431, 0.6995, 0.7105, 0.6289, 0.5025, 0.929, 0.642, 0.8778, 0.5914]
duration: 683.8629143238068
epoch 62:
loss: 1.1984 || cls: 1.3693
train: acc: 0.9274 || macc: 0.8694 || miou: 0.7948 || iou: [0.8816, 0.9627, 0.7625, 0.8777, 0.8803, 0.8495, 0.7841, 0.721, 0.7422, 0.8398, 0.5891, 0.683, 0.726, 0.8186, 0.7561, 0.8194, 0.8741, 0.7044, 0.8756, 0.7473]
val:   acc: 0.9112 || macc: 0.8162 || miou: 0.734 || iou: [0.8616, 0.9642, 0.6874, 0.768, 0.9151, 0.8245, 0.7775, 0.6486, 0.6625, 0.8168, 0.3648, 0.6871, 0.7226, 0.7038, 0.6343, 0.5678, 0.8958, 0.679, 0.8746, 0.6244]
duration: 684.0519359111786
new best!
epoch 63:
loss: 1.1962 || cls: 1.3773
train: acc: 0.9284 || macc: 0.8711 || miou: 0.7969 || iou: [0.8827, 0.9628, 0.7687, 0.882, 0.8803, 0.8561, 0.7889, 0.7239, 0.7461, 0.8407, 0.5865, 0.6852, 0.7266, 0.8269, 0.7609, 0.8142, 0.8738, 0.7084, 0.8724, 0.7505]
val:   acc: 0.9145 || macc: 0.8188 || miou: 0.738 || iou: [0.8662, 0.9637, 0.7104, 0.8024, 0.9151, 0.8312, 0.787, 0.7035, 0.6799, 0.7909, 0.3437, 0.6992, 0.7136, 0.7452, 0.6123, 0.592, 0.8985, 0.6386, 0.8673, 0.5998]
duration: 683.4137511253357
new best!
epoch 64:
loss: 1.1929 || cls: 1.3796
train: acc: 0.9301 || macc: 0.8757 || miou: 0.8035 || iou: [0.8851, 0.963, 0.7766, 0.8833, 0.8808, 0.8579, 0.7904, 0.7282, 0.7492, 0.8516, 0.5974, 0.6948, 0.7351, 0.8327, 0.7915, 0.824, 0.8778, 0.7159, 0.8758, 0.7583]
val:   acc: 0.9097 || macc: 0.8151 || miou: 0.732 || iou: [0.8691, 0.9608, 0.6813, 0.7772, 0.9034, 0.7572, 0.7708, 0.6572, 0.6527, 0.8071, 0.3812, 0.5537, 0.7084, 0.7818, 0.6135, 0.7142, 0.9309, 0.6647, 0.8644, 0.5907]
duration: 684.906893491745
epoch 65:
loss: 1.1901 || cls: 1.3789
train: acc: 0.9313 || macc: 0.8761 || miou: 0.804 || iou: [0.8874, 0.9636, 0.7759, 0.8874, 0.8832, 0.8571, 0.7953, 0.7349, 0.7574, 0.8569, 0.5918, 0.6965, 0.7348, 0.8435, 0.7691, 0.8236, 0.8751, 0.7089, 0.8786, 0.7596]
val:   acc: 0.9133 || macc: 0.8117 || miou: 0.7382 || iou: [0.8647, 0.965, 0.6931, 0.8049, 0.9174, 0.8226, 0.773, 0.6742, 0.6707, 0.8329, 0.3908, 0.6706, 0.7108, 0.7286, 0.6417, 0.5267, 0.9439, 0.6518, 0.8806, 0.6]
duration: 682.7043309211731
new best!
epoch 66:
loss: 1.1875 || cls: 1.3878
train: acc: 0.9325 || macc: 0.8808 || miou: 0.8103 || iou: [0.8882, 0.9637, 0.783, 0.885, 0.8869, 0.8607, 0.7974, 0.732, 0.7623, 0.8622, 0.6119, 0.7078, 0.7374, 0.8395, 0.7944, 0.836, 0.885, 0.7171, 0.8844, 0.7718]
val:   acc: 0.9123 || macc: 0.8162 || miou: 0.7348 || iou: [0.8665, 0.9623, 0.6995, 0.7833, 0.9059, 0.8355, 0.7537, 0.7149, 0.6698, 0.816, 0.4044, 0.681, 0.6882, 0.7382, 0.6089, 0.539, 0.9283, 0.6498, 0.8711, 0.58]
duration: 682.60209441185
epoch 67:
loss: 1.1856 || cls: 1.388
train: acc: 0.9336 || macc: 0.8817 || miou: 0.8113 || iou: [0.8908, 0.964, 0.7857, 0.8915, 0.8839, 0.8549, 0.8055, 0.7432, 0.7626, 0.8478, 0.6219, 0.7092, 0.7521, 0.8398, 0.7829, 0.8291, 0.8855, 0.7228, 0.882, 0.7703]
val:   acc: 0.9127 || macc: 0.8165 || miou: 0.7372 || iou: [0.8655, 0.9598, 0.6814, 0.8027, 0.9162, 0.8396, 0.7485, 0.7046, 0.6812, 0.8209, 0.3622, 0.6106, 0.7083, 0.7686, 0.6211, 0.6387, 0.9144, 0.6275, 0.8778, 0.5936]
duration: 677.6164588928223
epoch 68:
loss: 1.1839 || cls: 1.3997
train: acc: 0.9343 || macc: 0.8827 || miou: 0.8136 || iou: [0.8909, 0.9636, 0.7878, 0.8929, 0.8885, 0.8684, 0.8022, 0.7448, 0.7637, 0.8574, 0.6107, 0.7122, 0.7491, 0.8469, 0.7861, 0.8369, 0.8879, 0.7245, 0.886, 0.7724]
val:   acc: 0.911 || macc: 0.817 || miou: 0.7394 || iou: [0.8647, 0.9636, 0.676, 0.8018, 0.8924, 0.8258, 0.7606, 0.6593, 0.6683, 0.8194, 0.3709, 0.6635, 0.6869, 0.7488, 0.6145, 0.7305, 0.9272, 0.6303, 0.8721, 0.6106]
duration: 682.0630848407745
new best!
epoch 69:
loss: 1.1819 || cls: 1.3971
train: acc: 0.935 || macc: 0.8844 || miou: 0.815 || iou: [0.8926, 0.9645, 0.7962, 0.8904, 0.888, 0.8613, 0.8016, 0.7461, 0.7626, 0.8724, 0.6206, 0.7143, 0.7558, 0.8358, 0.7968, 0.8292, 0.8805, 0.7259, 0.8854, 0.7792]
val:   acc: 0.9138 || macc: 0.8194 || miou: 0.7398 || iou: [0.8704, 0.9638, 0.6796, 0.8158, 0.9198, 0.8093, 0.7585, 0.6946, 0.6783, 0.8156, 0.3453, 0.6801, 0.7056, 0.7563, 0.6305, 0.6483, 0.9223, 0.6398, 0.8753, 0.5857]
duration: 678.8311591148376
new best!
epoch 70:
loss: 1.1766 || cls: 1.3912
train: acc: 0.9374 || macc: 0.8895 || miou: 0.8221 || iou: [0.8955, 0.965, 0.806, 0.8957, 0.8896, 0.8601, 0.8093, 0.7573, 0.7797, 0.8748, 0.6441, 0.7246, 0.7593, 0.8518, 0.7983, 0.8394, 0.889, 0.7351, 0.8822, 0.7851]
val:   acc: 0.9141 || macc: 0.8168 || miou: 0.7397 || iou: [0.8653, 0.9636, 0.7037, 0.8053, 0.9108, 0.8223, 0.7857, 0.6847, 0.6858, 0.831, 0.4011, 0.6824, 0.7243, 0.7279, 0.5652, 0.5721, 0.9307, 0.6502, 0.8903, 0.5923]
duration: 682.6153247356415
epoch 71:
loss: 1.1757 || cls: 1.3988
train: acc: 0.9381 || macc: 0.8904 || miou: 0.8235 || iou: [0.8965, 0.9644, 0.8085, 0.8944, 0.8926, 0.8752, 0.8159, 0.7598, 0.7793, 0.8665, 0.6401, 0.7231, 0.7637, 0.85, 0.8063, 0.8408, 0.8864, 0.7303, 0.8833, 0.7922]
val:   acc: 0.9149 || macc: 0.8222 || miou: 0.7469 || iou: [0.8674, 0.9625, 0.7111, 0.8137, 0.9136, 0.8225, 0.7625, 0.6716, 0.6692, 0.8285, 0.3821, 0.6782, 0.6898, 0.7806, 0.6489, 0.648, 0.9216, 0.6597, 0.877, 0.6299]
duration: 679.8354451656342
new best!
epoch 72:
loss: 1.1708 || cls: 1.4022
train: acc: 0.9401 || macc: 0.8939 || miou: 0.8288 || iou: [0.8998, 0.9656, 0.8058, 0.898, 0.8967, 0.8765, 0.8175, 0.7653, 0.795, 0.8846, 0.6587, 0.7193, 0.7596, 0.872, 0.7979, 0.8588, 0.8905, 0.7324, 0.8868, 0.7955]
val:   acc: 0.9143 || macc: 0.8164 || miou: 0.7401 || iou: [0.8687, 0.9604, 0.708, 0.8115, 0.9102, 0.8448, 0.7398, 0.7073, 0.7127, 0.8243, 0.3834, 0.6877, 0.6688, 0.7394, 0.5744, 0.5821, 0.9291, 0.6682, 0.8756, 0.6048]
duration: 679.9863331317902
epoch 73:
loss: 1.1707 || cls: 1.4164
train: acc: 0.94 || macc: 0.8939 || miou: 0.8286 || iou: [0.8993, 0.9658, 0.8157, 0.8966, 0.8945, 0.877, 0.8232, 0.7637, 0.784, 0.8764, 0.6366, 0.7333, 0.7705, 0.8533, 0.8132, 0.8608, 0.8936, 0.7358, 0.8855, 0.7933]
val:   acc: 0.9114 || macc: 0.8124 || miou: 0.73 || iou: [0.8682, 0.9634, 0.6682, 0.7917, 0.898, 0.8018, 0.7623, 0.6885, 0.6995, 0.8145, 0.3924, 0.6734, 0.6904, 0.7552, 0.5198, 0.5789, 0.8993, 0.6646, 0.875, 0.5939]
duration: 682.8839955329895
epoch 74:
loss: 1.1671 || cls: 1.4028
train: acc: 0.9417 || macc: 0.8972 || miou: 0.8332 || iou: [0.9025, 0.9657, 0.8167, 0.9023, 0.8982, 0.8786, 0.8269, 0.7698, 0.7934, 0.8706, 0.6521, 0.7378, 0.7765, 0.8664, 0.8201, 0.8534, 0.8971, 0.7424, 0.8904, 0.8036]
val:   acc: 0.9176 || macc: 0.823 || miou: 0.7473 || iou: [0.8786, 0.9642, 0.7041, 0.8052, 0.9155, 0.8196, 0.7556, 0.6939, 0.6816, 0.8259, 0.3246, 0.6787, 0.713, 0.7703, 0.6447, 0.6392, 0.9427, 0.6739, 0.882, 0.633]
duration: 681.4504311084747
new best!
epoch 75:
loss: 1.1656 || cls: 1.4014
train: acc: 0.9426 || macc: 0.8984 || miou: 0.835 || iou: [0.9024, 0.9663, 0.8223, 0.9034, 0.8987, 0.8789, 0.8313, 0.7748, 0.7953, 0.8861, 0.6502, 0.7378, 0.7852, 0.8617, 0.8079, 0.8567, 0.8939, 0.7458, 0.8918, 0.8088]
val:   acc: 0.9123 || macc: 0.8173 || miou: 0.7401 || iou: [0.8682, 0.9609, 0.6992, 0.8195, 0.9123, 0.8268, 0.7274, 0.6837, 0.6656, 0.8286, 0.3715, 0.701, 0.6289, 0.7387, 0.639, 0.6433, 0.9366, 0.6536, 0.8811, 0.6167]
duration: 684.8537080287933
epoch 76:
loss: 1.1623 || cls: 1.4
train: acc: 0.944 || macc: 0.902 || miou: 0.8398 || iou: [0.9047, 0.9662, 0.827, 0.9096, 0.9021, 0.885, 0.8318, 0.7799, 0.8001, 0.8877, 0.6731, 0.7509, 0.7875, 0.872, 0.8153, 0.8588, 0.8918, 0.7498, 0.8913, 0.8114]
val:   acc: 0.9118 || macc: 0.8139 || miou: 0.739 || iou: [0.8624, 0.9635, 0.6748, 0.7864, 0.9139, 0.8234, 0.7527, 0.6976, 0.6643, 0.8058, 0.385, 0.6834, 0.6748, 0.7574, 0.6172, 0.642, 0.9325, 0.6573, 0.8804, 0.6042]
duration: 684.8551621437073
epoch 77:
loss: 1.16 || cls: 1.4038
train: acc: 0.945 || macc: 0.9031 || miou: 0.8417 || iou: [0.9066, 0.9666, 0.8306, 0.9049, 0.9054, 0.8844, 0.8347, 0.781, 0.807, 0.8862, 0.6693, 0.7501, 0.7901, 0.8748, 0.8219, 0.8575, 0.8988, 0.7508, 0.8995, 0.8129]
val:   acc: 0.9181 || macc: 0.8255 || miou: 0.7536 || iou: [0.8726, 0.9641, 0.715, 0.806, 0.9171, 0.827, 0.7581, 0.7109, 0.6935, 0.8298, 0.3749, 0.6696, 0.7179, 0.777, 0.6438, 0.6813, 0.9436, 0.6551, 0.8798, 0.6344]
duration: 681.0257887840271
new best!
epoch 78:
loss: 1.1583 || cls: 1.3977
train: acc: 0.9456 || macc: 0.9056 || miou: 0.8451 || iou: [0.9073, 0.9659, 0.8339, 0.9101, 0.903, 0.8859, 0.837, 0.7849, 0.8113, 0.8914, 0.6813, 0.7535, 0.7963, 0.8784, 0.8269, 0.8672, 0.8985, 0.7512, 0.8979, 0.8201]
val:   acc: 0.9138 || macc: 0.815 || miou: 0.7412 || iou: [0.8652, 0.9605, 0.7002, 0.8094, 0.9149, 0.8163, 0.7647, 0.6967, 0.6704, 0.8039, 0.3454, 0.5706, 0.7291, 0.7626, 0.637, 0.6613, 0.9344, 0.6691, 0.8902, 0.623]
duration: 683.1282131671906
epoch 79:
loss: 1.1552 || cls: 1.4052
train: acc: 0.9473 || macc: 0.9082 || miou: 0.8485 || iou: [0.9105, 0.9675, 0.8452, 0.9102, 0.9038, 0.8901, 0.8446, 0.7914, 0.81, 0.8878, 0.6814, 0.7687, 0.8006, 0.881, 0.8317, 0.8765, 0.8987, 0.7565, 0.8951, 0.8189]
val:   acc: 0.9188 || macc: 0.8291 || miou: 0.7552 || iou: [0.8746, 0.9639, 0.7167, 0.8083, 0.9145, 0.8205, 0.7647, 0.6943, 0.7189, 0.8334, 0.3636, 0.688, 0.7102, 0.7867, 0.6253, 0.6782, 0.9453, 0.6708, 0.8867, 0.6399]
duration: 681.1689655780792
new best!
epoch 80:
loss: 1.1538 || cls: 1.4004
train: acc: 0.9479 || macc: 0.9094 || miou: 0.8509 || iou: [0.9109, 0.9673, 0.8456, 0.9131, 0.9048, 0.889, 0.8439, 0.7942, 0.819, 0.8936, 0.6956, 0.7678, 0.7934, 0.8822, 0.8348, 0.8767, 0.9082, 0.7496, 0.9013, 0.8276]
val:   acc: 0.9166 || macc: 0.8211 || miou: 0.7503 || iou: [0.864, 0.9649, 0.6973, 0.8179, 0.9165, 0.8393, 0.7792, 0.7058, 0.677, 0.8205, 0.334, 0.6898, 0.7411, 0.7503, 0.672, 0.5785, 0.9553, 0.6846, 0.8873, 0.6315]
duration: 684.5965287685394
epoch 81:
loss: 1.1508 || cls: 1.3942
train: acc: 0.9494 || macc: 0.912 || miou: 0.8545 || iou: [0.9134, 0.9671, 0.8479, 0.913, 0.9098, 0.8945, 0.8494, 0.7994, 0.8219, 0.8983, 0.6939, 0.769, 0.8135, 0.886, 0.8452, 0.8772, 0.9037, 0.7538, 0.9025, 0.83]
val:   acc: 0.9165 || macc: 0.8243 || miou: 0.7514 || iou: [0.8673, 0.9639, 0.691, 0.8025, 0.9234, 0.8153, 0.7553, 0.7224, 0.6948, 0.8215, 0.3511, 0.6891, 0.7032, 0.777, 0.6425, 0.687, 0.9466, 0.6699, 0.886, 0.6182]
duration: 681.783269405365
epoch 82:
loss: 1.1493 || cls: 1.3919
train: acc: 0.95 || macc: 0.9137 || miou: 0.8566 || iou: [0.9148, 0.9677, 0.844, 0.913, 0.9096, 0.895, 0.8554, 0.8013, 0.829, 0.8998, 0.6998, 0.7722, 0.81, 0.8869, 0.8491, 0.8767, 0.904, 0.7685, 0.9022, 0.8325]
val:   acc: 0.9191 || macc: 0.8263 || miou: 0.7578 || iou: [0.8683, 0.9636, 0.7098, 0.8233, 0.9185, 0.8264, 0.7836, 0.7124, 0.7179, 0.8239, 0.3419, 0.7164, 0.7249, 0.7534, 0.6883, 0.6452, 0.9459, 0.6694, 0.8834, 0.6405]
duration: 682.1234939098358
new best!
epoch 83:
loss: 1.1472 || cls: 1.3851
train: acc: 0.951 || macc: 0.9157 || miou: 0.8593 || iou: [0.9157, 0.968, 0.8565, 0.9177, 0.9103, 0.8937, 0.8554, 0.8058, 0.8286, 0.9015, 0.6977, 0.7901, 0.8165, 0.8894, 0.8505, 0.8784, 0.903, 0.7617, 0.9031, 0.8419]
val:   acc: 0.9191 || macc: 0.8311 || miou: 0.7604 || iou: [0.8727, 0.9632, 0.7125, 0.8243, 0.912, 0.8349, 0.7646, 0.7149, 0.7328, 0.8361, 0.373, 0.6754, 0.7091, 0.7756, 0.687, 0.7057, 0.9504, 0.6604, 0.888, 0.6155]
duration: 682.217785358429
new best!
epoch 84:
loss: 1.1449 || cls: 1.3844
train: acc: 0.9521 || macc: 0.918 || miou: 0.8629 || iou: [0.9174, 0.9682, 0.8551, 0.9163, 0.91, 0.901, 0.8602, 0.8118, 0.8344, 0.9007, 0.7112, 0.7839, 0.8232, 0.8956, 0.8544, 0.8847, 0.9088, 0.7675, 0.9106, 0.8439]
val:   acc: 0.9193 || macc: 0.8301 || miou: 0.7575 || iou: [0.8711, 0.963, 0.7175, 0.8173, 0.9184, 0.838, 0.7701, 0.7219, 0.7119, 0.8436, 0.3554, 0.7133, 0.7008, 0.7558, 0.6831, 0.639, 0.9488, 0.6614, 0.8862, 0.6328]
duration: 680.5210416316986
epoch 85:
loss: 1.1436 || cls: 1.3743
train: acc: 0.9528 || macc: 0.9188 || miou: 0.8646 || iou: [0.9182, 0.9682, 0.859, 0.9202, 0.9129, 0.9042, 0.8644, 0.8132, 0.8357, 0.9048, 0.7112, 0.7847, 0.8217, 0.8971, 0.8538, 0.8892, 0.9113, 0.77, 0.9046, 0.8478]
val:   acc: 0.9181 || macc: 0.826 || miou: 0.7546 || iou: [0.8697, 0.9644, 0.6988, 0.8258, 0.9167, 0.8567, 0.7708, 0.7147, 0.7105, 0.835, 0.3751, 0.7091, 0.7193, 0.7591, 0.6461, 0.6244, 0.9471, 0.6572, 0.8841, 0.6073]
duration: 680.945657491684
epoch 86:
loss: 1.1406 || cls: 1.3781
train: acc: 0.9541 || macc: 0.9209 || miou: 0.8678 || iou: [0.9203, 0.9686, 0.8656, 0.9184, 0.9162, 0.9076, 0.8655, 0.8173, 0.8368, 0.908, 0.7183, 0.7924, 0.8328, 0.8931, 0.8601, 0.8986, 0.9105, 0.7647, 0.9098, 0.8514]
val:   acc: 0.9168 || macc: 0.8237 || miou: 0.7564 || iou: [0.8614, 0.9636, 0.7215, 0.8183, 0.9197, 0.8334, 0.7704, 0.7028, 0.6512, 0.8452, 0.3245, 0.7076, 0.7254, 0.7779, 0.6871, 0.681, 0.9423, 0.6737, 0.8905, 0.6304]
duration: 679.9736435413361
epoch 87:
loss: 1.1398 || cls: 1.3751
train: acc: 0.9545 || macc: 0.9217 || miou: 0.8687 || iou: [0.9209, 0.969, 0.8635, 0.9222, 0.916, 0.9025, 0.8682, 0.819, 0.8419, 0.9076, 0.7247, 0.7921, 0.8339, 0.9029, 0.8521, 0.8896, 0.9109, 0.7783, 0.9068, 0.8531]
val:   acc: 0.9198 || macc: 0.8305 || miou: 0.7619 || iou: [0.8707, 0.9635, 0.7106, 0.8222, 0.9172, 0.8663, 0.7774, 0.7175, 0.7081, 0.8444, 0.325, 0.7237, 0.7213, 0.7765, 0.7024, 0.6779, 0.9448, 0.6621, 0.8853, 0.6215]
duration: 676.4272456169128
new best!
epoch 88:
loss: 1.1389 || cls: 1.3704
train: acc: 0.9548 || macc: 0.9225 || miou: 0.8698 || iou: [0.9219, 0.9686, 0.8647, 0.922, 0.9182, 0.9089, 0.8673, 0.8201, 0.8418, 0.9091, 0.7269, 0.7932, 0.835, 0.8971, 0.8533, 0.8899, 0.9156, 0.7782, 0.913, 0.8515]
val:   acc: 0.9194 || macc: 0.8284 || miou: 0.7599 || iou: [0.8681, 0.9644, 0.7082, 0.816, 0.9208, 0.8501, 0.7829, 0.7237, 0.709, 0.8482, 0.3421, 0.7173, 0.7199, 0.7583, 0.7137, 0.6274, 0.948, 0.6752, 0.889, 0.6157]
duration: 675.963711977005
epoch 89:
loss: 1.1375 || cls: 1.3678
train: acc: 0.9556 || macc: 0.9241 || miou: 0.872 || iou: [0.9225, 0.969, 0.8669, 0.9226, 0.9186, 0.9102, 0.8723, 0.8244, 0.8503, 0.9093, 0.7309, 0.798, 0.8397, 0.8983, 0.8648, 0.8884, 0.9137, 0.7736, 0.9082, 0.8594]
val:   acc: 0.9191 || macc: 0.8288 || miou: 0.759 || iou: [0.8699, 0.963, 0.7143, 0.8152, 0.9225, 0.8493, 0.7688, 0.7112, 0.7173, 0.8399, 0.3446, 0.6972, 0.7215, 0.7596, 0.7002, 0.6543, 0.9507, 0.6783, 0.8902, 0.6122]
duration: 677.6828932762146
epoch 90:
loss: 1.1366 || cls: 1.3688
train: acc: 0.956 || macc: 0.9249 || miou: 0.8735 || iou: [0.9238, 0.9691, 0.8753, 0.9207, 0.9156, 0.9085, 0.8759, 0.8232, 0.8487, 0.9109, 0.7302, 0.7999, 0.8396, 0.9013, 0.8671, 0.8956, 0.9124, 0.7837, 0.9126, 0.8559]
val:   acc: 0.9194 || macc: 0.8286 || miou: 0.7605 || iou: [0.8681, 0.9634, 0.7127, 0.8238, 0.9186, 0.8582, 0.7719, 0.7256, 0.7158, 0.8384, 0.3466, 0.6978, 0.7285, 0.7683, 0.688, 0.6673, 0.9439, 0.6691, 0.8887, 0.6152]
duration: 679.6736783981323
epoch 91:
loss: 1.1351 || cls: 1.3598
train: acc: 0.9568 || macc: 0.9267 || miou: 0.8759 || iou: [0.9242, 0.9693, 0.8732, 0.9246, 0.92, 0.9151, 0.8744, 0.8268, 0.8507, 0.9157, 0.7338, 0.8021, 0.8423, 0.9041, 0.8684, 0.8957, 0.9136, 0.7851, 0.9138, 0.8646]
val:   acc: 0.92 || macc: 0.829 || miou: 0.7607 || iou: [0.8694, 0.9638, 0.7233, 0.8223, 0.9226, 0.8613, 0.7781, 0.7097, 0.7114, 0.8387, 0.3519, 0.7134, 0.7348, 0.7608, 0.6669, 0.6473, 0.9405, 0.6824, 0.8919, 0.6223]
duration: 674.9800915718079
epoch 92:
loss: 1.1344 || cls: 1.3635
train: acc: 0.9571 || macc: 0.9268 || miou: 0.8766 || iou: [0.9252, 0.9696, 0.8743, 0.9236, 0.9202, 0.913, 0.8773, 0.8303, 0.8497, 0.9136, 0.7291, 0.8046, 0.8469, 0.9067, 0.8686, 0.9038, 0.9195, 0.7808, 0.9137, 0.8612]
val:   acc: 0.9212 || macc: 0.8328 || miou: 0.7646 || iou: [0.8708, 0.9637, 0.729, 0.821, 0.9197, 0.8469, 0.7864, 0.7155, 0.7217, 0.8528, 0.3617, 0.7145, 0.7536, 0.764, 0.6873, 0.6446, 0.9472, 0.6751, 0.8912, 0.6247]
duration: 677.0742585659027
new best!
epoch 93:
loss: 1.1338 || cls: 1.3632
train: acc: 0.9573 || macc: 0.9273 || miou: 0.8772 || iou: [0.9255, 0.9695, 0.8722, 0.9243, 0.9209, 0.9176, 0.8765, 0.8314, 0.8527, 0.911, 0.734, 0.8085, 0.8411, 0.9085, 0.8666, 0.901, 0.9183, 0.7844, 0.9154, 0.8639]
val:   acc: 0.9206 || macc: 0.8306 || miou: 0.7621 || iou: [0.8709, 0.9629, 0.7187, 0.821, 0.9172, 0.8506, 0.7803, 0.7235, 0.7299, 0.849, 0.3561, 0.7182, 0.7363, 0.7635, 0.6567, 0.6594, 0.943, 0.6713, 0.8917, 0.6208]
duration: 676.3851613998413
epoch 94:
loss: 1.1334 || cls: 1.3613
train: acc: 0.9575 || macc: 0.9281 || miou: 0.8781 || iou: [0.9253, 0.9694, 0.8736, 0.9257, 0.921, 0.9156, 0.8799, 0.8325, 0.8549, 0.9118, 0.7401, 0.8051, 0.8464, 0.9104, 0.8643, 0.9104, 0.9177, 0.7811, 0.9144, 0.8632]
val:   acc: 0.921 || macc: 0.8338 || miou: 0.7655 || iou: [0.8704, 0.9638, 0.7269, 0.8235, 0.9216, 0.8497, 0.7806, 0.7166, 0.7256, 0.8541, 0.3687, 0.7171, 0.7477, 0.7584, 0.6886, 0.6643, 0.9423, 0.6801, 0.8939, 0.6155]
duration: 680.3472361564636
new best!
epoch 95:
loss: 1.1321 || cls: 1.3627
train: acc: 0.9582 || macc: 0.9293 || miou: 0.88 || iou: [0.9264, 0.9697, 0.8785, 0.9276, 0.9221, 0.9177, 0.8816, 0.8328, 0.8569, 0.9207, 0.746, 0.8086, 0.8477, 0.9071, 0.8666, 0.9014, 0.9163, 0.7915, 0.9156, 0.865]
val:   acc: 0.9202 || macc: 0.8318 || miou: 0.7628 || iou: [0.8701, 0.9638, 0.7254, 0.8208, 0.9168, 0.8358, 0.7784, 0.7169, 0.7277, 0.8412, 0.3633, 0.7142, 0.7389, 0.763, 0.6915, 0.6465, 0.9457, 0.6881, 0.8906, 0.6172]
duration: 679.7318713665009
epoch 96:
loss: 1.1322 || cls: 1.3599
train: acc: 0.9581 || macc: 0.9291 || miou: 0.8796 || iou: [0.9267, 0.9698, 0.8778, 0.9274, 0.9205, 0.9165, 0.8798, 0.8324, 0.8549, 0.914, 0.7513, 0.8062, 0.8473, 0.9088, 0.8684, 0.9056, 0.9215, 0.786, 0.9147, 0.8618]
val:   acc: 0.9209 || macc: 0.834 || miou: 0.7646 || iou: [0.8712, 0.9638, 0.7181, 0.8236, 0.9192, 0.8378, 0.7902, 0.7233, 0.7211, 0.8444, 0.3709, 0.7133, 0.743, 0.7645, 0.698, 0.6605, 0.9433, 0.6787, 0.8911, 0.6158]
duration: 678.5086395740509
epoch 97:
loss: 1.1316 || cls: 1.3565
train: acc: 0.9584 || macc: 0.9295 || miou: 0.8808 || iou: [0.9276, 0.9696, 0.8774, 0.9264, 0.922, 0.917, 0.8782, 0.8337, 0.8587, 0.9156, 0.7451, 0.8077, 0.8505, 0.9167, 0.8804, 0.9084, 0.9153, 0.7816, 0.9163, 0.8673]
val:   acc: 0.9212 || macc: 0.8328 || miou: 0.7646 || iou: [0.8702, 0.9636, 0.7201, 0.822, 0.9237, 0.8526, 0.7877, 0.724, 0.7156, 0.8438, 0.3624, 0.7112, 0.7548, 0.767, 0.6954, 0.6501, 0.9406, 0.6758, 0.8905, 0.6214]
duration: 679.2326202392578
epoch 98:
loss: 1.1319 || cls: 1.3578
train: acc: 0.9581 || macc: 0.9293 || miou: 0.8802 || iou: [0.926, 0.9698, 0.8776, 0.9269, 0.9227, 0.917, 0.8801, 0.8335, 0.8558, 0.9176, 0.735, 0.8111, 0.8498, 0.9113, 0.8729, 0.9084, 0.9153, 0.7865, 0.9204, 0.867]
val:   acc: 0.9209 || macc: 0.832 || miou: 0.7636 || iou: [0.8707, 0.9635, 0.7255, 0.821, 0.9185, 0.8406, 0.7877, 0.7219, 0.7196, 0.8386, 0.3588, 0.7148, 0.751, 0.7707, 0.6681, 0.6628, 0.9475, 0.6761, 0.8904, 0.6237]
duration: 676.0903248786926
epoch 99:
loss: 1.1307 || cls: 1.356
train: acc: 0.9589 || macc: 0.9297 || miou: 0.881 || iou: [0.9275, 0.9701, 0.8804, 0.9265, 0.9234, 0.917, 0.8833, 0.8393, 0.8631, 0.9174, 0.7386, 0.8078, 0.8488, 0.912, 0.8784, 0.8962, 0.9166, 0.7883, 0.9155, 0.8688]
val:   acc: 0.9208 || macc: 0.8318 || miou: 0.7632 || iou: [0.871, 0.9634, 0.7243, 0.8224, 0.9211, 0.8398, 0.7874, 0.7194, 0.7169, 0.8446, 0.3622, 0.7111, 0.743, 0.7595, 0.6911, 0.6486, 0.943, 0.6772, 0.896, 0.6229]
duration: 677.3671057224274


test:
test: