ninja: no work to do.
glipe_sim
config
train.py
epoch 0:
loss: 2.1307 || cls: 0.9322
train: acc: 0.6164 || macc: 0.1788 || miou: 0.1276 || iou: [0.5378, 0.8112, 0.0677, 0.1834, 0.3249, 0.1023, 0.2509, 0.0048, 0.0292, 0.0837, 0.0008, 0.0477, 0.0349, 0.0002, 0.0, 0.0001, 0.0267, 0.0051, 0.0148, 0.0255]
val:   acc: 0.6968 || macc: 0.2587 || miou: 0.1911 || iou: [0.6345, 0.9103, 0.19, 0.1883, 0.5306, 0.0424, 0.3833, 0.0581, 0.1043, 0.2599, 0.0, 0.0554, 0.1282, 0.0, 0.0, 0.0, 0.21, 0.0574, 0.0379, 0.0316]
duration: 789.5570573806763
new best!
epoch 1:
loss: 1.7278 || cls: 0.1605
train: acc: 0.7081 || macc: 0.3591 || miou: 0.2817 || iou: [0.6281, 0.9074, 0.2422, 0.4414, 0.5334, 0.3964, 0.4031, 0.0558, 0.1978, 0.2576, 0.0, 0.1962, 0.1832, 0.1371, 0.0218, 0.1583, 0.2644, 0.1575, 0.3223, 0.1293]
val:   acc: 0.7224 || macc: 0.5718 || miou: 0.4304 || iou: [0.5715, 0.9497, 0.3874, 0.5882, 0.7153, 0.3365, 0.5478, 0.2126, 0.3264, 0.4236, 0.0, 0.4924, 0.4112, 0.2397, 0.195, 0.2908, 0.6589, 0.3445, 0.6577, 0.2596]
duration: 863.6315846443176
new best!
epoch 2:
loss: 1.5998 || cls: 0.1359
train: acc: 0.7601 || macc: 0.4988 || miou: 0.4038 || iou: [0.6811, 0.9219, 0.3403, 0.5553, 0.6245, 0.5316, 0.4687, 0.1743, 0.3162, 0.394, 0.0038, 0.2837, 0.2806, 0.3911, 0.203, 0.3697, 0.4931, 0.3312, 0.5091, 0.2022]
val:   acc: 0.823 || macc: 0.6644 || miou: 0.5411 || iou: [0.7473, 0.955, 0.4642, 0.6225, 0.7887, 0.6476, 0.6222, 0.3817, 0.4308, 0.6929, 0.0184, 0.5262, 0.4348, 0.4473, 0.3053, 0.4408, 0.7611, 0.5045, 0.7784, 0.2533]
duration: 864.8875706195831
new best!
epoch 3:
loss: 1.52 || cls: 0.0982
train: acc: 0.7905 || macc: 0.58 || miou: 0.4776 || iou: [0.7134, 0.9324, 0.3982, 0.6095, 0.6745, 0.5777, 0.5037, 0.2876, 0.384, 0.4706, 0.1035, 0.34, 0.3472, 0.5044, 0.2972, 0.4935, 0.6139, 0.4123, 0.6159, 0.273]
val:   acc: 0.8339 || macc: 0.7002 || miou: 0.5647 || iou: [0.772, 0.9565, 0.4473, 0.683, 0.7983, 0.6237, 0.5989, 0.3709, 0.4611, 0.633, 0.1689, 0.5015, 0.4709, 0.518, 0.3208, 0.4982, 0.8602, 0.5252, 0.7938, 0.2916]
duration: 866.5132007598877
new best!
epoch 4:
loss: 1.4713 || cls: 0.0738
train: acc: 0.8097 || macc: 0.6247 || miou: 0.5198 || iou: [0.7352, 0.9389, 0.4218, 0.6514, 0.7036, 0.6139, 0.5282, 0.3507, 0.4305, 0.5388, 0.1777, 0.3597, 0.4043, 0.5586, 0.3533, 0.5495, 0.66, 0.4458, 0.6549, 0.3184]
val:   acc: 0.8421 || macc: 0.7093 || miou: 0.5895 || iou: [0.7777, 0.9518, 0.523, 0.6622, 0.8082, 0.6575, 0.6419, 0.4354, 0.457, 0.6666, 0.1942, 0.5264, 0.5087, 0.5474, 0.3955, 0.5881, 0.8201, 0.5398, 0.8056, 0.2828]
duration: 863.0369822978973
new best!
epoch 5:
loss: 1.4442 || cls: 0.0711
train: acc: 0.8211 || macc: 0.6548 || miou: 0.5488 || iou: [0.7469, 0.9406, 0.456, 0.6838, 0.7219, 0.6329, 0.5497, 0.3874, 0.4711, 0.546, 0.2419, 0.3995, 0.4169, 0.5856, 0.4075, 0.5816, 0.688, 0.4861, 0.6736, 0.3598]
val:   acc: 0.8504 || macc: 0.7056 || miou: 0.5979 || iou: [0.7932, 0.9589, 0.5368, 0.5833, 0.8273, 0.6831, 0.6452, 0.4668, 0.4731, 0.6963, 0.2521, 0.4805, 0.5113, 0.633, 0.4101, 0.5354, 0.8512, 0.5644, 0.7971, 0.2583]
duration: 869.4122779369354
new best!
epoch 6:
loss: 1.4302 || cls: 0.0723
train: acc: 0.8271 || macc: 0.6669 || miou: 0.5614 || iou: [0.7546, 0.9433, 0.4663, 0.6854, 0.7302, 0.6465, 0.5603, 0.3974, 0.4713, 0.586, 0.2615, 0.4145, 0.4395, 0.5896, 0.4152, 0.5906, 0.6999, 0.502, 0.6903, 0.3825]
val:   acc: 0.8443 || macc: 0.7375 || miou: 0.6028 || iou: [0.7908, 0.9582, 0.5267, 0.7231, 0.8499, 0.7203, 0.5295, 0.5038, 0.5014, 0.5658, 0.2527, 0.5466, 0.3661, 0.6772, 0.3652, 0.5975, 0.88, 0.5387, 0.8163, 0.3456]
duration: 878.9442794322968
new best!
epoch 7:
loss: 1.4361 || cls: 0.1513
train: acc: 0.829 || macc: 0.6701 || miou: 0.5654 || iou: [0.7559, 0.943, 0.4697, 0.6963, 0.735, 0.6455, 0.5736, 0.4147, 0.4634, 0.5766, 0.2847, 0.415, 0.4352, 0.5757, 0.4283, 0.5837, 0.7138, 0.5122, 0.7069, 0.3792]
val:   acc: 0.8542 || macc: 0.7281 || miou: 0.5998 || iou: [0.7944, 0.9581, 0.5279, 0.7509, 0.813, 0.6732, 0.6748, 0.4997, 0.5316, 0.736, 0.2723, 0.5842, 0.556, 0.3927, 0.4034, 0.4952, 0.7029, 0.5491, 0.7499, 0.3298]
duration: 884.5426452159882
epoch 8:
loss: 1.4134 || cls: 0.0843
train: acc: 0.8356 || macc: 0.6826 || miou: 0.5785 || iou: [0.7643, 0.9443, 0.4808, 0.7159, 0.7445, 0.6639, 0.5829, 0.4276, 0.486, 0.5968, 0.2857, 0.4264, 0.4515, 0.5982, 0.4469, 0.5951, 0.7237, 0.5255, 0.7099, 0.4008]
val:   acc: 0.8556 || macc: 0.7579 || miou: 0.63 || iou: [0.7843, 0.9603, 0.5133, 0.7644, 0.8577, 0.7693, 0.6469, 0.5146, 0.4895, 0.7393, 0.2996, 0.4976, 0.5053, 0.5814, 0.3945, 0.5567, 0.8952, 0.5824, 0.8261, 0.4213]
duration: 881.1497046947479
new best!
epoch 9:
loss: 1.4291 || cls: 0.1727
train: acc: 0.8321 || macc: 0.6749 || miou: 0.5716 || iou: [0.7586, 0.9422, 0.4754, 0.6959, 0.7448, 0.6553, 0.5645, 0.4265, 0.4734, 0.5874, 0.2724, 0.4154, 0.4405, 0.5969, 0.4492, 0.5923, 0.7179, 0.5146, 0.711, 0.3977]
val:   acc: 0.8676 || macc: 0.7212 || miou: 0.6278 || iou: [0.8093, 0.9603, 0.5444, 0.7398, 0.8224, 0.788, 0.6491, 0.5371, 0.5283, 0.728, 0.1552, 0.4113, 0.5401, 0.6854, 0.4858, 0.5595, 0.87, 0.574, 0.8156, 0.3534]
duration: 871.2695999145508
epoch 10:
loss: 1.3975 || cls: 0.0726
train: acc: 0.8416 || macc: 0.6972 || miou: 0.593 || iou: [0.7719, 0.946, 0.5055, 0.7245, 0.753, 0.655, 0.5848, 0.4562, 0.499, 0.599, 0.3186, 0.4466, 0.4747, 0.6223, 0.4664, 0.6227, 0.7292, 0.5356, 0.7301, 0.4187]
val:   acc: 0.8464 || macc: 0.6866 || miou: 0.5959 || iou: [0.7753, 0.9579, 0.5336, 0.7402, 0.8177, 0.7332, 0.5702, 0.469, 0.4383, 0.7565, 0.2477, 0.5923, 0.2947, 0.5537, 0.4146, 0.4927, 0.8444, 0.5694, 0.7536, 0.362]
duration: 865.52889585495
epoch 11:
loss: 1.3942 || cls: 0.1
train: acc: 0.8444 || macc: 0.7038 || miou: 0.6003 || iou: [0.775, 0.9462, 0.5092, 0.7306, 0.7532, 0.6746, 0.587, 0.4607, 0.5, 0.6122, 0.3288, 0.4555, 0.4839, 0.626, 0.4975, 0.6234, 0.737, 0.5438, 0.7372, 0.4252]
val:   acc: 0.8687 || macc: 0.7596 || miou: 0.6522 || iou: [0.801, 0.9585, 0.5382, 0.7992, 0.8793, 0.7952, 0.6872, 0.5327, 0.5146, 0.7485, 0.3189, 0.5975, 0.5713, 0.6693, 0.4012, 0.5712, 0.8903, 0.6129, 0.7483, 0.409]
duration: 870.5094556808472
new best!
epoch 12:
loss: 1.3929 || cls: 0.1337
train: acc: 0.8461 || macc: 0.7052 || miou: 0.602 || iou: [0.7759, 0.9471, 0.5082, 0.7319, 0.7592, 0.6744, 0.5936, 0.4686, 0.5094, 0.6211, 0.3188, 0.4648, 0.4726, 0.6208, 0.4864, 0.6222, 0.7404, 0.5463, 0.7407, 0.4367]
val:   acc: 0.8773 || macc: 0.7461 || miou: 0.6529 || iou: [0.8131, 0.9621, 0.5684, 0.7789, 0.8661, 0.8021, 0.6963, 0.5627, 0.5184, 0.7849, 0.2218, 0.585, 0.5992, 0.6618, 0.4534, 0.5713, 0.8061, 0.5743, 0.8256, 0.407]
duration: 864.99254155159
new best!
epoch 13:
loss: 1.3772 || cls: 0.081
train: acc: 0.8502 || macc: 0.7169 || miou: 0.6139 || iou: [0.7823, 0.9472, 0.5173, 0.7395, 0.7663, 0.6847, 0.5985, 0.4873, 0.5243, 0.6219, 0.3503, 0.4659, 0.4928, 0.6368, 0.5071, 0.6403, 0.7551, 0.5564, 0.7554, 0.4491]
val:   acc: 0.8601 || macc: 0.7368 || miou: 0.6354 || iou: [0.8034, 0.9496, 0.4766, 0.7317, 0.8562, 0.7781, 0.6587, 0.5579, 0.4815, 0.7531, 0.2805, 0.5881, 0.596, 0.6763, 0.4411, 0.6169, 0.8013, 0.5773, 0.8059, 0.2777]
duration: 860.3370497226715
epoch 14:
loss: 1.3678 || cls: 0.0615
train: acc: 0.8537 || macc: 0.722 || miou: 0.6197 || iou: [0.7851, 0.9486, 0.5365, 0.7437, 0.7741, 0.6933, 0.6047, 0.4885, 0.5217, 0.6355, 0.3405, 0.4751, 0.4925, 0.6544, 0.5176, 0.6297, 0.7678, 0.5693, 0.753, 0.4619]
val:   acc: 0.8729 || macc: 0.7499 || miou: 0.6531 || iou: [0.8108, 0.9611, 0.5797, 0.7538, 0.8405, 0.6981, 0.6717, 0.61, 0.4696, 0.7581, 0.2409, 0.6095, 0.5194, 0.6914, 0.4531, 0.6441, 0.8965, 0.6016, 0.8254, 0.4266]
duration: 856.2136402130127
new best!
epoch 15:
loss: 1.3796 || cls: 0.1689
train: acc: 0.8526 || macc: 0.7172 || miou: 0.6151 || iou: [0.7854, 0.9476, 0.5297, 0.742, 0.7664, 0.6881, 0.6052, 0.4934, 0.5267, 0.639, 0.3333, 0.4709, 0.5076, 0.6398, 0.5065, 0.6235, 0.747, 0.5516, 0.7483, 0.45]
val:   acc: 0.8704 || macc: 0.7631 || miou: 0.6475 || iou: [0.81, 0.9602, 0.5351, 0.788, 0.8645, 0.7799, 0.6697, 0.5894, 0.4969, 0.6252, 0.2332, 0.5324, 0.6078, 0.6774, 0.4908, 0.5695, 0.8758, 0.5848, 0.8089, 0.4512]
duration: 846.8496336936951
epoch 16:
loss: 1.3527 || cls: 0.0547
train: acc: 0.8602 || macc: 0.7354 || miou: 0.6339 || iou: [0.7936, 0.9504, 0.5444, 0.7564, 0.7833, 0.708, 0.6186, 0.5162, 0.546, 0.6589, 0.3474, 0.5008, 0.5083, 0.6549, 0.5468, 0.6519, 0.7722, 0.5778, 0.7617, 0.4796]
val:   acc: 0.8812 || macc: 0.7874 || miou: 0.6743 || iou: [0.8209, 0.9616, 0.5923, 0.7914, 0.8914, 0.8045, 0.7, 0.5237, 0.5531, 0.7747, 0.305, 0.6457, 0.6206, 0.7199, 0.3771, 0.6324, 0.8968, 0.5934, 0.7696, 0.5108]
duration: 854.5830352306366
new best!
epoch 17:
loss: 1.3563 || cls: 0.0692
train: acc: 0.8592 || macc: 0.7336 || miou: 0.6319 || iou: [0.7921, 0.9497, 0.5356, 0.7516, 0.78, 0.7117, 0.6261, 0.5121, 0.5455, 0.6567, 0.3714, 0.4822, 0.5196, 0.645, 0.5301, 0.6519, 0.7628, 0.5783, 0.7542, 0.4824]
val:   acc: 0.8861 || macc: 0.7734 || miou: 0.6762 || iou: [0.832, 0.9575, 0.5823, 0.7818, 0.8797, 0.8235, 0.6958, 0.6206, 0.572, 0.7825, 0.1979, 0.5939, 0.5934, 0.6869, 0.5257, 0.608, 0.8981, 0.6212, 0.8168, 0.4541]
duration: 855.0708882808685
new best!
epoch 18:
loss: 1.3477 || cls: 0.0732
train: acc: 0.863 || macc: 0.7412 || miou: 0.6401 || iou: [0.797, 0.9506, 0.5514, 0.7626, 0.7863, 0.7093, 0.6323, 0.5159, 0.5465, 0.6695, 0.3823, 0.4858, 0.5249, 0.6807, 0.5297, 0.6722, 0.7761, 0.5793, 0.7591, 0.49]
val:   acc: 0.8796 || macc: 0.7715 || miou: 0.654 || iou: [0.8249, 0.9606, 0.5681, 0.7781, 0.8592, 0.7548, 0.6719, 0.5995, 0.5752, 0.7572, 0.303, 0.6603, 0.5727, 0.612, 0.4899, 0.4652, 0.6964, 0.6045, 0.8415, 0.485]
duration: 855.4457252025604
epoch 19:
loss: 1.3481 || cls: 0.1047
train: acc: 0.864 || macc: 0.7429 || miou: 0.6424 || iou: [0.7974, 0.9511, 0.5523, 0.7613, 0.7849, 0.7142, 0.6325, 0.5272, 0.5632, 0.6646, 0.3816, 0.4856, 0.5308, 0.6712, 0.539, 0.6723, 0.7667, 0.576, 0.7741, 0.501]
val:   acc: 0.8885 || macc: 0.7872 || miou: 0.6809 || iou: [0.8458, 0.9582, 0.5959, 0.7776, 0.875, 0.8035, 0.7026, 0.6058, 0.5949, 0.7438, 0.345, 0.6428, 0.6148, 0.683, 0.4892, 0.5887, 0.8623, 0.6287, 0.8124, 0.4486]
duration: 861.076019525528
new best!
epoch 20:
loss: 1.3482 || cls: 0.1289
train: acc: 0.8637 || macc: 0.7441 || miou: 0.6433 || iou: [0.7959, 0.9508, 0.5507, 0.7619, 0.7881, 0.7146, 0.6318, 0.527, 0.5596, 0.6723, 0.3579, 0.5008, 0.5339, 0.6529, 0.5594, 0.6752, 0.7745, 0.5803, 0.7784, 0.5001]
val:   acc: 0.8852 || macc: 0.768 || miou: 0.6762 || iou: [0.826, 0.9612, 0.5779, 0.7504, 0.8866, 0.7744, 0.6721, 0.5924, 0.5935, 0.784, 0.3027, 0.6165, 0.5596, 0.7176, 0.4487, 0.6755, 0.8923, 0.5757, 0.8234, 0.493]
duration: 859.0832395553589
epoch 21:
loss: 1.3361 || cls: 0.058
train: acc: 0.8676 || macc: 0.7535 || miou: 0.6539 || iou: [0.8014, 0.9515, 0.5659, 0.7745, 0.7925, 0.7298, 0.638, 0.5375, 0.5647, 0.675, 0.3852, 0.5034, 0.5405, 0.6815, 0.5695, 0.6988, 0.7882, 0.5937, 0.7798, 0.506]
val:   acc: 0.8866 || macc: 0.7856 || miou: 0.6861 || iou: [0.824, 0.9615, 0.5885, 0.7712, 0.8943, 0.8345, 0.6892, 0.5719, 0.5659, 0.7561, 0.33, 0.6099, 0.6093, 0.7186, 0.5413, 0.6724, 0.8961, 0.6222, 0.7963, 0.4696]
duration: 866.1865684986115
new best!
epoch 22:
loss: 1.3349 || cls: 0.0637
train: acc: 0.8681 || macc: 0.754 || miou: 0.6537 || iou: [0.8019, 0.9525, 0.5682, 0.7781, 0.7914, 0.7197, 0.6385, 0.5377, 0.5639, 0.6835, 0.3765, 0.5068, 0.5392, 0.6856, 0.5813, 0.679, 0.781, 0.5877, 0.7827, 0.5185]
val:   acc: 0.8882 || macc: 0.7565 || miou: 0.6797 || iou: [0.828, 0.9602, 0.6019, 0.8061, 0.8779, 0.8019, 0.6911, 0.6471, 0.57, 0.7782, 0.1996, 0.6618, 0.6118, 0.6894, 0.4655, 0.645, 0.8909, 0.5628, 0.8235, 0.4805]
duration: 870.3334536552429
epoch 23:
loss: 1.3298 || cls: 0.0789
train: acc: 0.8707 || macc: 0.7579 || miou: 0.6591 || iou: [0.8053, 0.9513, 0.5816, 0.7779, 0.7991, 0.7267, 0.6445, 0.5439, 0.5637, 0.6996, 0.404, 0.5173, 0.549, 0.6734, 0.5704, 0.6822, 0.7817, 0.6028, 0.7855, 0.5214]
val:   acc: 0.8768 || macc: 0.7552 || miou: 0.6575 || iou: [0.8191, 0.9627, 0.5418, 0.7783, 0.8745, 0.7611, 0.6887, 0.5628, 0.5268, 0.7843, 0.2241, 0.4526, 0.616, 0.689, 0.4833, 0.6609, 0.892, 0.6037, 0.8106, 0.4177]
duration: 862.7572436332703
epoch 24:
loss: 1.328 || cls: 0.0714
train: acc: 0.8711 || macc: 0.758 || miou: 0.6589 || iou: [0.8085, 0.9522, 0.5763, 0.7758, 0.7949, 0.7243, 0.6388, 0.5457, 0.5743, 0.6835, 0.3926, 0.5185, 0.5363, 0.6987, 0.5838, 0.6754, 0.785, 0.5955, 0.7917, 0.5252]
val:   acc: 0.8835 || macc: 0.7502 || miou: 0.6745 || iou: [0.8162, 0.9585, 0.5716, 0.7749, 0.8792, 0.8036, 0.7055, 0.6195, 0.5375, 0.7518, 0.2987, 0.5999, 0.6424, 0.7173, 0.5151, 0.5678, 0.8806, 0.5931, 0.8006, 0.4559]
duration: 866.7408587932587
epoch 25:
loss: 1.3247 || cls: 0.0809
train: acc: 0.8729 || macc: 0.7626 || miou: 0.6643 || iou: [0.8082, 0.953, 0.5833, 0.7841, 0.7995, 0.7367, 0.6528, 0.5441, 0.5759, 0.698, 0.3925, 0.5178, 0.5602, 0.6789, 0.5924, 0.6887, 0.8014, 0.5938, 0.7902, 0.5349]
val:   acc: 0.8853 || macc: 0.769 || miou: 0.675 || iou: [0.8312, 0.9604, 0.5985, 0.7934, 0.8765, 0.8005, 0.6776, 0.6048, 0.5971, 0.7332, 0.2037, 0.6492, 0.5808, 0.6643, 0.5108, 0.6677, 0.9106, 0.6102, 0.8128, 0.417]
duration: 866.4393174648285
epoch 26:
loss: 1.3255 || cls: 0.1051
train: acc: 0.8726 || macc: 0.7641 || miou: 0.6655 || iou: [0.8069, 0.9528, 0.5889, 0.7823, 0.7976, 0.738, 0.6386, 0.5493, 0.5769, 0.7055, 0.4021, 0.5313, 0.5471, 0.6968, 0.5861, 0.6967, 0.7908, 0.6004, 0.7815, 0.5397]
val:   acc: 0.8794 || macc: 0.7477 || miou: 0.6689 || iou: [0.8028, 0.9619, 0.5896, 0.7771, 0.8726, 0.8235, 0.72, 0.557, 0.4598, 0.7701, 0.2434, 0.6506, 0.5914, 0.7199, 0.4945, 0.6507, 0.8589, 0.602, 0.7982, 0.4345]
duration: 868.9488298892975
epoch 27:
loss: 1.3171 || cls: 0.0669
train: acc: 0.8757 || macc: 0.7673 || miou: 0.6697 || iou: [0.8116, 0.9535, 0.592, 0.7799, 0.8059, 0.7402, 0.6557, 0.5522, 0.5925, 0.695, 0.408, 0.5223, 0.5551, 0.7109, 0.5939, 0.6804, 0.7979, 0.6106, 0.7905, 0.545]
val:   acc: 0.8856 || macc: 0.764 || miou: 0.6733 || iou: [0.8334, 0.9625, 0.556, 0.7768, 0.8889, 0.8238, 0.7154, 0.6128, 0.5974, 0.706, 0.3202, 0.6258, 0.6239, 0.5969, 0.4784, 0.573, 0.8923, 0.6094, 0.8176, 0.4557]
duration: 867.8931453227997
epoch 28:
loss: 1.3155 || cls: 0.0736
train: acc: 0.8761 || macc: 0.7681 || miou: 0.6708 || iou: [0.813, 0.9534, 0.5894, 0.7862, 0.8025, 0.7333, 0.6569, 0.564, 0.5881, 0.7014, 0.3992, 0.5252, 0.5598, 0.7074, 0.586, 0.6943, 0.8003, 0.6137, 0.7957, 0.5453]
val:   acc: 0.8856 || macc: 0.778 || miou: 0.6836 || iou: [0.8235, 0.9579, 0.5946, 0.7765, 0.8846, 0.7871, 0.7001, 0.5997, 0.5482, 0.7662, 0.1869, 0.6202, 0.6234, 0.7451, 0.5529, 0.6703, 0.907, 0.6314, 0.8318, 0.4657]
duration: 862.6611020565033
epoch 29:
loss: 1.315 || cls: 0.0797
train: acc: 0.8766 || macc: 0.7721 || miou: 0.6746 || iou: [0.8138, 0.9533, 0.5934, 0.7872, 0.8044, 0.7415, 0.6554, 0.5548, 0.5929, 0.7107, 0.4404, 0.5318, 0.5668, 0.6885, 0.6018, 0.7031, 0.798, 0.6147, 0.7981, 0.5409]
val:   acc: 0.8891 || macc: 0.7786 || miou: 0.6811 || iou: [0.8377, 0.9633, 0.6157, 0.8013, 0.8781, 0.7887, 0.7219, 0.6272, 0.572, 0.7781, 0.2938, 0.6617, 0.5417, 0.6163, 0.495, 0.6156, 0.9065, 0.6136, 0.8057, 0.489]
duration: 863.0515172481537
epoch 30:
loss: 1.3119 || cls: 0.0808
train: acc: 0.8779 || macc: 0.7737 || miou: 0.6763 || iou: [0.8134, 0.9536, 0.5942, 0.7882, 0.8104, 0.7371, 0.6679, 0.5664, 0.5888, 0.7099, 0.4115, 0.5342, 0.5758, 0.6966, 0.5981, 0.7075, 0.8031, 0.6143, 0.804, 0.5501]
val:   acc: 0.885 || macc: 0.7627 || miou: 0.6843 || iou: [0.8158, 0.9565, 0.6173, 0.7862, 0.8868, 0.8168, 0.7072, 0.5811, 0.5368, 0.774, 0.321, 0.6629, 0.5775, 0.7205, 0.4855, 0.6476, 0.8842, 0.6159, 0.8387, 0.4536]
duration: 860.70827460289
epoch 31:
loss: 1.3091 || cls: 0.0811
train: acc: 0.8791 || macc: 0.7756 || miou: 0.6786 || iou: [0.8161, 0.9542, 0.6038, 0.7883, 0.812, 0.7523, 0.6596, 0.5645, 0.5946, 0.7065, 0.4157, 0.5527, 0.5678, 0.7104, 0.5959, 0.7094, 0.81, 0.6139, 0.7968, 0.5467]
val:   acc: 0.8896 || macc: 0.7649 || miou: 0.6795 || iou: [0.8407, 0.9568, 0.624, 0.76, 0.8919, 0.8112, 0.6637, 0.5898, 0.6, 0.7758, 0.2878, 0.6608, 0.5779, 0.661, 0.4178, 0.6064, 0.9063, 0.6199, 0.8185, 0.5192]
duration: 857.1184964179993
epoch 32:
loss: 1.3065 || cls: 0.0696
train: acc: 0.8801 || macc: 0.7778 || miou: 0.6812 || iou: [0.8175, 0.9541, 0.6108, 0.7969, 0.8064, 0.7403, 0.6632, 0.5653, 0.6025, 0.7197, 0.4136, 0.5344, 0.5748, 0.7147, 0.5939, 0.7206, 0.808, 0.6194, 0.7997, 0.567]
val:   acc: 0.8926 || macc: 0.783 || miou: 0.6874 || iou: [0.8466, 0.9633, 0.614, 0.7823, 0.8963, 0.7934, 0.7021, 0.6158, 0.5751, 0.7581, 0.3319, 0.6533, 0.492, 0.7398, 0.5397, 0.5776, 0.9068, 0.6122, 0.8463, 0.5021]
duration: 865.7088429927826
new best!
epoch 33:
loss: 1.3053 || cls: 0.0866
train: acc: 0.8809 || macc: 0.7788 || miou: 0.6826 || iou: [0.8174, 0.9545, 0.6118, 0.798, 0.8157, 0.7541, 0.6682, 0.5554, 0.5927, 0.7185, 0.4348, 0.5489, 0.5718, 0.7025, 0.6131, 0.7073, 0.8064, 0.6245, 0.7967, 0.5597]
val:   acc: 0.8941 || macc: 0.7662 || miou: 0.6909 || iou: [0.8406, 0.9613, 0.6259, 0.8, 0.8959, 0.8308, 0.724, 0.6266, 0.6002, 0.7855, 0.2397, 0.6273, 0.6059, 0.6655, 0.4644, 0.6706, 0.9006, 0.6287, 0.8294, 0.495]
duration: 867.546692609787
new best!
epoch 34:
loss: 1.2999 || cls: 0.0738
train: acc: 0.8829 || macc: 0.7853 || miou: 0.689 || iou: [0.821, 0.9546, 0.6157, 0.8014, 0.8114, 0.7434, 0.6733, 0.5753, 0.5985, 0.7256, 0.4579, 0.5492, 0.5876, 0.7219, 0.6208, 0.7088, 0.8099, 0.6273, 0.812, 0.5652]
val:   acc: 0.8946 || macc: 0.7837 || miou: 0.6971 || iou: [0.8423, 0.9625, 0.6381, 0.804, 0.8883, 0.7932, 0.7021, 0.6047, 0.631, 0.7813, 0.2462, 0.6619, 0.6218, 0.7303, 0.5012, 0.6692, 0.9167, 0.629, 0.8493, 0.4692]
duration: 867.655740737915
new best!
epoch 35:
loss: 1.2976 || cls: 0.0858
train: acc: 0.8839 || macc: 0.7867 || miou: 0.6911 || iou: [0.8218, 0.9548, 0.6224, 0.8073, 0.8152, 0.7499, 0.671, 0.5763, 0.618, 0.7151, 0.4321, 0.5449, 0.5892, 0.7262, 0.6204, 0.7213, 0.8123, 0.6351, 0.8152, 0.574]
val:   acc: 0.8948 || macc: 0.7862 || miou: 0.697 || iou: [0.8428, 0.9603, 0.5991, 0.8064, 0.9021, 0.8581, 0.7109, 0.6128, 0.5939, 0.7703, 0.2993, 0.6787, 0.6356, 0.6465, 0.5062, 0.6068, 0.8978, 0.6231, 0.8271, 0.5611]
duration: 876.0276744365692
epoch 36:
loss: 1.2977 || cls: 0.0858
train: acc: 0.8836 || macc: 0.7857 || miou: 0.6894 || iou: [0.8212, 0.9555, 0.6179, 0.7978, 0.814, 0.7481, 0.6806, 0.5778, 0.5993, 0.7199, 0.4329, 0.5549, 0.5896, 0.7204, 0.615, 0.7222, 0.8155, 0.6345, 0.7947, 0.5763]
val:   acc: 0.8925 || macc: 0.7716 || miou: 0.6884 || iou: [0.8363, 0.9627, 0.595, 0.7888, 0.8955, 0.8224, 0.7181, 0.6441, 0.5744, 0.7895, 0.2913, 0.6799, 0.639, 0.7, 0.4824, 0.4889, 0.9135, 0.6407, 0.8482, 0.4568]
duration: 872.8733763694763
epoch 37:
loss: 1.291 || cls: 0.0746
train: acc: 0.887 || macc: 0.7914 || miou: 0.6966 || iou: [0.8251, 0.955, 0.6296, 0.8031, 0.8209, 0.7628, 0.6859, 0.5856, 0.6202, 0.7305, 0.446, 0.5578, 0.5875, 0.7269, 0.6277, 0.7243, 0.8132, 0.6296, 0.8117, 0.5883]
val:   acc: 0.8987 || macc: 0.794 || miou: 0.7155 || iou: [0.8382, 0.9636, 0.6278, 0.8016, 0.9021, 0.8593, 0.727, 0.621, 0.5991, 0.8053, 0.3244, 0.6594, 0.6518, 0.7275, 0.5767, 0.6784, 0.9251, 0.6449, 0.8551, 0.5214]
duration: 860.8944516181946
new best!
epoch 38:
loss: 1.2926 || cls: 0.0838
train: acc: 0.886 || macc: 0.7901 || miou: 0.6953 || iou: [0.8236, 0.9558, 0.6247, 0.8035, 0.8201, 0.7578, 0.6844, 0.5787, 0.6212, 0.7376, 0.4346, 0.5599, 0.5969, 0.7314, 0.6127, 0.7136, 0.8179, 0.6338, 0.8187, 0.5797]
val:   acc: 0.8932 || macc: 0.7959 || miou: 0.7008 || iou: [0.8423, 0.9634, 0.6412, 0.7992, 0.9049, 0.8141, 0.7089, 0.6143, 0.6051, 0.6966, 0.3343, 0.667, 0.6231, 0.7567, 0.4865, 0.6663, 0.9141, 0.635, 0.8522, 0.4913]
duration: 862.1265060901642
epoch 39:
loss: 1.2844 || cls: 0.0675
train: acc: 0.8895 || macc: 0.7966 || miou: 0.7024 || iou: [0.8295, 0.9562, 0.6309, 0.8142, 0.8241, 0.7613, 0.6904, 0.5968, 0.618, 0.7401, 0.4464, 0.5567, 0.6002, 0.7395, 0.6442, 0.728, 0.8177, 0.6354, 0.8168, 0.602]
val:   acc: 0.8989 || macc: 0.7881 || miou: 0.7118 || iou: [0.8437, 0.9627, 0.6564, 0.8122, 0.8914, 0.8246, 0.7235, 0.6356, 0.6302, 0.8056, 0.3546, 0.6792, 0.6493, 0.7278, 0.5569, 0.6271, 0.881, 0.6255, 0.8418, 0.5074]
duration: 862.5162045955658
epoch 40:
loss: 1.2862 || cls: 0.0918
train: acc: 0.8891 || macc: 0.7964 || miou: 0.7024 || iou: [0.8288, 0.9561, 0.639, 0.8036, 0.8203, 0.7583, 0.6887, 0.5953, 0.6248, 0.7359, 0.4554, 0.5703, 0.5954, 0.7376, 0.6559, 0.7249, 0.8162, 0.6385, 0.8086, 0.5945]
val:   acc: 0.8966 || macc: 0.7905 || miou: 0.7011 || iou: [0.8436, 0.9636, 0.6307, 0.8074, 0.9001, 0.8488, 0.7054, 0.5871, 0.6419, 0.742, 0.3361, 0.6564, 0.6219, 0.6966, 0.5841, 0.5273, 0.9192, 0.6333, 0.8456, 0.5302]
duration: 858.3994462490082
epoch 41:
loss: 1.2809 || cls: 0.0922
train: acc: 0.8914 || macc: 0.8006 || miou: 0.7082 || iou: [0.8312, 0.9561, 0.6423, 0.8152, 0.8286, 0.7785, 0.6933, 0.5998, 0.6328, 0.7434, 0.4582, 0.5762, 0.6011, 0.7349, 0.6322, 0.7375, 0.8245, 0.6422, 0.8358, 0.6011]
val:   acc: 0.9015 || macc: 0.7975 || miou: 0.7125 || iou: [0.8572, 0.9612, 0.6338, 0.7977, 0.9008, 0.811, 0.7223, 0.6418, 0.6157, 0.8129, 0.3616, 0.6686, 0.6231, 0.6904, 0.5339, 0.6773, 0.9144, 0.6322, 0.8335, 0.5597]
duration: 865.4039440155029
epoch 42:
loss: 1.2795 || cls: 0.0784
train: acc: 0.8916 || macc: 0.8007 || miou: 0.7078 || iou: [0.8308, 0.9571, 0.6453, 0.8175, 0.8254, 0.7627, 0.7017, 0.5989, 0.6298, 0.746, 0.4467, 0.5793, 0.6077, 0.7281, 0.6487, 0.7297, 0.8266, 0.6462, 0.8175, 0.6105]
val:   acc: 0.8941 || macc: 0.7626 || miou: 0.6881 || iou: [0.8381, 0.9626, 0.6281, 0.7826, 0.9023, 0.8266, 0.7217, 0.6233, 0.5802, 0.8036, 0.2266, 0.6792, 0.5814, 0.64, 0.4462, 0.6525, 0.9172, 0.6086, 0.8289, 0.5121]
duration: 858.943342924118
epoch 43:
loss: 1.2789 || cls: 0.091
train: acc: 0.8923 || macc: 0.8032 || miou: 0.7106 || iou: [0.8325, 0.9564, 0.6436, 0.8202, 0.8263, 0.7654, 0.6932, 0.6042, 0.6218, 0.755, 0.4716, 0.5896, 0.6027, 0.7441, 0.6513, 0.7401, 0.824, 0.638, 0.8224, 0.6101]
val:   acc: 0.9017 || macc: 0.7946 || miou: 0.7158 || iou: [0.849, 0.9605, 0.6561, 0.8018, 0.9103, 0.8468, 0.7163, 0.6556, 0.5434, 0.787, 0.2812, 0.6997, 0.6189, 0.7626, 0.6165, 0.6639, 0.8996, 0.6412, 0.8382, 0.5667]
duration: 863.6135127544403
new best!
epoch 44:
loss: 1.2752 || cls: 0.0817
train: acc: 0.8936 || macc: 0.8059 || miou: 0.7136 || iou: [0.8335, 0.9569, 0.6544, 0.8149, 0.8295, 0.7757, 0.7008, 0.6057, 0.6391, 0.7496, 0.4671, 0.5825, 0.6212, 0.7428, 0.6519, 0.7379, 0.8245, 0.6467, 0.8182, 0.6183]
val:   acc: 0.9007 || macc: 0.7915 || miou: 0.7099 || iou: [0.8519, 0.9632, 0.5952, 0.789, 0.896, 0.8248, 0.722, 0.6701, 0.6545, 0.8026, 0.3011, 0.5633, 0.6445, 0.7685, 0.5079, 0.7011, 0.9122, 0.6355, 0.8455, 0.5494]
duration: 864.3200695514679
epoch 45:
loss: 1.2714 || cls: 0.0847
train: acc: 0.8951 || macc: 0.8081 || miou: 0.7169 || iou: [0.8345, 0.9577, 0.6554, 0.8252, 0.8341, 0.7792, 0.7038, 0.604, 0.6383, 0.7516, 0.4788, 0.571, 0.6218, 0.7487, 0.6594, 0.7433, 0.8293, 0.6552, 0.818, 0.6283]
val:   acc: 0.9001 || macc: 0.8073 || miou: 0.7106 || iou: [0.8545, 0.9641, 0.6418, 0.7615, 0.8946, 0.7841, 0.7248, 0.6213, 0.6464, 0.7694, 0.2594, 0.6936, 0.6454, 0.7423, 0.5517, 0.6686, 0.9206, 0.6385, 0.8446, 0.5847]
duration: 864.8271925449371
epoch 46:
loss: 1.2711 || cls: 0.1135
train: acc: 0.8953 || macc: 0.809 || miou: 0.7176 || iou: [0.8359, 0.9574, 0.6635, 0.8251, 0.8319, 0.7778, 0.6989, 0.6128, 0.6415, 0.756, 0.4694, 0.5969, 0.6078, 0.7459, 0.6465, 0.7515, 0.8341, 0.6497, 0.8321, 0.618]
val:   acc: 0.9038 || macc: 0.7889 || miou: 0.7114 || iou: [0.8528, 0.962, 0.6468, 0.8097, 0.9005, 0.8436, 0.7232, 0.6826, 0.6486, 0.799, 0.3008, 0.6612, 0.6162, 0.7107, 0.5326, 0.5962, 0.8985, 0.6162, 0.8576, 0.5689]
duration: 867.4629342556
epoch 47:
loss: 1.2678 || cls: 0.091
train: acc: 0.8965 || macc: 0.8105 || miou: 0.7198 || iou: [0.8373, 0.9576, 0.6617, 0.8199, 0.8346, 0.7849, 0.7068, 0.6112, 0.6506, 0.7585, 0.4597, 0.5746, 0.6251, 0.7502, 0.6691, 0.7493, 0.8311, 0.6487, 0.8324, 0.6318]
val:   acc: 0.8933 || macc: 0.7686 || miou: 0.692 || iou: [0.8273, 0.9619, 0.6222, 0.8054, 0.8933, 0.809, 0.7205, 0.6554, 0.561, 0.777, 0.3477, 0.663, 0.6133, 0.7003, 0.4353, 0.5298, 0.9178, 0.6359, 0.858, 0.5068]
duration: 860.7649748325348
epoch 48:
loss: 1.2611 || cls: 0.0751
train: acc: 0.8998 || macc: 0.8165 || miou: 0.727 || iou: [0.842, 0.9577, 0.6727, 0.829, 0.8378, 0.7864, 0.7166, 0.6231, 0.6633, 0.7739, 0.4901, 0.5953, 0.6317, 0.76, 0.6517, 0.7541, 0.8315, 0.6574, 0.8288, 0.6367]
val:   acc: 0.891 || macc: 0.7757 || miou: 0.6841 || iou: [0.8313, 0.9628, 0.5999, 0.7673, 0.8798, 0.8109, 0.704, 0.62, 0.6046, 0.7708, 0.3525, 0.6592, 0.6332, 0.6294, 0.5074, 0.432, 0.9014, 0.6237, 0.8549, 0.5379]
duration: 857.6179344654083
epoch 49:
loss: 1.2606 || cls: 0.0855
train: acc: 0.9001 || macc: 0.8178 || miou: 0.7283 || iou: [0.8441, 0.9573, 0.6703, 0.8322, 0.8395, 0.7886, 0.7088, 0.6262, 0.6557, 0.7749, 0.4848, 0.6027, 0.6198, 0.7541, 0.6776, 0.748, 0.8416, 0.6623, 0.8338, 0.6432]
val:   acc: 0.9027 || macc: 0.8045 || miou: 0.7176 || iou: [0.8557, 0.9637, 0.6555, 0.8192, 0.8992, 0.8426, 0.7231, 0.6203, 0.6218, 0.7993, 0.3296, 0.6845, 0.6429, 0.7669, 0.4694, 0.6866, 0.9243, 0.6467, 0.8327, 0.5677]
duration: 863.9970982074738
new best!
epoch 50:
loss: 1.263 || cls: 0.1034
train: acc: 0.899 || macc: 0.8145 || miou: 0.7252 || iou: [0.8403, 0.9583, 0.6698, 0.8302, 0.8368, 0.7861, 0.7162, 0.6231, 0.6595, 0.768, 0.4626, 0.6084, 0.64, 0.7499, 0.6633, 0.7251, 0.843, 0.6487, 0.8357, 0.6384]
val:   acc: 0.9087 || macc: 0.814 || miou: 0.7288 || iou: [0.8636, 0.9651, 0.6689, 0.8078, 0.9136, 0.8407, 0.7327, 0.6649, 0.6616, 0.7906, 0.3478, 0.6757, 0.6764, 0.7282, 0.5849, 0.6762, 0.9, 0.6448, 0.8381, 0.5953]
duration: 860.1042728424072
new best!
epoch 51:
loss: 1.2581 || cls: 0.0846
train: acc: 0.9011 || macc: 0.8222 || miou: 0.7335 || iou: [0.8422, 0.9583, 0.6765, 0.8295, 0.8406, 0.7878, 0.7209, 0.626, 0.6558, 0.7847, 0.5139, 0.608, 0.6414, 0.7695, 0.674, 0.7659, 0.8389, 0.6559, 0.8313, 0.6479]
val:   acc: 0.8985 || macc: 0.7899 || miou: 0.7022 || iou: [0.8438, 0.9637, 0.6449, 0.7992, 0.9138, 0.8468, 0.7215, 0.6419, 0.5894, 0.79, 0.1881, 0.6864, 0.6576, 0.597, 0.6209, 0.5513, 0.9254, 0.6356, 0.8759, 0.5516]
duration: 861.5076022148132
epoch 52:
loss: 1.2551 || cls: 0.0776
train: acc: 0.9021 || macc: 0.8236 || miou: 0.736 || iou: [0.8434, 0.9584, 0.679, 0.8408, 0.8433, 0.8017, 0.722, 0.626, 0.6581, 0.7638, 0.5051, 0.6016, 0.6427, 0.7679, 0.6921, 0.7659, 0.8407, 0.6631, 0.845, 0.6595]
val:   acc: 0.9043 || macc: 0.8002 || miou: 0.7188 || iou: [0.8571, 0.9631, 0.6501, 0.8052, 0.9036, 0.8392, 0.7095, 0.6628, 0.611, 0.7847, 0.3069, 0.6957, 0.5831, 0.7233, 0.6058, 0.6521, 0.9251, 0.6439, 0.8629, 0.5911]
duration: 866.3255217075348
epoch 53:
loss: 1.2543 || cls: 0.0911
train: acc: 0.9025 || macc: 0.8238 || miou: 0.7349 || iou: [0.8461, 0.9589, 0.6777, 0.8298, 0.8436, 0.7921, 0.723, 0.635, 0.6695, 0.7602, 0.5295, 0.6127, 0.6403, 0.7685, 0.6734, 0.7406, 0.8409, 0.6657, 0.8334, 0.6562]
val:   acc: 0.9054 || macc: 0.8051 || miou: 0.7223 || iou: [0.8557, 0.9636, 0.6751, 0.7728, 0.9016, 0.84, 0.7338, 0.6668, 0.6457, 0.8039, 0.3794, 0.7058, 0.6585, 0.6986, 0.5779, 0.5797, 0.9176, 0.6508, 0.8553, 0.5637]
duration: 870.1382863521576
epoch 54:
loss: 1.2463 || cls: 0.0816
train: acc: 0.9063 || macc: 0.832 || miou: 0.7462 || iou: [0.8503, 0.96, 0.6928, 0.8405, 0.8482, 0.8004, 0.7289, 0.6432, 0.6863, 0.7913, 0.5244, 0.6254, 0.6417, 0.7693, 0.7095, 0.7765, 0.8528, 0.6673, 0.8438, 0.6707]
val:   acc: 0.9078 || macc: 0.8073 || miou: 0.7246 || iou: [0.8661, 0.9637, 0.6438, 0.8016, 0.9011, 0.8342, 0.7382, 0.6726, 0.6635, 0.7868, 0.3469, 0.6853, 0.6237, 0.74, 0.5792, 0.6314, 0.9141, 0.6557, 0.8492, 0.5957]
duration: 856.7440898418427
epoch 55:
loss: 1.2472 || cls: 0.0836
train: acc: 0.9057 || macc: 0.8316 || miou: 0.7455 || iou: [0.848, 0.9596, 0.6958, 0.8484, 0.8477, 0.8061, 0.732, 0.64, 0.675, 0.7935, 0.5223, 0.6243, 0.6496, 0.7803, 0.7006, 0.7667, 0.8433, 0.6726, 0.8455, 0.6587]
val:   acc: 0.9002 || macc: 0.7789 || miou: 0.701 || iou: [0.8464, 0.9637, 0.6041, 0.7916, 0.9038, 0.8507, 0.7281, 0.6729, 0.6331, 0.7874, 0.3118, 0.6617, 0.654, 0.7125, 0.482, 0.4719, 0.9125, 0.6202, 0.8595, 0.5523]
duration: 856.1905119419098
epoch 56:
loss: 1.2427 || cls: 0.0747
train: acc: 0.9079 || macc: 0.8318 || miou: 0.7458 || iou: [0.8525, 0.9591, 0.6975, 0.8444, 0.8504, 0.8027, 0.7362, 0.6514, 0.6764, 0.7921, 0.5217, 0.6256, 0.6687, 0.7787, 0.6888, 0.7481, 0.8387, 0.6693, 0.8436, 0.6698]
val:   acc: 0.9064 || macc: 0.8026 || miou: 0.7255 || iou: [0.8539, 0.9631, 0.6804, 0.7988, 0.898, 0.8392, 0.7486, 0.6886, 0.6358, 0.8149, 0.2886, 0.6996, 0.6842, 0.7468, 0.543, 0.6798, 0.9215, 0.6575, 0.845, 0.5224]
duration: 858.7939898967743
epoch 57:
loss: 1.2427 || cls: 0.087
train: acc: 0.9077 || macc: 0.835 || miou: 0.7499 || iou: [0.8516, 0.9598, 0.695, 0.8483, 0.8483, 0.8079, 0.7397, 0.6512, 0.6826, 0.7878, 0.5215, 0.6384, 0.6576, 0.7656, 0.6987, 0.7792, 0.8588, 0.6814, 0.8515, 0.6734]
val:   acc: 0.8969 || macc: 0.7889 || miou: 0.7092 || iou: [0.8409, 0.9638, 0.6624, 0.7961, 0.9037, 0.8473, 0.6901, 0.6408, 0.5474, 0.7683, 0.3294, 0.6677, 0.6223, 0.637, 0.537, 0.7421, 0.9321, 0.656, 0.8594, 0.5402]
duration: 856.0159540176392
epoch 58:
loss: 1.2386 || cls: 0.0882
train: acc: 0.9095 || macc: 0.8377 || miou: 0.7534 || iou: [0.8534, 0.9598, 0.7031, 0.847, 0.8565, 0.8108, 0.7371, 0.6609, 0.689, 0.801, 0.5357, 0.6342, 0.6701, 0.7782, 0.7082, 0.7601, 0.8486, 0.6805, 0.8531, 0.68]
val:   acc: 0.9084 || macc: 0.7957 || miou: 0.7212 || iou: [0.8633, 0.9641, 0.6693, 0.7995, 0.907, 0.8412, 0.7318, 0.6544, 0.6613, 0.7954, 0.2665, 0.6456, 0.6523, 0.7165, 0.5883, 0.6187, 0.9248, 0.6483, 0.8596, 0.6167]
duration: 850.701019525528
epoch 59:
loss: 1.2365 || cls: 0.0733
train: acc: 0.9107 || macc: 0.8377 || miou: 0.7538 || iou: [0.8566, 0.96, 0.71, 0.8465, 0.8527, 0.8087, 0.7449, 0.6536, 0.6961, 0.8015, 0.5009, 0.6351, 0.6702, 0.7832, 0.7116, 0.7776, 0.846, 0.6854, 0.8515, 0.6841]
val:   acc: 0.9004 || macc: 0.7923 || miou: 0.7103 || iou: [0.8478, 0.9659, 0.6391, 0.7776, 0.907, 0.812, 0.7175, 0.6417, 0.637, 0.7595, 0.3677, 0.6585, 0.6549, 0.7106, 0.5119, 0.6258, 0.9186, 0.6589, 0.8599, 0.5349]
duration: 862.0180816650391
epoch 60:
loss: 1.2324 || cls: 0.0821
train: acc: 0.9123 || macc: 0.842 || miou: 0.7591 || iou: [0.8596, 0.9603, 0.7161, 0.8527, 0.8574, 0.8128, 0.7461, 0.6625, 0.6925, 0.798, 0.5397, 0.6462, 0.6686, 0.7927, 0.7228, 0.7726, 0.857, 0.6846, 0.8481, 0.6907]
val:   acc: 0.9017 || macc: 0.7961 || miou: 0.7105 || iou: [0.8548, 0.9554, 0.649, 0.7775, 0.9037, 0.8072, 0.7116, 0.6539, 0.6516, 0.7849, 0.3228, 0.6594, 0.6449, 0.7165, 0.5349, 0.6473, 0.8805, 0.6591, 0.8411, 0.5547]
duration: 856.029093503952
epoch 61:
loss: 1.2326 || cls: 0.0877
train: acc: 0.9125 || macc: 0.8445 || miou: 0.7619 || iou: [0.8592, 0.9607, 0.7143, 0.8524, 0.8555, 0.8147, 0.7476, 0.6678, 0.6964, 0.8077, 0.5465, 0.6395, 0.6762, 0.7817, 0.7199, 0.7796, 0.8625, 0.6943, 0.8657, 0.6961]
val:   acc: 0.9086 || macc: 0.8063 || miou: 0.7235 || iou: [0.871, 0.9651, 0.6287, 0.7981, 0.9087, 0.856, 0.7507, 0.673, 0.665, 0.7851, 0.3279, 0.6503, 0.6603, 0.7464, 0.5436, 0.6491, 0.9229, 0.6561, 0.8445, 0.5671]
duration: 856.0773913860321
epoch 62:
loss: 1.2278 || cls: 0.0699
train: acc: 0.9143 || macc: 0.8464 || miou: 0.7647 || iou: [0.8609, 0.961, 0.722, 0.8539, 0.8605, 0.8177, 0.755, 0.6671, 0.7101, 0.8084, 0.5242, 0.6499, 0.6782, 0.799, 0.7317, 0.7873, 0.8615, 0.6903, 0.8575, 0.6977]
val:   acc: 0.907 || macc: 0.8036 || miou: 0.7264 || iou: [0.8611, 0.964, 0.658, 0.8118, 0.9014, 0.8117, 0.7287, 0.6502, 0.6372, 0.8136, 0.3731, 0.6725, 0.6448, 0.7327, 0.6228, 0.6415, 0.9107, 0.6406, 0.8531, 0.5973]
duration: 858.5162515640259
epoch 63:
loss: 1.2243 || cls: 0.0781
train: acc: 0.9158 || macc: 0.8499 || miou: 0.7689 || iou: [0.8633, 0.961, 0.7356, 0.8573, 0.8611, 0.8174, 0.7539, 0.6739, 0.6985, 0.821, 0.5552, 0.658, 0.6891, 0.7918, 0.7272, 0.7893, 0.8621, 0.6939, 0.8619, 0.7062]
val:   acc: 0.9076 || macc: 0.8041 || miou: 0.7261 || iou: [0.857, 0.9636, 0.6667, 0.8129, 0.9005, 0.8161, 0.7314, 0.6589, 0.631, 0.821, 0.2555, 0.6876, 0.6612, 0.7543, 0.6015, 0.6402, 0.9306, 0.6488, 0.8725, 0.61]
duration: 864.2498912811279
epoch 64:
loss: 1.2238 || cls: 0.0735
train: acc: 0.9162 || macc: 0.8509 || miou: 0.77 || iou: [0.8634, 0.9607, 0.7289, 0.8565, 0.8654, 0.8245, 0.7526, 0.6791, 0.71, 0.8158, 0.5613, 0.6622, 0.6907, 0.7971, 0.7235, 0.7929, 0.8629, 0.691, 0.863, 0.698]
val:   acc: 0.9059 || macc: 0.8006 || miou: 0.7235 || iou: [0.8523, 0.9634, 0.6639, 0.8087, 0.9031, 0.8229, 0.7431, 0.6653, 0.6603, 0.7975, 0.3731, 0.7064, 0.6608, 0.7415, 0.496, 0.6227, 0.9115, 0.6637, 0.8617, 0.5514]
duration: 864.2429575920105
epoch 65:
loss: 1.2198 || cls: 0.0753
train: acc: 0.9181 || macc: 0.8541 || miou: 0.7742 || iou: [0.8662, 0.9612, 0.7378, 0.8644, 0.8632, 0.8256, 0.7623, 0.6839, 0.7053, 0.8172, 0.5697, 0.6717, 0.6992, 0.799, 0.7306, 0.7943, 0.8599, 0.6948, 0.8644, 0.7142]
val:   acc: 0.9098 || macc: 0.8119 || miou: 0.7346 || iou: [0.8631, 0.9642, 0.6776, 0.8318, 0.9105, 0.8407, 0.743, 0.6538, 0.6495, 0.8065, 0.3709, 0.6704, 0.6648, 0.7541, 0.5503, 0.7016, 0.9314, 0.6612, 0.8551, 0.5915]
duration: 865.3229088783264
new best!
epoch 66:
loss: 1.2181 || cls: 0.0737
train: acc: 0.9185 || macc: 0.8553 || miou: 0.7754 || iou: [0.8684, 0.9615, 0.7344, 0.8612, 0.8637, 0.8198, 0.7635, 0.6851, 0.7223, 0.8147, 0.5705, 0.6692, 0.7052, 0.8035, 0.7395, 0.7875, 0.8603, 0.6949, 0.861, 0.7223]
val:   acc: 0.908 || macc: 0.8087 || miou: 0.7285 || iou: [0.8693, 0.9643, 0.6741, 0.8002, 0.9002, 0.8327, 0.7032, 0.678, 0.6535, 0.8138, 0.3873, 0.6956, 0.6437, 0.766, 0.5408, 0.6552, 0.9234, 0.6742, 0.8441, 0.5497]
duration: 866.6591839790344
epoch 67:
loss: 1.2128 || cls: 0.0619
train: acc: 0.9209 || macc: 0.8595 || miou: 0.7815 || iou: [0.8712, 0.9617, 0.7408, 0.8646, 0.8678, 0.8358, 0.7668, 0.6941, 0.7291, 0.8339, 0.5669, 0.6761, 0.6951, 0.8151, 0.7455, 0.8071, 0.8689, 0.7007, 0.861, 0.7275]
val:   acc: 0.9064 || macc: 0.7916 || miou: 0.7151 || iou: [0.8594, 0.9654, 0.6845, 0.7855, 0.9136, 0.8323, 0.7211, 0.6763, 0.6336, 0.7991, 0.3809, 0.6132, 0.6503, 0.7272, 0.5479, 0.5012, 0.9273, 0.6745, 0.858, 0.5517]
duration: 863.9941492080688
epoch 68:
loss: 1.2101 || cls: 0.0694
train: acc: 0.9222 || macc: 0.8621 || miou: 0.7851 || iou: [0.8722, 0.9621, 0.746, 0.8701, 0.8735, 0.8389, 0.7676, 0.7, 0.7254, 0.8385, 0.5796, 0.6754, 0.7004, 0.822, 0.7429, 0.8105, 0.8708, 0.7161, 0.8656, 0.7245]
val:   acc: 0.9038 || macc: 0.7781 || miou: 0.7051 || iou: [0.849, 0.9638, 0.6531, 0.8047, 0.9104, 0.8322, 0.7343, 0.6659, 0.6618, 0.788, 0.2035, 0.5449, 0.644, 0.7372, 0.5237, 0.5874, 0.9172, 0.678, 0.8538, 0.5493]
duration: 857.9790732860565
epoch 69:
loss: 1.2103 || cls: 0.0621
train: acc: 0.9221 || macc: 0.8606 || miou: 0.783 || iou: [0.8721, 0.9615, 0.7519, 0.8702, 0.8675, 0.8339, 0.7743, 0.6968, 0.7317, 0.8332, 0.5577, 0.6861, 0.711, 0.8166, 0.7442, 0.7997, 0.8608, 0.6991, 0.8579, 0.7348]
val:   acc: 0.909 || macc: 0.7995 || miou: 0.7227 || iou: [0.8669, 0.963, 0.6678, 0.8062, 0.9115, 0.8495, 0.7296, 0.6631, 0.6716, 0.7947, 0.3159, 0.6761, 0.6404, 0.7125, 0.6128, 0.526, 0.927, 0.6585, 0.8667, 0.5934]
duration: 862.6646778583527
epoch 70:
loss: 1.2027 || cls: 0.0565
train: acc: 0.9257 || macc: 0.869 || miou: 0.7945 || iou: [0.8777, 0.9634, 0.7618, 0.875, 0.8733, 0.8456, 0.7805, 0.7048, 0.739, 0.8461, 0.606, 0.6957, 0.714, 0.8251, 0.7651, 0.8102, 0.8702, 0.7102, 0.8789, 0.7467]
val:   acc: 0.9087 || macc: 0.7899 || miou: 0.7164 || iou: [0.8643, 0.9643, 0.655, 0.8131, 0.9121, 0.8413, 0.7271, 0.679, 0.6928, 0.8109, 0.3395, 0.569, 0.6606, 0.7384, 0.4263, 0.6311, 0.915, 0.6663, 0.8571, 0.5641]
duration: 863.4403343200684
epoch 71:
loss: 1.2019 || cls: 0.0603
train: acc: 0.926 || macc: 0.8703 || miou: 0.7962 || iou: [0.8773, 0.9629, 0.766, 0.8745, 0.8765, 0.8434, 0.7776, 0.7125, 0.7467, 0.847, 0.5987, 0.6932, 0.7201, 0.8258, 0.7679, 0.8302, 0.8726, 0.7168, 0.8709, 0.7446]
val:   acc: 0.907 || macc: 0.8042 || miou: 0.7294 || iou: [0.8553, 0.963, 0.6441, 0.8066, 0.9197, 0.872, 0.7499, 0.672, 0.6572, 0.8042, 0.2844, 0.6518, 0.6855, 0.7149, 0.6698, 0.6532, 0.9341, 0.6633, 0.86, 0.5266]
duration: 860.3532643318176
epoch 72:
loss: 1.2016 || cls: 0.059
train: acc: 0.9259 || macc: 0.8688 || miou: 0.7932 || iou: [0.8775, 0.964, 0.7628, 0.8763, 0.8756, 0.8417, 0.7822, 0.7131, 0.7331, 0.8407, 0.6112, 0.6861, 0.715, 0.8246, 0.7555, 0.8039, 0.8751, 0.7112, 0.8655, 0.7493]
val:   acc: 0.9126 || macc: 0.8133 || miou: 0.7355 || iou: [0.8682, 0.9642, 0.6924, 0.7882, 0.9198, 0.8399, 0.7348, 0.6762, 0.6745, 0.7946, 0.3528, 0.683, 0.6767, 0.7446, 0.5901, 0.6503, 0.9362, 0.6657, 0.836, 0.6222]
duration: 863.4777421951294
new best!
epoch 73:
loss: 1.1958 || cls: 0.0526
train: acc: 0.9285 || macc: 0.8734 || miou: 0.8 || iou: [0.8812, 0.9637, 0.7732, 0.8793, 0.8794, 0.8537, 0.7916, 0.7139, 0.7512, 0.8465, 0.5961, 0.6953, 0.7229, 0.8392, 0.7773, 0.8227, 0.8749, 0.7111, 0.8755, 0.7518]
val:   acc: 0.9126 || macc: 0.8155 || miou: 0.7376 || iou: [0.8685, 0.965, 0.6888, 0.8042, 0.9139, 0.8573, 0.7234, 0.6801, 0.6959, 0.8133, 0.3928, 0.6742, 0.6492, 0.7461, 0.5864, 0.6098, 0.9293, 0.682, 0.8684, 0.6026]
duration: 865.2708263397217
new best!
epoch 74:
loss: 1.1948 || cls: 0.0597
train: acc: 0.9291 || macc: 0.8749 || miou: 0.8025 || iou: [0.882, 0.9635, 0.7769, 0.8793, 0.8748, 0.8454, 0.7955, 0.7241, 0.7531, 0.85, 0.6109, 0.703, 0.7291, 0.8368, 0.771, 0.8252, 0.8819, 0.7121, 0.877, 0.7578]
val:   acc: 0.9115 || macc: 0.8137 || miou: 0.7364 || iou: [0.8664, 0.9628, 0.6776, 0.8191, 0.9164, 0.8566, 0.7384, 0.6786, 0.6783, 0.8209, 0.3407, 0.6693, 0.6711, 0.7533, 0.5537, 0.658, 0.9384, 0.6817, 0.8687, 0.5774]
duration: 864.5557234287262
epoch 75:
loss: 1.1903 || cls: 0.0475
train: acc: 0.9313 || macc: 0.8799 || miou: 0.8087 || iou: [0.8854, 0.9637, 0.7807, 0.8823, 0.8838, 0.86, 0.7958, 0.7305, 0.7671, 0.8472, 0.6233, 0.7103, 0.739, 0.8533, 0.7726, 0.8303, 0.8836, 0.7251, 0.8775, 0.7629]
val:   acc: 0.9087 || macc: 0.805 || miou: 0.7291 || iou: [0.8581, 0.9635, 0.6682, 0.8059, 0.9118, 0.8326, 0.7379, 0.6261, 0.6731, 0.8066, 0.3942, 0.6507, 0.6692, 0.732, 0.6211, 0.547, 0.9392, 0.6838, 0.856, 0.6049]
duration: 870.1197280883789
epoch 76:
loss: 1.1874 || cls: 0.0426
train: acc: 0.9326 || macc: 0.8814 || miou: 0.8116 || iou: [0.8874, 0.9637, 0.7923, 0.8862, 0.8836, 0.8587, 0.802, 0.7312, 0.7665, 0.8651, 0.6134, 0.7175, 0.7357, 0.8412, 0.7929, 0.8287, 0.8835, 0.7264, 0.8818, 0.7746]
val:   acc: 0.9148 || macc: 0.8321 || miou: 0.748 || iou: [0.8702, 0.966, 0.7103, 0.8074, 0.9144, 0.8572, 0.7534, 0.663, 0.7095, 0.7955, 0.3737, 0.6805, 0.677, 0.7561, 0.6782, 0.6194, 0.9368, 0.6869, 0.8834, 0.6215]
duration: 869.7930495738983
new best!
epoch 77:
loss: 1.1842 || cls: 0.0414
train: acc: 0.9337 || macc: 0.8833 || miou: 0.8138 || iou: [0.8887, 0.9648, 0.7917, 0.8895, 0.886, 0.8645, 0.8023, 0.7351, 0.7813, 0.8665, 0.6255, 0.7113, 0.7393, 0.8497, 0.7893, 0.8379, 0.8838, 0.7201, 0.8777, 0.7719]
val:   acc: 0.916 || macc: 0.8243 || miou: 0.744 || iou: [0.8751, 0.9647, 0.6955, 0.8157, 0.921, 0.8603, 0.7511, 0.6743, 0.672, 0.8204, 0.3355, 0.6983, 0.6656, 0.7572, 0.6254, 0.5978, 0.9348, 0.6875, 0.8808, 0.6468]
duration: 867.7474644184113
epoch 78:
loss: 1.1822 || cls: 0.0423
train: acc: 0.9348 || macc: 0.8854 || miou: 0.817 || iou: [0.8908, 0.9647, 0.7968, 0.8904, 0.8865, 0.8588, 0.8079, 0.7412, 0.7771, 0.8607, 0.6218, 0.7312, 0.7469, 0.8446, 0.7846, 0.8491, 0.8868, 0.7305, 0.8896, 0.7797]
val:   acc: 0.9114 || macc: 0.8139 || miou: 0.7361 || iou: [0.8705, 0.9648, 0.6708, 0.8054, 0.9061, 0.8238, 0.7457, 0.6653, 0.6965, 0.8178, 0.3372, 0.6869, 0.671, 0.7637, 0.6176, 0.6246, 0.9349, 0.6804, 0.8703, 0.5684]
duration: 868.0257742404938
epoch 79:
loss: 1.1802 || cls: 0.0381
train: acc: 0.9357 || macc: 0.8883 || miou: 0.821 || iou: [0.8917, 0.9645, 0.7975, 0.8927, 0.8872, 0.8657, 0.8107, 0.747, 0.7743, 0.8682, 0.6468, 0.7225, 0.758, 0.8612, 0.801, 0.8502, 0.8862, 0.7281, 0.886, 0.7804]
val:   acc: 0.9149 || macc: 0.8028 || miou: 0.7313 || iou: [0.8705, 0.9653, 0.699, 0.8141, 0.9207, 0.8497, 0.7574, 0.6907, 0.6496, 0.8216, 0.3411, 0.574, 0.6928, 0.737, 0.588, 0.5519, 0.9196, 0.6825, 0.8761, 0.6253]
duration: 867.7685611248016
epoch 80:
loss: 1.1786 || cls: 0.0383
train: acc: 0.9365 || macc: 0.8885 || miou: 0.8212 || iou: [0.8933, 0.9649, 0.8025, 0.8903, 0.8884, 0.8631, 0.8166, 0.7477, 0.7835, 0.8657, 0.644, 0.7306, 0.7593, 0.8516, 0.8003, 0.8265, 0.8889, 0.7321, 0.8799, 0.7946]
val:   acc: 0.9145 || macc: 0.8137 || miou: 0.7426 || iou: [0.8666, 0.9652, 0.7076, 0.8096, 0.9171, 0.8455, 0.7642, 0.6499, 0.6763, 0.8197, 0.3658, 0.6607, 0.6814, 0.7568, 0.6112, 0.6304, 0.9404, 0.6797, 0.881, 0.623]
duration: 869.3159503936768
epoch 81:
loss: 1.1752 || cls: 0.0335
train: acc: 0.9382 || macc: 0.8923 || miou: 0.8264 || iou: [0.8956, 0.9653, 0.8119, 0.8941, 0.8907, 0.8655, 0.8168, 0.7524, 0.7933, 0.8712, 0.6408, 0.7398, 0.7649, 0.8607, 0.8152, 0.8428, 0.8912, 0.7376, 0.8861, 0.7918]
val:   acc: 0.9155 || macc: 0.8169 || miou: 0.7404 || iou: [0.8734, 0.9652, 0.6947, 0.8032, 0.9138, 0.8187, 0.7715, 0.6782, 0.6793, 0.8178, 0.3623, 0.6049, 0.7026, 0.7742, 0.5643, 0.6492, 0.9409, 0.6771, 0.8894, 0.6269]
duration: 865.1091451644897
epoch 82:
loss: 1.172 || cls: 0.0299
train: acc: 0.9395 || macc: 0.8946 || miou: 0.8296 || iou: [0.8978, 0.9658, 0.8146, 0.8975, 0.892, 0.867, 0.8249, 0.7576, 0.7941, 0.8724, 0.6621, 0.7393, 0.7736, 0.8572, 0.8061, 0.8533, 0.8946, 0.7406, 0.8877, 0.7932]
val:   acc: 0.9185 || macc: 0.828 || miou: 0.7527 || iou: [0.8779, 0.9656, 0.7073, 0.8281, 0.9166, 0.8672, 0.7637, 0.6853, 0.7009, 0.8214, 0.3912, 0.67, 0.6859, 0.7537, 0.6629, 0.6397, 0.9378, 0.6753, 0.8752, 0.6286]
duration: 875.389374256134
new best!
epoch 83:
loss: 1.17 || cls: 0.0327
train: acc: 0.9404 || macc: 0.8967 || miou: 0.8326 || iou: [0.8986, 0.9654, 0.8142, 0.9009, 0.8954, 0.8754, 0.8276, 0.7619, 0.7945, 0.871, 0.6601, 0.7476, 0.7688, 0.8716, 0.8002, 0.8612, 0.8969, 0.74, 0.8951, 0.8053]
val:   acc: 0.9141 || macc: 0.8172 || miou: 0.7414 || iou: [0.8682, 0.9655, 0.7147, 0.8017, 0.9209, 0.8219, 0.7488, 0.6603, 0.6675, 0.814, 0.3465, 0.6893, 0.6647, 0.7536, 0.6146, 0.6284, 0.9408, 0.6896, 0.8815, 0.6353]
duration: 874.1370508670807
epoch 84:
loss: 1.1677 || cls: 0.0282
train: acc: 0.9415 || macc: 0.8989 || miou: 0.8357 || iou: [0.8991, 0.9657, 0.8187, 0.9021, 0.897, 0.8743, 0.8324, 0.7663, 0.8011, 0.8815, 0.6506, 0.7533, 0.7839, 0.8715, 0.8174, 0.8554, 0.8931, 0.7503, 0.8939, 0.8068]
val:   acc: 0.917 || macc: 0.8255 || miou: 0.7548 || iou: [0.8667, 0.9651, 0.7303, 0.8077, 0.9197, 0.861, 0.7654, 0.6684, 0.6872, 0.822, 0.3929, 0.7173, 0.6904, 0.7669, 0.6458, 0.6478, 0.9406, 0.6868, 0.8808, 0.6328]
duration: 869.6478402614594
new best!
epoch 85:
loss: 1.1648 || cls: 0.026
train: acc: 0.943 || macc: 0.9014 || miou: 0.8393 || iou: [0.9011, 0.9666, 0.8245, 0.9016, 0.9004, 0.8802, 0.8371, 0.7675, 0.8003, 0.8847, 0.6703, 0.7605, 0.7916, 0.8693, 0.8109, 0.8598, 0.897, 0.7543, 0.8928, 0.8157]
val:   acc: 0.9164 || macc: 0.8199 || miou: 0.7469 || iou: [0.8715, 0.9647, 0.7096, 0.8203, 0.9162, 0.8594, 0.7699, 0.6788, 0.6778, 0.8138, 0.3949, 0.6081, 0.6848, 0.7532, 0.6437, 0.6113, 0.9402, 0.6892, 0.8946, 0.6357]
duration: 868.4196214675903
epoch 86:
loss: 1.1636 || cls: 0.0254
train: acc: 0.9433 || macc: 0.9013 || miou: 0.8397 || iou: [0.9022, 0.9666, 0.8296, 0.9032, 0.8991, 0.8761, 0.8363, 0.7718, 0.8106, 0.8879, 0.6578, 0.7565, 0.7867, 0.8678, 0.8137, 0.8659, 0.9001, 0.7545, 0.8937, 0.8144]
val:   acc: 0.916 || macc: 0.8181 || miou: 0.7464 || iou: [0.8682, 0.9655, 0.6964, 0.8205, 0.9238, 0.8507, 0.7641, 0.6787, 0.6749, 0.8161, 0.3693, 0.6503, 0.6885, 0.7556, 0.6467, 0.6084, 0.9396, 0.6865, 0.8835, 0.64]
duration: 876.9391505718231
epoch 87:
loss: 1.162 || cls: 0.0242
train: acc: 0.9443 || macc: 0.9041 || miou: 0.843 || iou: [0.9044, 0.9667, 0.8291, 0.9027, 0.9, 0.8823, 0.8367, 0.7793, 0.8105, 0.8875, 0.6736, 0.7661, 0.7955, 0.8733, 0.8224, 0.8645, 0.9001, 0.7535, 0.8995, 0.8127]
val:   acc: 0.9176 || macc: 0.8232 || miou: 0.7514 || iou: [0.872, 0.9651, 0.717, 0.826, 0.9244, 0.8672, 0.7597, 0.6788, 0.6739, 0.8131, 0.3734, 0.6905, 0.6764, 0.7486, 0.6699, 0.6117, 0.9437, 0.6971, 0.8776, 0.6419]
duration: 891.0031502246857
epoch 88:
loss: 1.1599 || cls: 0.0213
train: acc: 0.9451 || macc: 0.9058 || miou: 0.8457 || iou: [0.9045, 0.9669, 0.8346, 0.9061, 0.9029, 0.8887, 0.8404, 0.7797, 0.8131, 0.8883, 0.676, 0.7697, 0.7911, 0.8813, 0.8213, 0.8761, 0.9013, 0.7553, 0.8983, 0.8191]
val:   acc: 0.919 || macc: 0.8237 || miou: 0.7542 || iou: [0.8734, 0.9656, 0.7264, 0.8307, 0.9236, 0.8486, 0.7728, 0.6784, 0.6772, 0.8302, 0.366, 0.6903, 0.6881, 0.7643, 0.6722, 0.6217, 0.9442, 0.6906, 0.8768, 0.6426]
duration: 893.8549587726593
epoch 89:
loss: 1.1569 || cls: 0.0211
train: acc: 0.9466 || macc: 0.9076 || miou: 0.8489 || iou: [0.9079, 0.967, 0.8377, 0.9095, 0.9038, 0.8874, 0.8449, 0.7847, 0.8231, 0.8921, 0.6813, 0.7759, 0.7977, 0.8868, 0.8288, 0.8714, 0.9046, 0.7562, 0.894, 0.8231]
val:   acc: 0.9184 || macc: 0.8228 || miou: 0.7539 || iou: [0.8705, 0.9655, 0.7193, 0.8332, 0.9254, 0.8731, 0.767, 0.6852, 0.6727, 0.8199, 0.3571, 0.6883, 0.6867, 0.7692, 0.6608, 0.624, 0.9441, 0.689, 0.8841, 0.6433]
duration: 893.5781357288361
epoch 90:
loss: 1.1575 || cls: 0.019
train: acc: 0.9462 || macc: 0.9089 || miou: 0.8501 || iou: [0.9067, 0.9671, 0.8343, 0.9094, 0.9025, 0.8865, 0.8452, 0.7821, 0.8182, 0.894, 0.6944, 0.7791, 0.8001, 0.8872, 0.8339, 0.8823, 0.9015, 0.7599, 0.8962, 0.8206]
val:   acc: 0.9198 || macc: 0.8246 || miou: 0.7554 || iou: [0.8754, 0.965, 0.7208, 0.8221, 0.9232, 0.867, 0.7717, 0.6934, 0.7063, 0.8185, 0.3345, 0.7085, 0.688, 0.7699, 0.6524, 0.6409, 0.9464, 0.6825, 0.885, 0.6374]
duration: 891.98073554039
new best!
epoch 91:
loss: 1.1554 || cls: 0.017
train: acc: 0.9472 || macc: 0.9091 || miou: 0.8511 || iou: [0.9084, 0.9668, 0.8419, 0.9106, 0.9042, 0.8967, 0.8471, 0.7909, 0.8169, 0.8948, 0.6809, 0.7748, 0.805, 0.8825, 0.839, 0.8706, 0.904, 0.7621, 0.898, 0.8267]
val:   acc: 0.9187 || macc: 0.8256 || miou: 0.7545 || iou: [0.8734, 0.9657, 0.7198, 0.8165, 0.9239, 0.8767, 0.7705, 0.6738, 0.6986, 0.8196, 0.3743, 0.6938, 0.6907, 0.7551, 0.6654, 0.6186, 0.9439, 0.688, 0.8881, 0.6339]
duration: 891.2034404277802
epoch 92:
loss: 1.1542 || cls: 0.0165
train: acc: 0.9479 || macc: 0.91 || miou: 0.8519 || iou: [0.9098, 0.9671, 0.8425, 0.9093, 0.9046, 0.8961, 0.8507, 0.7928, 0.816, 0.8941, 0.6874, 0.7811, 0.8044, 0.885, 0.8211, 0.8813, 0.9036, 0.7621, 0.9033, 0.8262]
val:   acc: 0.9185 || macc: 0.8233 || miou: 0.7531 || iou: [0.8723, 0.9654, 0.7231, 0.8195, 0.921, 0.8646, 0.7681, 0.6833, 0.691, 0.8148, 0.3539, 0.6995, 0.6856, 0.7653, 0.6592, 0.6178, 0.9431, 0.687, 0.8861, 0.6409]
duration: 891.5201468467712
epoch 93:
loss: 1.1537 || cls: 0.0155
train: acc: 0.9481 || macc: 0.9095 || miou: 0.8517 || iou: [0.9093, 0.9677, 0.8458, 0.9099, 0.9057, 0.8939, 0.8548, 0.7902, 0.8287, 0.892, 0.6762, 0.7701, 0.8069, 0.8852, 0.8241, 0.8757, 0.9017, 0.7621, 0.9037, 0.8302]
val:   acc: 0.9181 || macc: 0.8255 || miou: 0.753 || iou: [0.8716, 0.965, 0.7215, 0.8169, 0.9198, 0.8667, 0.7623, 0.6806, 0.7031, 0.8205, 0.3666, 0.6931, 0.6829, 0.7544, 0.6703, 0.6161, 0.9421, 0.6849, 0.8842, 0.6381]
duration: 895.6402926445007
epoch 94:
loss: 1.1547 || cls: 0.0145
train: acc: 0.9477 || macc: 0.9098 || miou: 0.852 || iou: [0.9091, 0.9675, 0.8412, 0.9103, 0.9043, 0.8888, 0.8502, 0.7879, 0.8247, 0.8935, 0.687, 0.7786, 0.8079, 0.8861, 0.8414, 0.8649, 0.9066, 0.7613, 0.8987, 0.8299]
val:   acc: 0.9186 || macc: 0.8291 || miou: 0.7578 || iou: [0.8719, 0.9654, 0.7206, 0.8152, 0.9234, 0.8575, 0.7674, 0.685, 0.6892, 0.8237, 0.3803, 0.6975, 0.6855, 0.7647, 0.6799, 0.6474, 0.9467, 0.6997, 0.8941, 0.6407]
duration: 887.0002579689026
new best!
epoch 95:
loss: 1.1529 || cls: 0.0139
train: acc: 0.9484 || macc: 0.9122 || miou: 0.8554 || iou: [0.9106, 0.9674, 0.8426, 0.911, 0.9049, 0.8919, 0.8508, 0.7953, 0.8199, 0.8978, 0.6961, 0.787, 0.8063, 0.8872, 0.8432, 0.8845, 0.9093, 0.7662, 0.9074, 0.8285]
val:   acc: 0.9191 || macc: 0.8262 || miou: 0.7557 || iou: [0.8747, 0.9653, 0.7305, 0.8219, 0.9191, 0.8455, 0.766, 0.6868, 0.6963, 0.828, 0.3581, 0.6906, 0.6869, 0.7615, 0.6756, 0.6362, 0.9439, 0.6995, 0.8919, 0.6358]
duration: 890.9288189411163
epoch 96:
loss: 1.1534 || cls: 0.0134
train: acc: 0.9481 || macc: 0.9122 || miou: 0.8551 || iou: [0.9099, 0.9675, 0.8486, 0.9113, 0.9044, 0.8947, 0.8523, 0.7922, 0.8222, 0.8895, 0.7047, 0.7931, 0.8031, 0.8856, 0.8379, 0.877, 0.9081, 0.7655, 0.9049, 0.8298]
val:   acc: 0.9186 || macc: 0.8235 || miou: 0.7529 || iou: [0.8742, 0.9649, 0.7256, 0.8147, 0.9203, 0.8499, 0.7649, 0.6887, 0.6952, 0.8191, 0.3621, 0.6892, 0.6854, 0.7579, 0.6579, 0.6141, 0.9459, 0.7025, 0.887, 0.6389]
duration: 890.7619068622589
epoch 97:
loss: 1.1522 || cls: 0.0129
train: acc: 0.9488 || macc: 0.9121 || miou: 0.8555 || iou: [0.9103, 0.9674, 0.8504, 0.91, 0.9085, 0.8939, 0.8561, 0.7943, 0.8262, 0.8942, 0.6836, 0.7837, 0.8122, 0.8903, 0.8354, 0.8824, 0.9078, 0.7627, 0.9092, 0.8316]
val:   acc: 0.9181 || macc: 0.8247 || miou: 0.7535 || iou: [0.8721, 0.9653, 0.7194, 0.8222, 0.9193, 0.8547, 0.7677, 0.6837, 0.6926, 0.8187, 0.351, 0.6801, 0.6828, 0.7621, 0.6882, 0.6281, 0.9449, 0.6976, 0.8856, 0.6335]
duration: 892.8909153938293
epoch 98:
loss: 1.1522 || cls: 0.0127
train: acc: 0.9488 || macc: 0.9131 || miou: 0.8564 || iou: [0.9107, 0.9674, 0.847, 0.9102, 0.9073, 0.8907, 0.8541, 0.7978, 0.827, 0.8941, 0.7051, 0.7846, 0.8111, 0.8893, 0.8376, 0.8817, 0.906, 0.7659, 0.9066, 0.8338]
val:   acc: 0.9189 || macc: 0.8262 || miou: 0.7552 || iou: [0.8744, 0.9652, 0.7215, 0.8146, 0.9214, 0.8533, 0.7741, 0.6818, 0.698, 0.8165, 0.3685, 0.6821, 0.6895, 0.7631, 0.6785, 0.6228, 0.9466, 0.7041, 0.8891, 0.6387]
duration: 894.0136280059814
epoch 99:
loss: 1.152 || cls: 0.0125
train: acc: 0.9489 || macc: 0.9126 || miou: 0.8566 || iou: [0.9104, 0.9672, 0.8452, 0.913, 0.9067, 0.8925, 0.856, 0.7968, 0.8269, 0.8988, 0.6945, 0.7876, 0.8149, 0.896, 0.8379, 0.88, 0.9057, 0.7623, 0.9065, 0.8337]
val:   acc: 0.9186 || macc: 0.8263 || miou: 0.7553 || iou: [0.8728, 0.9652, 0.7171, 0.8122, 0.9189, 0.8533, 0.7719, 0.6884, 0.7009, 0.8225, 0.3696, 0.6993, 0.6898, 0.7624, 0.6703, 0.6236, 0.9483, 0.6975, 0.8879, 0.6343]
duration: 894.0336565971375


test:  acc: 0.9141 || macc: 0.8244 || miou: 0.7536 || iou: [0.8667, 0.956, 0.7186, 0.8053, 0.9202, 0.8459, 0.7683, 0.6982, 0.7053, 0.8249, 0.3566, 0.6976, 0.6898, 0.7659, 0.6593, 0.6401, 0.9436, 0.6966, 0.879, 0.6336]
